2023-03-29 20:21:56,414 - __main__ - INFO - Testing for participant 1.
Programming starts in 2 process(es)
pixdim[0] (qfac) should be 1 (default) or -1; setting qfac to 1
2023-03-29 20:21:56,437 - nibabel.global - INFO - pixdim[0] (qfac) should be 1 (default) or -1; setting qfac to 1
2023-03-29 20:21:56,447 - brainiak.fcma.preprocessing - INFO - start to apply masks and separate epochs
pixdim[0] (qfac) should be 1 (default) or -1; setting qfac to 1
2023-03-29 20:22:10,068 - nibabel.global - INFO - pixdim[0] (qfac) should be 1 (default) or -1; setting qfac to 1
2023-03-29 20:22:10,196 - brainiak.fcma.preprocessing - INFO - data broadcasting done, takes 5.85 s
2023-03-29 20:22:10,201 - brainiak.fcma.voxelselector - INFO - Master at rank 0 starts to allocate tasks
2023-03-29 20:22:11,503 - brainiak.fcma.voxelselector - INFO - in rank 1, task 0 takes 1.30 s
2023-03-29 20:22:12,803 - brainiak.fcma.voxelselector - INFO - in rank 1, task 1 takes 1.30 s
2023-03-29 20:22:14,099 - brainiak.fcma.voxelselector - INFO - in rank 1, task 2 takes 1.30 s
2023-03-29 20:22:15,402 - brainiak.fcma.voxelselector - INFO - in rank 1, task 3 takes 1.30 s
2023-03-29 20:22:16,707 - brainiak.fcma.voxelselector - INFO - in rank 1, task 4 takes 1.30 s
2023-03-29 20:22:18,002 - brainiak.fcma.voxelselector - INFO - in rank 1, task 5 takes 1.29 s
2023-03-29 20:22:19,302 - brainiak.fcma.voxelselector - INFO - in rank 1, task 6 takes 1.30 s
2023-03-29 20:22:20,599 - brainiak.fcma.voxelselector - INFO - in rank 1, task 7 takes 1.30 s
2023-03-29 20:22:21,895 - brainiak.fcma.voxelselector - INFO - in rank 1, task 8 takes 1.29 s
2023-03-29 20:22:23,190 - brainiak.fcma.voxelselector - INFO - in rank 1, task 9 takes 1.30 s
2023-03-29 20:22:24,496 - brainiak.fcma.voxelselector - INFO - in rank 1, task 10 takes 1.30 s
2023-03-29 20:22:25,792 - brainiak.fcma.voxelselector - INFO - in rank 1, task 11 takes 1.30 s
2023-03-29 20:22:27,089 - brainiak.fcma.voxelselector - INFO - in rank 1, task 12 takes 1.30 s
2023-03-29 20:22:28,388 - brainiak.fcma.voxelselector - INFO - in rank 1, task 13 takes 1.30 s
2023-03-29 20:22:29,694 - brainiak.fcma.voxelselector - INFO - in rank 1, task 14 takes 1.31 s
2023-03-29 20:22:30,992 - brainiak.fcma.voxelselector - INFO - in rank 1, task 15 takes 1.30 s
2023-03-29 20:22:32,289 - brainiak.fcma.voxelselector - INFO - in rank 1, task 16 takes 1.30 s
2023-03-29 20:22:33,588 - brainiak.fcma.voxelselector - INFO - in rank 1, task 17 takes 1.30 s
2023-03-29 20:22:34,884 - brainiak.fcma.voxelselector - INFO - in rank 1, task 18 takes 1.30 s
2023-03-29 20:22:36,142 - brainiak.fcma.voxelselector - INFO - in rank 1, task 19 takes 1.26 s
2023-03-29 20:22:37,402 - brainiak.fcma.voxelselector - INFO - in rank 1, task 20 takes 1.26 s
2023-03-29 20:22:38,668 - brainiak.fcma.voxelselector - INFO - in rank 1, task 21 takes 1.27 s
2023-03-29 20:22:39,927 - brainiak.fcma.voxelselector - INFO - in rank 1, task 22 takes 1.26 s
2023-03-29 20:22:41,188 - brainiak.fcma.voxelselector - INFO - in rank 1, task 23 takes 1.26 s
2023-03-29 20:22:42,449 - brainiak.fcma.voxelselector - INFO - in rank 1, task 24 takes 1.26 s
2023-03-29 20:22:43,710 - brainiak.fcma.voxelselector - INFO - in rank 1, task 25 takes 1.26 s
2023-03-29 20:22:44,969 - brainiak.fcma.voxelselector - INFO - in rank 1, task 26 takes 1.26 s
2023-03-29 20:22:46,231 - brainiak.fcma.voxelselector - INFO - in rank 1, task 27 takes 1.26 s
2023-03-29 20:22:47,491 - brainiak.fcma.voxelselector - INFO - in rank 1, task 28 takes 1.26 s
2023-03-29 20:22:48,753 - brainiak.fcma.voxelselector - INFO - in rank 1, task 29 takes 1.26 s
2023-03-29 20:22:50,025 - brainiak.fcma.voxelselector - INFO - in rank 1, task 30 takes 1.27 s
2023-03-29 20:22:51,285 - brainiak.fcma.voxelselector - INFO - in rank 1, task 31 takes 1.26 s
2023-03-29 20:22:52,546 - brainiak.fcma.voxelselector - INFO - in rank 1, task 32 takes 1.26 s
2023-03-29 20:22:53,807 - brainiak.fcma.voxelselector - INFO - in rank 1, task 33 takes 1.26 s
2023-03-29 20:22:55,068 - brainiak.fcma.voxelselector - INFO - in rank 1, task 34 takes 1.26 s
2023-03-29 20:22:56,328 - brainiak.fcma.voxelselector - INFO - in rank 1, task 35 takes 1.26 s
2023-03-29 20:22:57,589 - brainiak.fcma.voxelselector - INFO - in rank 1, task 36 takes 1.26 s
2023-03-29 20:22:58,851 - brainiak.fcma.voxelselector - INFO - in rank 1, task 37 takes 1.26 s
2023-03-29 20:23:00,111 - brainiak.fcma.voxelselector - INFO - in rank 1, task 38 takes 1.26 s
2023-03-29 20:23:01,371 - brainiak.fcma.voxelselector - INFO - in rank 1, task 39 takes 1.26 s
2023-03-29 20:23:02,630 - brainiak.fcma.voxelselector - INFO - in rank 1, task 40 takes 1.26 s
2023-03-29 20:23:03,893 - brainiak.fcma.voxelselector - INFO - in rank 1, task 41 takes 1.26 s
2023-03-29 20:23:05,150 - brainiak.fcma.voxelselector - INFO - in rank 1, task 42 takes 1.26 s
2023-03-29 20:23:06,410 - brainiak.fcma.voxelselector - INFO - in rank 1, task 43 takes 1.26 s
2023-03-29 20:23:07,670 - brainiak.fcma.voxelselector - INFO - in rank 1, task 44 takes 1.26 s
2023-03-29 20:23:08,931 - brainiak.fcma.voxelselector - INFO - in rank 1, task 45 takes 1.26 s
2023-03-29 20:23:10,193 - brainiak.fcma.voxelselector - INFO - in rank 1, task 46 takes 1.26 s
2023-03-29 20:23:11,455 - brainiak.fcma.voxelselector - INFO - in rank 1, task 47 takes 1.26 s
2023-03-29 20:23:12,717 - brainiak.fcma.voxelselector - INFO - in rank 1, task 48 takes 1.26 s
2023-03-29 20:23:13,976 - brainiak.fcma.voxelselector - INFO - in rank 1, task 49 takes 1.26 s
2023-03-29 20:23:15,235 - brainiak.fcma.voxelselector - INFO - in rank 1, task 50 takes 1.26 s
2023-03-29 20:23:16,497 - brainiak.fcma.voxelselector - INFO - in rank 1, task 51 takes 1.26 s
2023-03-29 20:23:17,759 - brainiak.fcma.voxelselector - INFO - in rank 1, task 52 takes 1.26 s
2023-03-29 20:23:19,017 - brainiak.fcma.voxelselector - INFO - in rank 1, task 53 takes 1.26 s
2023-03-29 20:23:20,277 - brainiak.fcma.voxelselector - INFO - in rank 1, task 54 takes 1.26 s
2023-03-29 20:23:21,546 - brainiak.fcma.voxelselector - INFO - in rank 1, task 55 takes 1.27 s
2023-03-29 20:23:22,808 - brainiak.fcma.voxelselector - INFO - in rank 1, task 56 takes 1.26 s
2023-03-29 20:23:24,071 - brainiak.fcma.voxelselector - INFO - in rank 1, task 57 takes 1.26 s
2023-03-29 20:23:25,332 - brainiak.fcma.voxelselector - INFO - in rank 1, task 58 takes 1.26 s
2023-03-29 20:23:26,594 - brainiak.fcma.voxelselector - INFO - in rank 1, task 59 takes 1.26 s
2023-03-29 20:23:27,853 - brainiak.fcma.voxelselector - INFO - in rank 1, task 60 takes 1.26 s
2023-03-29 20:23:29,113 - brainiak.fcma.voxelselector - INFO - in rank 1, task 61 takes 1.26 s
2023-03-29 20:23:30,372 - brainiak.fcma.voxelselector - INFO - in rank 1, task 62 takes 1.26 s
2023-03-29 20:23:31,631 - brainiak.fcma.voxelselector - INFO - in rank 1, task 63 takes 1.26 s
2023-03-29 20:23:32,890 - brainiak.fcma.voxelselector - INFO - in rank 1, task 64 takes 1.26 s
2023-03-29 20:23:34,151 - brainiak.fcma.voxelselector - INFO - in rank 1, task 65 takes 1.26 s
2023-03-29 20:23:35,411 - brainiak.fcma.voxelselector - INFO - in rank 1, task 66 takes 1.26 s
2023-03-29 20:23:36,671 - brainiak.fcma.voxelselector - INFO - in rank 1, task 67 takes 1.26 s
2023-03-29 20:23:37,931 - brainiak.fcma.voxelselector - INFO - in rank 1, task 68 takes 1.26 s
2023-03-29 20:23:39,193 - brainiak.fcma.voxelselector - INFO - in rank 1, task 69 takes 1.26 s
2023-03-29 20:23:40,454 - brainiak.fcma.voxelselector - INFO - in rank 1, task 70 takes 1.26 s
2023-03-29 20:23:41,716 - brainiak.fcma.voxelselector - INFO - in rank 1, task 71 takes 1.26 s
2023-03-29 20:23:42,977 - brainiak.fcma.voxelselector - INFO - in rank 1, task 72 takes 1.26 s
2023-03-29 20:23:44,237 - brainiak.fcma.voxelselector - INFO - in rank 1, task 73 takes 1.26 s
2023-03-29 20:23:45,502 - brainiak.fcma.voxelselector - INFO - in rank 1, task 74 takes 1.26 s
2023-03-29 20:23:46,762 - brainiak.fcma.voxelselector - INFO - in rank 1, task 75 takes 1.26 s
2023-03-29 20:23:48,022 - brainiak.fcma.voxelselector - INFO - in rank 1, task 76 takes 1.26 s
2023-03-29 20:23:49,282 - brainiak.fcma.voxelselector - INFO - in rank 1, task 77 takes 1.26 s
2023-03-29 20:23:50,542 - brainiak.fcma.voxelselector - INFO - in rank 1, task 78 takes 1.26 s
2023-03-29 20:23:51,801 - brainiak.fcma.voxelselector - INFO - in rank 1, task 79 takes 1.26 s
2023-03-29 20:23:53,060 - brainiak.fcma.voxelselector - INFO - in rank 1, task 80 takes 1.26 s
2023-03-29 20:23:54,319 - brainiak.fcma.voxelselector - INFO - in rank 1, task 81 takes 1.26 s
2023-03-29 20:23:55,579 - brainiak.fcma.voxelselector - INFO - in rank 1, task 82 takes 1.26 s
2023-03-29 20:23:56,839 - brainiak.fcma.voxelselector - INFO - in rank 1, task 83 takes 1.26 s
2023-03-29 20:23:58,100 - brainiak.fcma.voxelselector - INFO - in rank 1, task 84 takes 1.26 s
2023-03-29 20:23:59,361 - brainiak.fcma.voxelselector - INFO - in rank 1, task 85 takes 1.26 s
2023-03-29 20:24:00,624 - brainiak.fcma.voxelselector - INFO - in rank 1, task 86 takes 1.26 s
2023-03-29 20:24:01,885 - brainiak.fcma.voxelselector - INFO - in rank 1, task 87 takes 1.26 s
2023-03-29 20:24:03,146 - brainiak.fcma.voxelselector - INFO - in rank 1, task 88 takes 1.26 s
2023-03-29 20:24:04,406 - brainiak.fcma.voxelselector - INFO - in rank 1, task 89 takes 1.26 s
2023-03-29 20:24:05,668 - brainiak.fcma.voxelselector - INFO - in rank 1, task 90 takes 1.26 s
2023-03-29 20:24:06,927 - brainiak.fcma.voxelselector - INFO - in rank 1, task 91 takes 1.26 s
2023-03-29 20:24:08,187 - brainiak.fcma.voxelselector - INFO - in rank 1, task 92 takes 1.26 s
2023-03-29 20:24:09,447 - brainiak.fcma.voxelselector - INFO - in rank 1, task 93 takes 1.26 s
2023-03-29 20:24:10,710 - brainiak.fcma.voxelselector - INFO - in rank 1, task 94 takes 1.26 s
2023-03-29 20:24:11,982 - brainiak.fcma.voxelselector - INFO - in rank 1, task 95 takes 1.27 s
2023-03-29 20:24:13,244 - brainiak.fcma.voxelselector - INFO - in rank 1, task 96 takes 1.26 s
2023-03-29 20:24:14,508 - brainiak.fcma.voxelselector - INFO - in rank 1, task 97 takes 1.26 s
2023-03-29 20:24:15,770 - brainiak.fcma.voxelselector - INFO - in rank 1, task 98 takes 1.26 s
2023-03-29 20:24:17,030 - brainiak.fcma.voxelselector - INFO - in rank 1, task 99 takes 1.26 s
2023-03-29 20:24:18,292 - brainiak.fcma.voxelselector - INFO - in rank 1, task 100 takes 1.26 s
2023-03-29 20:24:19,553 - brainiak.fcma.voxelselector - INFO - in rank 1, task 101 takes 1.26 s
2023-03-29 20:24:20,813 - brainiak.fcma.voxelselector - INFO - in rank 1, task 102 takes 1.26 s
2023-03-29 20:24:22,073 - brainiak.fcma.voxelselector - INFO - in rank 1, task 103 takes 1.26 s
2023-03-29 20:24:23,333 - brainiak.fcma.voxelselector - INFO - in rank 1, task 104 takes 1.26 s
2023-03-29 20:24:24,592 - brainiak.fcma.voxelselector - INFO - in rank 1, task 105 takes 1.26 s
2023-03-29 20:24:25,852 - brainiak.fcma.voxelselector - INFO - in rank 1, task 106 takes 1.26 s
2023-03-29 20:24:27,110 - brainiak.fcma.voxelselector - INFO - in rank 1, task 107 takes 1.26 s
2023-03-29 20:24:28,372 - brainiak.fcma.voxelselector - INFO - in rank 1, task 108 takes 1.26 s
2023-03-29 20:24:29,632 - brainiak.fcma.voxelselector - INFO - in rank 1, task 109 takes 1.26 s
2023-03-29 20:24:30,894 - brainiak.fcma.voxelselector - INFO - in rank 1, task 110 takes 1.26 s
2023-03-29 20:24:32,154 - brainiak.fcma.voxelselector - INFO - in rank 1, task 111 takes 1.26 s
2023-03-29 20:24:33,415 - brainiak.fcma.voxelselector - INFO - in rank 1, task 112 takes 1.26 s
2023-03-29 20:24:34,676 - brainiak.fcma.voxelselector - INFO - in rank 1, task 113 takes 1.26 s
2023-03-29 20:24:35,938 - brainiak.fcma.voxelselector - INFO - in rank 1, task 114 takes 1.26 s
2023-03-29 20:24:37,199 - brainiak.fcma.voxelselector - INFO - in rank 1, task 115 takes 1.26 s
2023-03-29 20:24:38,461 - brainiak.fcma.voxelselector - INFO - in rank 1, task 116 takes 1.26 s
2023-03-29 20:24:39,720 - brainiak.fcma.voxelselector - INFO - in rank 1, task 117 takes 1.26 s
2023-03-29 20:24:40,980 - brainiak.fcma.voxelselector - INFO - in rank 1, task 118 takes 1.26 s
2023-03-29 20:24:42,241 - brainiak.fcma.voxelselector - INFO - in rank 1, task 119 takes 1.26 s
2023-03-29 20:24:43,500 - brainiak.fcma.voxelselector - INFO - in rank 1, task 120 takes 1.26 s
2023-03-29 20:24:44,757 - brainiak.fcma.voxelselector - INFO - in rank 1, task 121 takes 1.26 s
2023-03-29 20:24:46,018 - brainiak.fcma.voxelselector - INFO - in rank 1, task 122 takes 1.26 s
2023-03-29 20:24:47,279 - brainiak.fcma.voxelselector - INFO - in rank 1, task 123 takes 1.26 s
2023-03-29 20:24:48,539 - brainiak.fcma.voxelselector - INFO - in rank 1, task 124 takes 1.26 s
2023-03-29 20:24:49,800 - brainiak.fcma.voxelselector - INFO - in rank 1, task 125 takes 1.26 s
2023-03-29 20:24:51,060 - brainiak.fcma.voxelselector - INFO - in rank 1, task 126 takes 1.26 s
2023-03-29 20:24:52,321 - brainiak.fcma.voxelselector - INFO - in rank 1, task 127 takes 1.26 s
2023-03-29 20:24:53,583 - brainiak.fcma.voxelselector - INFO - in rank 1, task 128 takes 1.26 s
2023-03-29 20:24:54,845 - brainiak.fcma.voxelselector - INFO - in rank 1, task 129 takes 1.26 s
2023-03-29 20:24:56,106 - brainiak.fcma.voxelselector - INFO - in rank 1, task 130 takes 1.26 s
2023-03-29 20:24:57,366 - brainiak.fcma.voxelselector - INFO - in rank 1, task 131 takes 1.26 s
2023-03-29 20:24:58,627 - brainiak.fcma.voxelselector - INFO - in rank 1, task 132 takes 1.26 s
2023-03-29 20:24:59,888 - brainiak.fcma.voxelselector - INFO - in rank 1, task 133 takes 1.26 s
2023-03-29 20:25:01,150 - brainiak.fcma.voxelselector - INFO - in rank 1, task 134 takes 1.26 s
2023-03-29 20:25:02,411 - brainiak.fcma.voxelselector - INFO - in rank 1, task 135 takes 1.26 s
2023-03-29 20:25:03,669 - brainiak.fcma.voxelselector - INFO - in rank 1, task 136 takes 1.26 s
2023-03-29 20:25:04,929 - brainiak.fcma.voxelselector - INFO - in rank 1, task 137 takes 1.26 s
2023-03-29 20:25:06,187 - brainiak.fcma.voxelselector - INFO - in rank 1, task 138 takes 1.26 s
2023-03-29 20:25:07,447 - brainiak.fcma.voxelselector - INFO - in rank 1, task 139 takes 1.26 s
2023-03-29 20:25:08,707 - brainiak.fcma.voxelselector - INFO - in rank 1, task 140 takes 1.26 s
2023-03-29 20:25:09,968 - brainiak.fcma.voxelselector - INFO - in rank 1, task 141 takes 1.26 s
2023-03-29 20:25:11,230 - brainiak.fcma.voxelselector - INFO - in rank 1, task 142 takes 1.26 s
2023-03-29 20:25:12,490 - brainiak.fcma.voxelselector - INFO - in rank 1, task 143 takes 1.26 s
2023-03-29 20:25:13,751 - brainiak.fcma.voxelselector - INFO - in rank 1, task 144 takes 1.26 s
2023-03-29 20:25:15,011 - brainiak.fcma.voxelselector - INFO - in rank 1, task 145 takes 1.26 s
2023-03-29 20:25:16,274 - brainiak.fcma.voxelselector - INFO - in rank 1, task 146 takes 1.26 s
2023-03-29 20:25:17,536 - brainiak.fcma.voxelselector - INFO - in rank 1, task 147 takes 1.26 s
2023-03-29 20:25:18,797 - brainiak.fcma.voxelselector - INFO - in rank 1, task 148 takes 1.26 s
2023-03-29 20:25:20,058 - brainiak.fcma.voxelselector - INFO - in rank 1, task 149 takes 1.26 s
2023-03-29 20:25:21,316 - brainiak.fcma.voxelselector - INFO - in rank 1, task 150 takes 1.26 s
2023-03-29 20:25:22,576 - brainiak.fcma.voxelselector - INFO - in rank 1, task 151 takes 1.26 s
2023-03-29 20:25:23,847 - brainiak.fcma.voxelselector - INFO - in rank 1, task 152 takes 1.27 s
2023-03-29 20:25:25,108 - brainiak.fcma.voxelselector - INFO - in rank 1, task 153 takes 1.26 s
2023-03-29 20:25:26,369 - brainiak.fcma.voxelselector - INFO - in rank 1, task 154 takes 1.26 s
2023-03-29 20:25:27,632 - brainiak.fcma.voxelselector - INFO - in rank 1, task 155 takes 1.26 s
2023-03-29 20:25:28,893 - brainiak.fcma.voxelselector - INFO - in rank 1, task 156 takes 1.26 s
2023-03-29 20:25:30,155 - brainiak.fcma.voxelselector - INFO - in rank 1, task 157 takes 1.26 s
2023-03-29 20:25:31,416 - brainiak.fcma.voxelselector - INFO - in rank 1, task 158 takes 1.26 s
2023-03-29 20:25:32,676 - brainiak.fcma.voxelselector - INFO - in rank 1, task 159 takes 1.26 s
2023-03-29 20:25:33,937 - brainiak.fcma.voxelselector - INFO - in rank 1, task 160 takes 1.26 s
2023-03-29 20:25:35,198 - brainiak.fcma.voxelselector - INFO - in rank 1, task 161 takes 1.26 s
2023-03-29 20:25:36,461 - brainiak.fcma.voxelselector - INFO - in rank 1, task 162 takes 1.26 s
2023-03-29 20:25:37,721 - brainiak.fcma.voxelselector - INFO - in rank 1, task 163 takes 1.26 s
2023-03-29 20:25:38,982 - brainiak.fcma.voxelselector - INFO - in rank 1, task 164 takes 1.26 s
2023-03-29 20:25:40,242 - brainiak.fcma.voxelselector - INFO - in rank 1, task 165 takes 1.26 s
2023-03-29 20:25:41,501 - brainiak.fcma.voxelselector - INFO - in rank 1, task 166 takes 1.26 s
2023-03-29 20:25:42,762 - brainiak.fcma.voxelselector - INFO - in rank 1, task 167 takes 1.26 s
2023-03-29 20:25:44,024 - brainiak.fcma.voxelselector - INFO - in rank 1, task 168 takes 1.26 s
2023-03-29 20:25:45,286 - brainiak.fcma.voxelselector - INFO - in rank 1, task 169 takes 1.26 s
2023-03-29 20:25:46,547 - brainiak.fcma.voxelselector - INFO - in rank 1, task 170 takes 1.26 s
2023-03-29 20:25:47,808 - brainiak.fcma.voxelselector - INFO - in rank 1, task 171 takes 1.26 s
2023-03-29 20:25:49,068 - brainiak.fcma.voxelselector - INFO - in rank 1, task 172 takes 1.26 s
2023-03-29 20:25:50,328 - brainiak.fcma.voxelselector - INFO - in rank 1, task 173 takes 1.26 s
2023-03-29 20:25:51,590 - brainiak.fcma.voxelselector - INFO - in rank 1, task 174 takes 1.26 s
2023-03-29 20:25:52,853 - brainiak.fcma.voxelselector - INFO - in rank 1, task 175 takes 1.26 s
2023-03-29 20:25:54,114 - brainiak.fcma.voxelselector - INFO - in rank 1, task 176 takes 1.26 s
2023-03-29 20:25:55,376 - brainiak.fcma.voxelselector - INFO - in rank 1, task 177 takes 1.26 s
2023-03-29 20:25:56,637 - brainiak.fcma.voxelselector - INFO - in rank 1, task 178 takes 1.26 s
2023-03-29 20:25:57,901 - brainiak.fcma.voxelselector - INFO - in rank 1, task 179 takes 1.26 s
2023-03-29 20:25:59,160 - brainiak.fcma.voxelselector - INFO - in rank 1, task 180 takes 1.26 s
2023-03-29 20:26:00,422 - brainiak.fcma.voxelselector - INFO - in rank 1, task 181 takes 1.26 s
2023-03-29 20:26:01,683 - brainiak.fcma.voxelselector - INFO - in rank 1, task 182 takes 1.26 s
2023-03-29 20:26:02,943 - brainiak.fcma.voxelselector - INFO - in rank 1, task 183 takes 1.26 s
2023-03-29 20:26:04,204 - brainiak.fcma.voxelselector - INFO - in rank 1, task 184 takes 1.26 s
2023-03-29 20:26:05,464 - brainiak.fcma.voxelselector - INFO - in rank 1, task 185 takes 1.26 s
2023-03-29 20:26:06,725 - brainiak.fcma.voxelselector - INFO - in rank 1, task 186 takes 1.26 s
2023-03-29 20:26:07,986 - brainiak.fcma.voxelselector - INFO - in rank 1, task 187 takes 1.26 s
2023-03-29 20:26:09,248 - brainiak.fcma.voxelselector - INFO - in rank 1, task 188 takes 1.26 s
2023-03-29 20:26:10,509 - brainiak.fcma.voxelselector - INFO - in rank 1, task 189 takes 1.26 s
2023-03-29 20:26:11,772 - brainiak.fcma.voxelselector - INFO - in rank 1, task 190 takes 1.26 s
2023-03-29 20:26:13,034 - brainiak.fcma.voxelselector - INFO - in rank 1, task 191 takes 1.26 s
2023-03-29 20:26:14,297 - brainiak.fcma.voxelselector - INFO - in rank 1, task 192 takes 1.26 s
2023-03-29 20:26:15,560 - brainiak.fcma.voxelselector - INFO - in rank 1, task 193 takes 1.26 s
2023-03-29 20:26:16,821 - brainiak.fcma.voxelselector - INFO - in rank 1, task 194 takes 1.26 s
2023-03-29 20:26:18,080 - brainiak.fcma.voxelselector - INFO - in rank 1, task 195 takes 1.26 s
2023-03-29 20:26:19,339 - brainiak.fcma.voxelselector - INFO - in rank 1, task 196 takes 1.26 s
2023-03-29 20:26:20,600 - brainiak.fcma.voxelselector - INFO - in rank 1, task 197 takes 1.26 s
2023-03-29 20:26:21,860 - brainiak.fcma.voxelselector - INFO - in rank 1, task 198 takes 1.26 s
2023-03-29 20:26:23,120 - brainiak.fcma.voxelselector - INFO - in rank 1, task 199 takes 1.26 s
2023-03-29 20:26:24,382 - brainiak.fcma.voxelselector - INFO - in rank 1, task 200 takes 1.26 s
2023-03-29 20:26:25,644 - brainiak.fcma.voxelselector - INFO - in rank 1, task 201 takes 1.26 s
2023-03-29 20:26:26,904 - brainiak.fcma.voxelselector - INFO - in rank 1, task 202 takes 1.26 s
2023-03-29 20:26:28,164 - brainiak.fcma.voxelselector - INFO - in rank 1, task 203 takes 1.26 s
2023-03-29 20:26:29,426 - brainiak.fcma.voxelselector - INFO - in rank 1, task 204 takes 1.26 s
2023-03-29 20:26:30,688 - brainiak.fcma.voxelselector - INFO - in rank 1, task 205 takes 1.26 s
2023-03-29 20:26:31,949 - brainiak.fcma.voxelselector - INFO - in rank 1, task 206 takes 1.26 s
2023-03-29 20:26:33,210 - brainiak.fcma.voxelselector - INFO - in rank 1, task 207 takes 1.26 s
2023-03-29 20:26:34,471 - brainiak.fcma.voxelselector - INFO - in rank 1, task 208 takes 1.26 s
2023-03-29 20:26:35,743 - brainiak.fcma.voxelselector - INFO - in rank 1, task 209 takes 1.27 s
2023-03-29 20:26:37,003 - brainiak.fcma.voxelselector - INFO - in rank 1, task 210 takes 1.26 s
2023-03-29 20:26:38,260 - brainiak.fcma.voxelselector - INFO - in rank 1, task 211 takes 1.26 s
2023-03-29 20:26:39,521 - brainiak.fcma.voxelselector - INFO - in rank 1, task 212 takes 1.26 s
2023-03-29 20:26:40,779 - brainiak.fcma.voxelselector - INFO - in rank 1, task 213 takes 1.26 s
2023-03-29 20:26:42,040 - brainiak.fcma.voxelselector - INFO - in rank 1, task 214 takes 1.26 s
2023-03-29 20:26:43,300 - brainiak.fcma.voxelselector - INFO - in rank 1, task 215 takes 1.26 s
2023-03-29 20:26:44,563 - brainiak.fcma.voxelselector - INFO - in rank 1, task 216 takes 1.26 s
2023-03-29 20:26:45,823 - brainiak.fcma.voxelselector - INFO - in rank 1, task 217 takes 1.26 s
2023-03-29 20:26:47,086 - brainiak.fcma.voxelselector - INFO - in rank 1, task 218 takes 1.26 s
2023-03-29 20:26:48,348 - brainiak.fcma.voxelselector - INFO - in rank 1, task 219 takes 1.26 s
2023-03-29 20:26:49,609 - brainiak.fcma.voxelselector - INFO - in rank 1, task 220 takes 1.26 s
2023-03-29 20:26:50,871 - brainiak.fcma.voxelselector - INFO - in rank 1, task 221 takes 1.26 s
2023-03-29 20:26:52,133 - brainiak.fcma.voxelselector - INFO - in rank 1, task 222 takes 1.26 s
2023-03-29 20:26:53,394 - brainiak.fcma.voxelselector - INFO - in rank 1, task 223 takes 1.26 s
2023-03-29 20:26:54,656 - brainiak.fcma.voxelselector - INFO - in rank 1, task 224 takes 1.26 s
2023-03-29 20:26:55,917 - brainiak.fcma.voxelselector - INFO - in rank 1, task 225 takes 1.26 s
2023-03-29 20:26:57,175 - brainiak.fcma.voxelselector - INFO - in rank 1, task 226 takes 1.26 s
2023-03-29 20:26:58,433 - brainiak.fcma.voxelselector - INFO - in rank 1, task 227 takes 1.26 s
2023-03-29 20:26:59,693 - brainiak.fcma.voxelselector - INFO - in rank 1, task 228 takes 1.26 s
2023-03-29 20:27:00,952 - brainiak.fcma.voxelselector - INFO - in rank 1, task 229 takes 1.26 s
2023-03-29 20:27:02,213 - brainiak.fcma.voxelselector - INFO - in rank 1, task 230 takes 1.26 s
2023-03-29 20:27:03,472 - brainiak.fcma.voxelselector - INFO - in rank 1, task 231 takes 1.26 s
2023-03-29 20:27:04,732 - brainiak.fcma.voxelselector - INFO - in rank 1, task 232 takes 1.26 s
2023-03-29 20:27:05,993 - brainiak.fcma.voxelselector - INFO - in rank 1, task 233 takes 1.26 s
2023-03-29 20:27:07,254 - brainiak.fcma.voxelselector - INFO - in rank 1, task 234 takes 1.26 s
2023-03-29 20:27:08,515 - brainiak.fcma.voxelselector - INFO - in rank 1, task 235 takes 1.26 s
2023-03-29 20:27:09,780 - brainiak.fcma.voxelselector - INFO - in rank 1, task 236 takes 1.26 s
2023-03-29 20:27:11,041 - brainiak.fcma.voxelselector - INFO - in rank 1, task 237 takes 1.26 s
2023-03-29 20:27:12,302 - brainiak.fcma.voxelselector - INFO - in rank 1, task 238 takes 1.26 s
2023-03-29 20:27:13,563 - brainiak.fcma.voxelselector - INFO - in rank 1, task 239 takes 1.26 s
2023-03-29 20:27:14,824 - brainiak.fcma.voxelselector - INFO - in rank 1, task 240 takes 1.26 s
2023-03-29 20:27:16,085 - brainiak.fcma.voxelselector - INFO - in rank 1, task 241 takes 1.26 s
2023-03-29 20:27:17,341 - brainiak.fcma.voxelselector - INFO - in rank 1, task 242 takes 1.26 s
2023-03-29 20:27:18,599 - brainiak.fcma.voxelselector - INFO - in rank 1, task 243 takes 1.26 s
2023-03-29 20:27:19,860 - brainiak.fcma.voxelselector - INFO - in rank 1, task 244 takes 1.26 s
2023-03-29 20:27:21,120 - brainiak.fcma.voxelselector - INFO - in rank 1, task 245 takes 1.26 s
2023-03-29 20:27:22,380 - brainiak.fcma.voxelselector - INFO - in rank 1, task 246 takes 1.26 s
2023-03-29 20:27:23,639 - brainiak.fcma.voxelselector - INFO - in rank 1, task 247 takes 1.26 s
2023-03-29 20:27:24,900 - brainiak.fcma.voxelselector - INFO - in rank 1, task 248 takes 1.26 s
2023-03-29 20:27:26,160 - brainiak.fcma.voxelselector - INFO - in rank 1, task 249 takes 1.26 s
2023-03-29 20:27:27,422 - brainiak.fcma.voxelselector - INFO - in rank 1, task 250 takes 1.26 s
2023-03-29 20:27:28,685 - brainiak.fcma.voxelselector - INFO - in rank 1, task 251 takes 1.26 s
2023-03-29 20:27:29,945 - brainiak.fcma.voxelselector - INFO - in rank 1, task 252 takes 1.26 s
2023-03-29 20:27:31,208 - brainiak.fcma.voxelselector - INFO - in rank 1, task 253 takes 1.26 s
2023-03-29 20:27:32,469 - brainiak.fcma.voxelselector - INFO - in rank 1, task 254 takes 1.26 s
2023-03-29 20:27:33,729 - brainiak.fcma.voxelselector - INFO - in rank 1, task 255 takes 1.26 s
2023-03-29 20:27:34,988 - brainiak.fcma.voxelselector - INFO - in rank 1, task 256 takes 1.26 s
2023-03-29 20:27:36,247 - brainiak.fcma.voxelselector - INFO - in rank 1, task 257 takes 1.26 s
2023-03-29 20:27:37,503 - brainiak.fcma.voxelselector - INFO - in rank 1, task 258 takes 1.26 s
2023-03-29 20:27:38,762 - brainiak.fcma.voxelselector - INFO - in rank 1, task 259 takes 1.26 s
2023-03-29 20:27:40,021 - brainiak.fcma.voxelselector - INFO - in rank 1, task 260 takes 1.26 s
2023-03-29 20:27:41,280 - brainiak.fcma.voxelselector - INFO - in rank 1, task 261 takes 1.26 s
2023-03-29 20:27:42,538 - brainiak.fcma.voxelselector - INFO - in rank 1, task 262 takes 1.26 s
2023-03-29 20:27:43,798 - brainiak.fcma.voxelselector - INFO - in rank 1, task 263 takes 1.26 s
2023-03-29 20:27:45,058 - brainiak.fcma.voxelselector - INFO - in rank 1, task 264 takes 1.26 s
2023-03-29 20:27:46,317 - brainiak.fcma.voxelselector - INFO - in rank 1, task 265 takes 1.26 s
2023-03-29 20:27:47,586 - brainiak.fcma.voxelselector - INFO - in rank 1, task 266 takes 1.27 s
2023-03-29 20:27:48,847 - brainiak.fcma.voxelselector - INFO - in rank 1, task 267 takes 1.26 s
2023-03-29 20:27:50,106 - brainiak.fcma.voxelselector - INFO - in rank 1, task 268 takes 1.26 s
2023-03-29 20:27:51,367 - brainiak.fcma.voxelselector - INFO - in rank 1, task 269 takes 1.26 s
2023-03-29 20:27:52,626 - brainiak.fcma.voxelselector - INFO - in rank 1, task 270 takes 1.26 s
2023-03-29 20:27:53,885 - brainiak.fcma.voxelselector - INFO - in rank 1, task 271 takes 1.26 s
2023-03-29 20:27:55,144 - brainiak.fcma.voxelselector - INFO - in rank 1, task 272 takes 1.26 s
2023-03-29 20:27:56,401 - brainiak.fcma.voxelselector - INFO - in rank 1, task 273 takes 1.26 s
2023-03-29 20:27:57,659 - brainiak.fcma.voxelselector - INFO - in rank 1, task 274 takes 1.26 s
2023-03-29 20:27:58,916 - brainiak.fcma.voxelselector - INFO - in rank 1, task 275 takes 1.26 s
2023-03-29 20:28:00,177 - brainiak.fcma.voxelselector - INFO - in rank 1, task 276 takes 1.26 s
2023-03-29 20:28:01,436 - brainiak.fcma.voxelselector - INFO - in rank 1, task 277 takes 1.26 s
2023-03-29 20:28:02,696 - brainiak.fcma.voxelselector - INFO - in rank 1, task 278 takes 1.26 s
2023-03-29 20:28:03,956 - brainiak.fcma.voxelselector - INFO - in rank 1, task 279 takes 1.26 s
2023-03-29 20:28:05,216 - brainiak.fcma.voxelselector - INFO - in rank 1, task 280 takes 1.26 s
2023-03-29 20:28:06,475 - brainiak.fcma.voxelselector - INFO - in rank 1, task 281 takes 1.26 s
2023-03-29 20:28:07,734 - brainiak.fcma.voxelselector - INFO - in rank 1, task 282 takes 1.26 s
2023-03-29 20:28:08,993 - brainiak.fcma.voxelselector - INFO - in rank 1, task 283 takes 1.26 s
2023-03-29 20:28:10,252 - brainiak.fcma.voxelselector - INFO - in rank 1, task 284 takes 1.26 s
2023-03-29 20:28:11,514 - brainiak.fcma.voxelselector - INFO - in rank 1, task 285 takes 1.26 s
2023-03-29 20:28:12,775 - brainiak.fcma.voxelselector - INFO - in rank 1, task 286 takes 1.26 s
2023-03-29 20:28:14,034 - brainiak.fcma.voxelselector - INFO - in rank 1, task 287 takes 1.26 s
2023-03-29 20:28:15,293 - brainiak.fcma.voxelselector - INFO - in rank 1, task 288 takes 1.26 s
2023-03-29 20:28:16,550 - brainiak.fcma.voxelselector - INFO - in rank 1, task 289 takes 1.26 s
2023-03-29 20:28:17,810 - brainiak.fcma.voxelselector - INFO - in rank 1, task 290 takes 1.26 s
2023-03-29 20:28:19,071 - brainiak.fcma.voxelselector - INFO - in rank 1, task 291 takes 1.26 s
2023-03-29 20:28:20,332 - brainiak.fcma.voxelselector - INFO - in rank 1, task 292 takes 1.26 s
2023-03-29 20:28:21,595 - brainiak.fcma.voxelselector - INFO - in rank 1, task 293 takes 1.26 s
2023-03-29 20:28:22,855 - brainiak.fcma.voxelselector - INFO - in rank 1, task 294 takes 1.26 s
2023-03-29 20:28:24,119 - brainiak.fcma.voxelselector - INFO - in rank 1, task 295 takes 1.26 s
2023-03-29 20:28:25,381 - brainiak.fcma.voxelselector - INFO - in rank 1, task 296 takes 1.26 s
2023-03-29 20:28:26,642 - brainiak.fcma.voxelselector - INFO - in rank 1, task 297 takes 1.26 s
2023-03-29 20:28:27,902 - brainiak.fcma.voxelselector - INFO - in rank 1, task 298 takes 1.26 s
2023-03-29 20:28:29,162 - brainiak.fcma.voxelselector - INFO - in rank 1, task 299 takes 1.26 s
2023-03-29 20:28:30,424 - brainiak.fcma.voxelselector - INFO - in rank 1, task 300 takes 1.26 s
2023-03-29 20:28:31,685 - brainiak.fcma.voxelselector - INFO - in rank 1, task 301 takes 1.26 s
2023-03-29 20:28:32,946 - brainiak.fcma.voxelselector - INFO - in rank 1, task 302 takes 1.26 s
2023-03-29 20:28:34,207 - brainiak.fcma.voxelselector - INFO - in rank 1, task 303 takes 1.26 s
2023-03-29 20:28:35,465 - brainiak.fcma.voxelselector - INFO - in rank 1, task 304 takes 1.26 s
2023-03-29 20:28:36,723 - brainiak.fcma.voxelselector - INFO - in rank 1, task 305 takes 1.26 s
2023-03-29 20:28:37,982 - brainiak.fcma.voxelselector - INFO - in rank 1, task 306 takes 1.26 s
2023-03-29 20:28:39,241 - brainiak.fcma.voxelselector - INFO - in rank 1, task 307 takes 1.26 s
2023-03-29 20:28:40,501 - brainiak.fcma.voxelselector - INFO - in rank 1, task 308 takes 1.26 s
2023-03-29 20:28:41,761 - brainiak.fcma.voxelselector - INFO - in rank 1, task 309 takes 1.26 s
2023-03-29 20:28:43,021 - brainiak.fcma.voxelselector - INFO - in rank 1, task 310 takes 1.26 s
2023-03-29 20:28:44,288 - brainiak.fcma.voxelselector - INFO - in rank 1, task 311 takes 1.27 s
2023-03-29 20:28:45,550 - brainiak.fcma.voxelselector - INFO - in rank 1, task 312 takes 1.26 s
2023-03-29 20:28:46,810 - brainiak.fcma.voxelselector - INFO - in rank 1, task 313 takes 1.26 s
2023-03-29 20:28:48,071 - brainiak.fcma.voxelselector - INFO - in rank 1, task 314 takes 1.26 s
2023-03-29 20:28:49,334 - brainiak.fcma.voxelselector - INFO - in rank 1, task 315 takes 1.26 s
2023-03-29 20:28:50,595 - brainiak.fcma.voxelselector - INFO - in rank 1, task 316 takes 1.26 s
2023-03-29 20:28:51,857 - brainiak.fcma.voxelselector - INFO - in rank 1, task 317 takes 1.26 s
2023-03-29 20:28:53,118 - brainiak.fcma.voxelselector - INFO - in rank 1, task 318 takes 1.26 s
2023-03-29 20:28:54,378 - brainiak.fcma.voxelselector - INFO - in rank 1, task 319 takes 1.26 s
2023-03-29 20:28:55,635 - brainiak.fcma.voxelselector - INFO - in rank 1, task 320 takes 1.26 s
2023-03-29 20:28:56,893 - brainiak.fcma.voxelselector - INFO - in rank 1, task 321 takes 1.26 s
2023-03-29 20:28:58,155 - brainiak.fcma.voxelselector - INFO - in rank 1, task 322 takes 1.26 s
2023-03-29 20:28:59,425 - brainiak.fcma.voxelselector - INFO - in rank 1, task 323 takes 1.27 s
2023-03-29 20:29:00,686 - brainiak.fcma.voxelselector - INFO - in rank 1, task 324 takes 1.26 s
2023-03-29 20:29:01,948 - brainiak.fcma.voxelselector - INFO - in rank 1, task 325 takes 1.26 s
2023-03-29 20:29:03,208 - brainiak.fcma.voxelselector - INFO - in rank 1, task 326 takes 1.26 s
2023-03-29 20:29:04,469 - brainiak.fcma.voxelselector - INFO - in rank 1, task 327 takes 1.26 s
2023-03-29 20:29:05,730 - brainiak.fcma.voxelselector - INFO - in rank 1, task 328 takes 1.26 s
2023-03-29 20:29:06,990 - brainiak.fcma.voxelselector - INFO - in rank 1, task 329 takes 1.26 s
2023-03-29 20:29:08,252 - brainiak.fcma.voxelselector - INFO - in rank 1, task 330 takes 1.26 s
2023-03-29 20:29:09,514 - brainiak.fcma.voxelselector - INFO - in rank 1, task 331 takes 1.26 s
2023-03-29 20:29:10,775 - brainiak.fcma.voxelselector - INFO - in rank 1, task 332 takes 1.26 s
2023-03-29 20:29:12,037 - brainiak.fcma.voxelselector - INFO - in rank 1, task 333 takes 1.26 s
2023-03-29 20:29:13,298 - brainiak.fcma.voxelselector - INFO - in rank 1, task 334 takes 1.26 s
2023-03-29 20:29:14,559 - brainiak.fcma.voxelselector - INFO - in rank 1, task 335 takes 1.26 s
2023-03-29 20:29:15,817 - brainiak.fcma.voxelselector - INFO - in rank 1, task 336 takes 1.26 s
2023-03-29 20:29:17,078 - brainiak.fcma.voxelselector - INFO - in rank 1, task 337 takes 1.26 s
2023-03-29 20:29:18,337 - brainiak.fcma.voxelselector - INFO - in rank 1, task 338 takes 1.26 s
2023-03-29 20:29:19,598 - brainiak.fcma.voxelselector - INFO - in rank 1, task 339 takes 1.26 s
2023-03-29 20:29:20,859 - brainiak.fcma.voxelselector - INFO - in rank 1, task 340 takes 1.26 s
2023-03-29 20:29:22,119 - brainiak.fcma.voxelselector - INFO - in rank 1, task 341 takes 1.26 s
2023-03-29 20:29:23,380 - brainiak.fcma.voxelselector - INFO - in rank 1, task 342 takes 1.26 s
2023-03-29 20:29:24,639 - brainiak.fcma.voxelselector - INFO - in rank 1, task 343 takes 1.26 s
2023-03-29 20:29:25,901 - brainiak.fcma.voxelselector - INFO - in rank 1, task 344 takes 1.26 s
2023-03-29 20:29:27,163 - brainiak.fcma.voxelselector - INFO - in rank 1, task 345 takes 1.26 s
2023-03-29 20:29:28,424 - brainiak.fcma.voxelselector - INFO - in rank 1, task 346 takes 1.26 s
2023-03-29 20:29:29,685 - brainiak.fcma.voxelselector - INFO - in rank 1, task 347 takes 1.26 s
2023-03-29 20:29:30,948 - brainiak.fcma.voxelselector - INFO - in rank 1, task 348 takes 1.26 s
2023-03-29 20:29:32,210 - brainiak.fcma.voxelselector - INFO - in rank 1, task 349 takes 1.26 s
2023-03-29 20:29:33,473 - brainiak.fcma.voxelselector - INFO - in rank 1, task 350 takes 1.26 s
2023-03-29 20:29:34,733 - brainiak.fcma.voxelselector - INFO - in rank 1, task 351 takes 1.26 s
2023-03-29 20:29:35,992 - brainiak.fcma.voxelselector - INFO - in rank 1, task 352 takes 1.26 s
2023-03-29 20:29:37,253 - brainiak.fcma.voxelselector - INFO - in rank 1, task 353 takes 1.26 s
2023-03-29 20:29:38,515 - brainiak.fcma.voxelselector - INFO - in rank 1, task 354 takes 1.26 s
2023-03-29 20:29:39,776 - brainiak.fcma.voxelselector - INFO - in rank 1, task 355 takes 1.26 s
2023-03-29 20:29:41,037 - brainiak.fcma.voxelselector - INFO - in rank 1, task 356 takes 1.26 s
2023-03-29 20:29:42,299 - brainiak.fcma.voxelselector - INFO - in rank 1, task 357 takes 1.26 s
2023-03-29 20:29:43,561 - brainiak.fcma.voxelselector - INFO - in rank 1, task 358 takes 1.26 s
2023-03-29 20:29:44,824 - brainiak.fcma.voxelselector - INFO - in rank 1, task 359 takes 1.26 s
2023-03-29 20:29:46,087 - brainiak.fcma.voxelselector - INFO - in rank 1, task 360 takes 1.26 s
2023-03-29 20:29:47,348 - brainiak.fcma.voxelselector - INFO - in rank 1, task 361 takes 1.26 s
2023-03-29 20:29:48,611 - brainiak.fcma.voxelselector - INFO - in rank 1, task 362 takes 1.26 s
2023-03-29 20:29:49,874 - brainiak.fcma.voxelselector - INFO - in rank 1, task 363 takes 1.26 s
2023-03-29 20:29:51,137 - brainiak.fcma.voxelselector - INFO - in rank 1, task 364 takes 1.26 s
2023-03-29 20:29:52,399 - brainiak.fcma.voxelselector - INFO - in rank 1, task 365 takes 1.26 s
2023-03-29 20:29:53,658 - brainiak.fcma.voxelselector - INFO - in rank 1, task 366 takes 1.26 s
2023-03-29 20:29:54,916 - brainiak.fcma.voxelselector - INFO - in rank 1, task 367 takes 1.26 s
2023-03-29 20:29:56,177 - brainiak.fcma.voxelselector - INFO - in rank 1, task 368 takes 1.26 s
2023-03-29 20:29:57,437 - brainiak.fcma.voxelselector - INFO - in rank 1, task 369 takes 1.26 s
2023-03-29 20:29:58,700 - brainiak.fcma.voxelselector - INFO - in rank 1, task 370 takes 1.26 s
2023-03-29 20:29:59,962 - brainiak.fcma.voxelselector - INFO - in rank 1, task 371 takes 1.26 s
2023-03-29 20:30:01,223 - brainiak.fcma.voxelselector - INFO - in rank 1, task 372 takes 1.26 s
2023-03-29 20:30:02,485 - brainiak.fcma.voxelselector - INFO - in rank 1, task 373 takes 1.26 s
2023-03-29 20:30:03,745 - brainiak.fcma.voxelselector - INFO - in rank 1, task 374 takes 1.26 s
2023-03-29 20:30:05,008 - brainiak.fcma.voxelselector - INFO - in rank 1, task 375 takes 1.26 s
2023-03-29 20:30:06,269 - brainiak.fcma.voxelselector - INFO - in rank 1, task 376 takes 1.26 s
2023-03-29 20:30:07,531 - brainiak.fcma.voxelselector - INFO - in rank 1, task 377 takes 1.26 s
2023-03-29 20:30:08,793 - brainiak.fcma.voxelselector - INFO - in rank 1, task 378 takes 1.26 s
2023-03-29 20:30:10,057 - brainiak.fcma.voxelselector - INFO - in rank 1, task 379 takes 1.26 s
2023-03-29 20:30:11,328 - brainiak.fcma.voxelselector - INFO - in rank 1, task 380 takes 1.27 s
2023-03-29 20:30:12,588 - brainiak.fcma.voxelselector - INFO - in rank 1, task 381 takes 1.26 s
2023-03-29 20:30:13,846 - brainiak.fcma.voxelselector - INFO - in rank 1, task 382 takes 1.26 s
2023-03-29 20:30:15,106 - brainiak.fcma.voxelselector - INFO - in rank 1, task 383 takes 1.26 s
2023-03-29 20:30:16,365 - brainiak.fcma.voxelselector - INFO - in rank 1, task 384 takes 1.26 s
2023-03-29 20:30:17,627 - brainiak.fcma.voxelselector - INFO - in rank 1, task 385 takes 1.26 s
2023-03-29 20:30:18,888 - brainiak.fcma.voxelselector - INFO - in rank 1, task 386 takes 1.26 s
2023-03-29 20:30:20,149 - brainiak.fcma.voxelselector - INFO - in rank 1, task 387 takes 1.26 s
2023-03-29 20:30:21,411 - brainiak.fcma.voxelselector - INFO - in rank 1, task 388 takes 1.26 s
2023-03-29 20:30:22,673 - brainiak.fcma.voxelselector - INFO - in rank 1, task 389 takes 1.26 s
2023-03-29 20:30:23,934 - brainiak.fcma.voxelselector - INFO - in rank 1, task 390 takes 1.26 s
2023-03-29 20:30:25,196 - brainiak.fcma.voxelselector - INFO - in rank 1, task 391 takes 1.26 s
2023-03-29 20:30:26,459 - brainiak.fcma.voxelselector - INFO - in rank 1, task 392 takes 1.26 s
2023-03-29 20:30:27,722 - brainiak.fcma.voxelselector - INFO - in rank 1, task 393 takes 1.26 s
2023-03-29 20:30:28,983 - brainiak.fcma.voxelselector - INFO - in rank 1, task 394 takes 1.26 s
2023-03-29 20:30:30,245 - brainiak.fcma.voxelselector - INFO - in rank 1, task 395 takes 1.26 s
2023-03-29 20:30:31,505 - brainiak.fcma.voxelselector - INFO - in rank 1, task 396 takes 1.26 s
2023-03-29 20:30:32,763 - brainiak.fcma.voxelselector - INFO - in rank 1, task 397 takes 1.26 s
2023-03-29 20:30:34,021 - brainiak.fcma.voxelselector - INFO - in rank 1, task 398 takes 1.26 s
2023-03-29 20:30:35,281 - brainiak.fcma.voxelselector - INFO - in rank 1, task 399 takes 1.26 s
2023-03-29 20:30:36,541 - brainiak.fcma.voxelselector - INFO - in rank 1, task 400 takes 1.26 s
2023-03-29 20:30:37,801 - brainiak.fcma.voxelselector - INFO - in rank 1, task 401 takes 1.26 s
2023-03-29 20:30:39,062 - brainiak.fcma.voxelselector - INFO - in rank 1, task 402 takes 1.26 s
2023-03-29 20:30:40,323 - brainiak.fcma.voxelselector - INFO - in rank 1, task 403 takes 1.26 s
2023-03-29 20:30:41,584 - brainiak.fcma.voxelselector - INFO - in rank 1, task 404 takes 1.26 s
2023-03-29 20:30:42,846 - brainiak.fcma.voxelselector - INFO - in rank 1, task 405 takes 1.26 s
2023-03-29 20:30:44,108 - brainiak.fcma.voxelselector - INFO - in rank 1, task 406 takes 1.26 s
2023-03-29 20:30:45,373 - brainiak.fcma.voxelselector - INFO - in rank 1, task 407 takes 1.26 s
2023-03-29 20:30:46,634 - brainiak.fcma.voxelselector - INFO - in rank 1, task 408 takes 1.26 s
2023-03-29 20:30:47,896 - brainiak.fcma.voxelselector - INFO - in rank 1, task 409 takes 1.26 s
2023-03-29 20:30:49,157 - brainiak.fcma.voxelselector - INFO - in rank 1, task 410 takes 1.26 s
2023-03-29 20:30:50,417 - brainiak.fcma.voxelselector - INFO - in rank 1, task 411 takes 1.26 s
2023-03-29 20:30:51,676 - brainiak.fcma.voxelselector - INFO - in rank 1, task 412 takes 1.26 s
2023-03-29 20:30:52,934 - brainiak.fcma.voxelselector - INFO - in rank 1, task 413 takes 1.26 s
2023-03-29 20:30:54,193 - brainiak.fcma.voxelselector - INFO - in rank 1, task 414 takes 1.26 s
2023-03-29 20:30:55,454 - brainiak.fcma.voxelselector - INFO - in rank 1, task 415 takes 1.26 s
2023-03-29 20:30:56,715 - brainiak.fcma.voxelselector - INFO - in rank 1, task 416 takes 1.26 s
2023-03-29 20:30:57,978 - brainiak.fcma.voxelselector - INFO - in rank 1, task 417 takes 1.26 s
2023-03-29 20:30:59,238 - brainiak.fcma.voxelselector - INFO - in rank 1, task 418 takes 1.26 s
2023-03-29 20:31:00,500 - brainiak.fcma.voxelselector - INFO - in rank 1, task 419 takes 1.26 s
2023-03-29 20:31:01,762 - brainiak.fcma.voxelselector - INFO - in rank 1, task 420 takes 1.26 s
2023-03-29 20:31:03,023 - brainiak.fcma.voxelselector - INFO - in rank 1, task 421 takes 1.26 s
2023-03-29 20:31:04,284 - brainiak.fcma.voxelselector - INFO - in rank 1, task 422 takes 1.26 s
2023-03-29 20:31:05,545 - brainiak.fcma.voxelselector - INFO - in rank 1, task 423 takes 1.26 s
2023-03-29 20:31:06,807 - brainiak.fcma.voxelselector - INFO - in rank 1, task 424 takes 1.26 s
2023-03-29 20:31:08,068 - brainiak.fcma.voxelselector - INFO - in rank 1, task 425 takes 1.26 s
2023-03-29 20:31:09,327 - brainiak.fcma.voxelselector - INFO - in rank 1, task 426 takes 1.26 s
2023-03-29 20:31:10,584 - brainiak.fcma.voxelselector - INFO - in rank 1, task 427 takes 1.26 s
2023-03-29 20:31:11,843 - brainiak.fcma.voxelselector - INFO - in rank 1, task 428 takes 1.26 s
2023-03-29 20:31:13,103 - brainiak.fcma.voxelselector - INFO - in rank 1, task 429 takes 1.26 s
2023-03-29 20:31:14,366 - brainiak.fcma.voxelselector - INFO - in rank 1, task 430 takes 1.26 s
2023-03-29 20:31:15,629 - brainiak.fcma.voxelselector - INFO - in rank 1, task 431 takes 1.26 s
2023-03-29 20:31:16,891 - brainiak.fcma.voxelselector - INFO - in rank 1, task 432 takes 1.26 s
2023-03-29 20:31:18,153 - brainiak.fcma.voxelselector - INFO - in rank 1, task 433 takes 1.26 s
2023-03-29 20:31:19,413 - brainiak.fcma.voxelselector - INFO - in rank 1, task 434 takes 1.26 s
2023-03-29 20:31:20,676 - brainiak.fcma.voxelselector - INFO - in rank 1, task 435 takes 1.26 s
2023-03-29 20:31:21,946 - brainiak.fcma.voxelselector - INFO - in rank 1, task 436 takes 1.27 s
2023-03-29 20:31:23,211 - brainiak.fcma.voxelselector - INFO - in rank 1, task 437 takes 1.26 s
2023-03-29 20:31:24,472 - brainiak.fcma.voxelselector - INFO - in rank 1, task 438 takes 1.26 s
2023-03-29 20:31:25,735 - brainiak.fcma.voxelselector - INFO - in rank 1, task 439 takes 1.26 s
2023-03-29 20:31:26,996 - brainiak.fcma.voxelselector - INFO - in rank 1, task 440 takes 1.26 s
2023-03-29 20:31:28,254 - brainiak.fcma.voxelselector - INFO - in rank 1, task 441 takes 1.26 s
2023-03-29 20:31:29,513 - brainiak.fcma.voxelselector - INFO - in rank 1, task 442 takes 1.26 s
2023-03-29 20:31:30,774 - brainiak.fcma.voxelselector - INFO - in rank 1, task 443 takes 1.26 s
2023-03-29 20:31:32,034 - brainiak.fcma.voxelselector - INFO - in rank 1, task 444 takes 1.26 s
2023-03-29 20:31:33,296 - brainiak.fcma.voxelselector - INFO - in rank 1, task 445 takes 1.26 s
2023-03-29 20:31:34,558 - brainiak.fcma.voxelselector - INFO - in rank 1, task 446 takes 1.26 s
2023-03-29 20:31:35,820 - brainiak.fcma.voxelselector - INFO - in rank 1, task 447 takes 1.26 s
2023-03-29 20:31:37,082 - brainiak.fcma.voxelselector - INFO - in rank 1, task 448 takes 1.26 s
2023-03-29 20:31:38,344 - brainiak.fcma.voxelselector - INFO - in rank 1, task 449 takes 1.26 s
2023-03-29 20:31:39,605 - brainiak.fcma.voxelselector - INFO - in rank 1, task 450 takes 1.26 s
2023-03-29 20:31:40,865 - brainiak.fcma.voxelselector - INFO - in rank 1, task 451 takes 1.26 s
2023-03-29 20:31:42,125 - brainiak.fcma.voxelselector - INFO - in rank 1, task 452 takes 1.26 s
2023-03-29 20:31:43,384 - brainiak.fcma.voxelselector - INFO - in rank 1, task 453 takes 1.26 s
2023-03-29 20:31:44,645 - brainiak.fcma.voxelselector - INFO - in rank 1, task 454 takes 1.26 s
2023-03-29 20:31:45,904 - brainiak.fcma.voxelselector - INFO - in rank 1, task 455 takes 1.26 s
2023-03-29 20:31:47,162 - brainiak.fcma.voxelselector - INFO - in rank 1, task 456 takes 1.26 s
2023-03-29 20:31:48,423 - brainiak.fcma.voxelselector - INFO - in rank 1, task 457 takes 1.26 s
2023-03-29 20:31:49,684 - brainiak.fcma.voxelselector - INFO - in rank 1, task 458 takes 1.26 s
2023-03-29 20:31:50,947 - brainiak.fcma.voxelselector - INFO - in rank 1, task 459 takes 1.26 s
2023-03-29 20:31:52,208 - brainiak.fcma.voxelselector - INFO - in rank 1, task 460 takes 1.26 s
2023-03-29 20:31:53,471 - brainiak.fcma.voxelselector - INFO - in rank 1, task 461 takes 1.26 s
2023-03-29 20:31:54,732 - brainiak.fcma.voxelselector - INFO - in rank 1, task 462 takes 1.26 s
2023-03-29 20:31:55,994 - brainiak.fcma.voxelselector - INFO - in rank 1, task 463 takes 1.26 s
2023-03-29 20:31:57,258 - brainiak.fcma.voxelselector - INFO - in rank 1, task 464 takes 1.26 s
2023-03-29 20:31:58,520 - brainiak.fcma.voxelselector - INFO - in rank 1, task 465 takes 1.26 s
2023-03-29 20:31:59,779 - brainiak.fcma.voxelselector - INFO - in rank 1, task 466 takes 1.26 s
2023-03-29 20:32:01,040 - brainiak.fcma.voxelselector - INFO - in rank 1, task 467 takes 1.26 s
2023-03-29 20:32:02,299 - brainiak.fcma.voxelselector - INFO - in rank 1, task 468 takes 1.26 s
2023-03-29 20:32:03,559 - brainiak.fcma.voxelselector - INFO - in rank 1, task 469 takes 1.26 s
2023-03-29 20:32:04,818 - brainiak.fcma.voxelselector - INFO - in rank 1, task 470 takes 1.26 s
2023-03-29 20:32:06,079 - brainiak.fcma.voxelselector - INFO - in rank 1, task 471 takes 1.26 s
2023-03-29 20:32:07,339 - brainiak.fcma.voxelselector - INFO - in rank 1, task 472 takes 1.26 s
2023-03-29 20:32:08,600 - brainiak.fcma.voxelselector - INFO - in rank 1, task 473 takes 1.26 s
2023-03-29 20:32:09,859 - brainiak.fcma.voxelselector - INFO - in rank 1, task 474 takes 1.26 s
2023-03-29 20:32:11,120 - brainiak.fcma.voxelselector - INFO - in rank 1, task 475 takes 1.26 s
2023-03-29 20:32:12,381 - brainiak.fcma.voxelselector - INFO - in rank 1, task 476 takes 1.26 s
2023-03-29 20:32:13,643 - brainiak.fcma.voxelselector - INFO - in rank 1, task 477 takes 1.26 s
2023-03-29 20:32:14,902 - brainiak.fcma.voxelselector - INFO - in rank 1, task 478 takes 1.26 s
2023-03-29 20:32:16,162 - brainiak.fcma.voxelselector - INFO - in rank 1, task 479 takes 1.26 s
2023-03-29 20:32:17,423 - brainiak.fcma.voxelselector - INFO - in rank 1, task 480 takes 1.26 s
2023-03-29 20:32:18,683 - brainiak.fcma.voxelselector - INFO - in rank 1, task 481 takes 1.26 s
2023-03-29 20:32:19,942 - brainiak.fcma.voxelselector - INFO - in rank 1, task 482 takes 1.26 s
2023-03-29 20:32:21,203 - brainiak.fcma.voxelselector - INFO - in rank 1, task 483 takes 1.26 s
2023-03-29 20:32:22,462 - brainiak.fcma.voxelselector - INFO - in rank 1, task 484 takes 1.26 s
2023-03-29 20:32:23,723 - brainiak.fcma.voxelselector - INFO - in rank 1, task 485 takes 1.26 s
2023-03-29 20:32:24,984 - brainiak.fcma.voxelselector - INFO - in rank 1, task 486 takes 1.26 s
2023-03-29 20:32:26,244 - brainiak.fcma.voxelselector - INFO - in rank 1, task 487 takes 1.26 s
2023-03-29 20:32:27,506 - brainiak.fcma.voxelselector - INFO - in rank 1, task 488 takes 1.26 s
2023-03-29 20:32:28,767 - brainiak.fcma.voxelselector - INFO - in rank 1, task 489 takes 1.26 s
2023-03-29 20:32:30,028 - brainiak.fcma.voxelselector - INFO - in rank 1, task 490 takes 1.26 s
2023-03-29 20:32:31,288 - brainiak.fcma.voxelselector - INFO - in rank 1, task 491 takes 1.26 s
2023-03-29 20:32:32,547 - brainiak.fcma.voxelselector - INFO - in rank 1, task 492 takes 1.26 s
2023-03-29 20:32:33,816 - brainiak.fcma.voxelselector - INFO - in rank 1, task 493 takes 1.27 s
2023-03-29 20:32:35,079 - brainiak.fcma.voxelselector - INFO - in rank 1, task 494 takes 1.26 s
2023-03-29 20:32:36,338 - brainiak.fcma.voxelselector - INFO - in rank 1, task 495 takes 1.26 s
2023-03-29 20:32:37,598 - brainiak.fcma.voxelselector - INFO - in rank 1, task 496 takes 1.26 s
2023-03-29 20:32:38,859 - brainiak.fcma.voxelselector - INFO - in rank 1, task 497 takes 1.26 s
2023-03-29 20:32:40,119 - brainiak.fcma.voxelselector - INFO - in rank 1, task 498 takes 1.26 s
2023-03-29 20:32:41,382 - brainiak.fcma.voxelselector - INFO - in rank 1, task 499 takes 1.26 s
2023-03-29 20:32:42,689 - brainiak.fcma.voxelselector - INFO - in rank 1, task 500 takes 1.26 s
2023-03-29 20:32:43,951 - brainiak.fcma.voxelselector - INFO - in rank 1, task 501 takes 1.26 s
2023-03-29 20:32:45,211 - brainiak.fcma.voxelselector - INFO - in rank 1, task 502 takes 1.26 s
2023-03-29 20:32:46,470 - brainiak.fcma.voxelselector - INFO - in rank 1, task 503 takes 1.26 s
2023-03-29 20:32:47,732 - brainiak.fcma.voxelselector - INFO - in rank 1, task 504 takes 1.26 s
2023-03-29 20:32:48,993 - brainiak.fcma.voxelselector - INFO - in rank 1, task 505 takes 1.26 s
2023-03-29 20:32:50,252 - brainiak.fcma.voxelselector - INFO - in rank 1, task 506 takes 1.26 s
2023-03-29 20:32:51,512 - brainiak.fcma.voxelselector - INFO - in rank 1, task 507 takes 1.26 s
2023-03-29 20:32:52,774 - brainiak.fcma.voxelselector - INFO - in rank 1, task 508 takes 1.26 s
2023-03-29 20:32:54,034 - brainiak.fcma.voxelselector - INFO - in rank 1, task 509 takes 1.26 s
2023-03-29 20:32:55,296 - brainiak.fcma.voxelselector - INFO - in rank 1, task 510 takes 1.26 s
2023-03-29 20:32:56,557 - brainiak.fcma.voxelselector - INFO - in rank 1, task 511 takes 1.26 s
2023-03-29 20:32:57,818 - brainiak.fcma.voxelselector - INFO - in rank 1, task 512 takes 1.26 s
2023-03-29 20:32:59,078 - brainiak.fcma.voxelselector - INFO - in rank 1, task 513 takes 1.26 s
2023-03-29 20:33:00,339 - brainiak.fcma.voxelselector - INFO - in rank 1, task 514 takes 1.26 s
2023-03-29 20:33:01,601 - brainiak.fcma.voxelselector - INFO - in rank 1, task 515 takes 1.26 s
2023-03-29 20:33:02,861 - brainiak.fcma.voxelselector - INFO - in rank 1, task 516 takes 1.26 s
2023-03-29 20:33:04,122 - brainiak.fcma.voxelselector - INFO - in rank 1, task 517 takes 1.26 s
2023-03-29 20:33:05,382 - brainiak.fcma.voxelselector - INFO - in rank 1, task 518 takes 1.26 s
2023-03-29 20:33:06,642 - brainiak.fcma.voxelselector - INFO - in rank 1, task 519 takes 1.26 s
2023-03-29 20:33:07,903 - brainiak.fcma.voxelselector - INFO - in rank 1, task 520 takes 1.26 s
2023-03-29 20:33:09,167 - brainiak.fcma.voxelselector - INFO - in rank 1, task 521 takes 1.26 s
2023-03-29 20:33:10,428 - brainiak.fcma.voxelselector - INFO - in rank 1, task 522 takes 1.26 s
2023-03-29 20:33:11,689 - brainiak.fcma.voxelselector - INFO - in rank 1, task 523 takes 1.26 s
2023-03-29 20:33:12,948 - brainiak.fcma.voxelselector - INFO - in rank 1, task 524 takes 1.26 s
2023-03-29 20:33:14,208 - brainiak.fcma.voxelselector - INFO - in rank 1, task 525 takes 1.26 s
2023-03-29 20:33:15,468 - brainiak.fcma.voxelselector - INFO - in rank 1, task 526 takes 1.26 s
2023-03-29 20:33:16,729 - brainiak.fcma.voxelselector - INFO - in rank 1, task 527 takes 1.26 s
2023-03-29 20:33:17,992 - brainiak.fcma.voxelselector - INFO - in rank 1, task 528 takes 1.26 s
2023-03-29 20:33:19,255 - brainiak.fcma.voxelselector - INFO - in rank 1, task 529 takes 1.26 s
2023-03-29 20:33:20,517 - brainiak.fcma.voxelselector - INFO - in rank 1, task 530 takes 1.26 s
2023-03-29 20:33:21,778 - brainiak.fcma.voxelselector - INFO - in rank 1, task 531 takes 1.26 s
2023-03-29 20:33:23,040 - brainiak.fcma.voxelselector - INFO - in rank 1, task 532 takes 1.26 s
2023-03-29 20:33:24,303 - brainiak.fcma.voxelselector - INFO - in rank 1, task 533 takes 1.26 s
2023-03-29 20:33:25,567 - brainiak.fcma.voxelselector - INFO - in rank 1, task 534 takes 1.26 s
2023-03-29 20:33:26,828 - brainiak.fcma.voxelselector - INFO - in rank 1, task 535 takes 1.26 s
2023-03-29 20:33:28,090 - brainiak.fcma.voxelselector - INFO - in rank 1, task 536 takes 1.26 s
2023-03-29 20:33:29,352 - brainiak.fcma.voxelselector - INFO - in rank 1, task 537 takes 1.26 s
2023-03-29 20:33:30,117 - __main__ - INFO - Correlation-based voxel selection is done
2023-03-29 20:33:30,105 - brainiak.fcma.voxelselector - INFO - in rank 1, task 538 takes 0.75 s
pixdim[0] (qfac) should be 1 (default) or -1; setting qfac to 1
2023-03-29 20:33:30,119 - nibabel.global - INFO - pixdim[0] (qfac) should be 1 (default) or -1; setting qfac to 1
