2023-03-29 20:22:10,066 - __main__ - INFO - Testing for participant 2.
Programming starts in 2 process(es)
pixdim[0] (qfac) should be 1 (default) or -1; setting qfac to 1
2023-03-29 20:22:10,069 - nibabel.global - INFO - pixdim[0] (qfac) should be 1 (default) or -1; setting qfac to 1
pixdim[0] (qfac) should be 1 (default) or -1; setting qfac to 1
2023-03-29 20:22:10,098 - nibabel.global - INFO - pixdim[0] (qfac) should be 1 (default) or -1; setting qfac to 1
2023-03-29 20:22:10,103 - brainiak.fcma.preprocessing - INFO - start to apply masks and separate epochs
2023-03-29 20:22:17,461 - brainiak.fcma.preprocessing - INFO - data broadcasting done, takes 0.04 s
2023-03-29 20:22:17,465 - brainiak.fcma.voxelselector - INFO - Master at rank 0 starts to allocate tasks
2023-03-29 20:22:18,732 - brainiak.fcma.voxelselector - INFO - in rank 1, task 0 takes 1.27 s
2023-03-29 20:22:19,990 - brainiak.fcma.voxelselector - INFO - in rank 1, task 1 takes 1.26 s
2023-03-29 20:22:21,249 - brainiak.fcma.voxelselector - INFO - in rank 1, task 2 takes 1.26 s
2023-03-29 20:22:22,509 - brainiak.fcma.voxelselector - INFO - in rank 1, task 3 takes 1.26 s
2023-03-29 20:22:23,768 - brainiak.fcma.voxelselector - INFO - in rank 1, task 4 takes 1.26 s
2023-03-29 20:22:25,025 - brainiak.fcma.voxelselector - INFO - in rank 1, task 5 takes 1.26 s
2023-03-29 20:22:26,285 - brainiak.fcma.voxelselector - INFO - in rank 1, task 6 takes 1.26 s
2023-03-29 20:22:27,545 - brainiak.fcma.voxelselector - INFO - in rank 1, task 7 takes 1.26 s
2023-03-29 20:22:28,806 - brainiak.fcma.voxelselector - INFO - in rank 1, task 8 takes 1.26 s
2023-03-29 20:22:30,075 - brainiak.fcma.voxelselector - INFO - in rank 1, task 9 takes 1.27 s
2023-03-29 20:22:31,341 - brainiak.fcma.voxelselector - INFO - in rank 1, task 10 takes 1.27 s
2023-03-29 20:22:32,599 - brainiak.fcma.voxelselector - INFO - in rank 1, task 11 takes 1.26 s
2023-03-29 20:22:33,868 - brainiak.fcma.voxelselector - INFO - in rank 1, task 12 takes 1.27 s
2023-03-29 20:22:35,128 - brainiak.fcma.voxelselector - INFO - in rank 1, task 13 takes 1.26 s
2023-03-29 20:22:36,387 - brainiak.fcma.voxelselector - INFO - in rank 1, task 14 takes 1.26 s
2023-03-29 20:22:37,644 - brainiak.fcma.voxelselector - INFO - in rank 1, task 15 takes 1.26 s
2023-03-29 20:22:38,907 - brainiak.fcma.voxelselector - INFO - in rank 1, task 16 takes 1.26 s
2023-03-29 20:22:40,166 - brainiak.fcma.voxelselector - INFO - in rank 1, task 17 takes 1.26 s
2023-03-29 20:22:41,428 - brainiak.fcma.voxelselector - INFO - in rank 1, task 18 takes 1.26 s
2023-03-29 20:22:42,684 - brainiak.fcma.voxelselector - INFO - in rank 1, task 19 takes 1.26 s
2023-03-29 20:22:43,943 - brainiak.fcma.voxelselector - INFO - in rank 1, task 20 takes 1.26 s
2023-03-29 20:22:45,201 - brainiak.fcma.voxelselector - INFO - in rank 1, task 21 takes 1.26 s
2023-03-29 20:22:46,460 - brainiak.fcma.voxelselector - INFO - in rank 1, task 22 takes 1.26 s
2023-03-29 20:22:47,717 - brainiak.fcma.voxelselector - INFO - in rank 1, task 23 takes 1.26 s
2023-03-29 20:22:48,974 - brainiak.fcma.voxelselector - INFO - in rank 1, task 24 takes 1.26 s
2023-03-29 20:22:50,240 - brainiak.fcma.voxelselector - INFO - in rank 1, task 25 takes 1.26 s
2023-03-29 20:22:51,496 - brainiak.fcma.voxelselector - INFO - in rank 1, task 26 takes 1.26 s
2023-03-29 20:22:52,754 - brainiak.fcma.voxelselector - INFO - in rank 1, task 27 takes 1.26 s
2023-03-29 20:22:54,010 - brainiak.fcma.voxelselector - INFO - in rank 1, task 28 takes 1.26 s
2023-03-29 20:22:55,268 - brainiak.fcma.voxelselector - INFO - in rank 1, task 29 takes 1.26 s
2023-03-29 20:22:56,526 - brainiak.fcma.voxelselector - INFO - in rank 1, task 30 takes 1.26 s
2023-03-29 20:22:57,784 - brainiak.fcma.voxelselector - INFO - in rank 1, task 31 takes 1.26 s
2023-03-29 20:22:59,045 - brainiak.fcma.voxelselector - INFO - in rank 1, task 32 takes 1.26 s
2023-03-29 20:23:00,306 - brainiak.fcma.voxelselector - INFO - in rank 1, task 33 takes 1.26 s
2023-03-29 20:23:01,564 - brainiak.fcma.voxelselector - INFO - in rank 1, task 34 takes 1.26 s
2023-03-29 20:23:02,824 - brainiak.fcma.voxelselector - INFO - in rank 1, task 35 takes 1.26 s
2023-03-29 20:23:04,083 - brainiak.fcma.voxelselector - INFO - in rank 1, task 36 takes 1.26 s
2023-03-29 20:23:05,349 - brainiak.fcma.voxelselector - INFO - in rank 1, task 37 takes 1.27 s
2023-03-29 20:23:06,607 - brainiak.fcma.voxelselector - INFO - in rank 1, task 38 takes 1.26 s
2023-03-29 20:23:07,866 - brainiak.fcma.voxelselector - INFO - in rank 1, task 39 takes 1.26 s
2023-03-29 20:23:09,123 - brainiak.fcma.voxelselector - INFO - in rank 1, task 40 takes 1.26 s
2023-03-29 20:23:10,384 - brainiak.fcma.voxelselector - INFO - in rank 1, task 41 takes 1.26 s
2023-03-29 20:23:11,640 - brainiak.fcma.voxelselector - INFO - in rank 1, task 42 takes 1.26 s
2023-03-29 20:23:12,901 - brainiak.fcma.voxelselector - INFO - in rank 1, task 43 takes 1.26 s
2023-03-29 20:23:14,158 - brainiak.fcma.voxelselector - INFO - in rank 1, task 44 takes 1.26 s
2023-03-29 20:23:15,418 - brainiak.fcma.voxelselector - INFO - in rank 1, task 45 takes 1.26 s
2023-03-29 20:23:16,677 - brainiak.fcma.voxelselector - INFO - in rank 1, task 46 takes 1.26 s
2023-03-29 20:23:17,935 - brainiak.fcma.voxelselector - INFO - in rank 1, task 47 takes 1.26 s
2023-03-29 20:23:19,195 - brainiak.fcma.voxelselector - INFO - in rank 1, task 48 takes 1.26 s
2023-03-29 20:23:20,458 - brainiak.fcma.voxelselector - INFO - in rank 1, task 49 takes 1.26 s
2023-03-29 20:23:21,717 - brainiak.fcma.voxelselector - INFO - in rank 1, task 50 takes 1.26 s
2023-03-29 20:23:22,976 - brainiak.fcma.voxelselector - INFO - in rank 1, task 51 takes 1.26 s
2023-03-29 20:23:24,243 - brainiak.fcma.voxelselector - INFO - in rank 1, task 52 takes 1.27 s
2023-03-29 20:23:25,501 - brainiak.fcma.voxelselector - INFO - in rank 1, task 53 takes 1.26 s
2023-03-29 20:23:26,760 - brainiak.fcma.voxelselector - INFO - in rank 1, task 54 takes 1.26 s
2023-03-29 20:23:28,020 - brainiak.fcma.voxelselector - INFO - in rank 1, task 55 takes 1.26 s
2023-03-29 20:23:29,283 - brainiak.fcma.voxelselector - INFO - in rank 1, task 56 takes 1.26 s
2023-03-29 20:23:30,554 - brainiak.fcma.voxelselector - INFO - in rank 1, task 57 takes 1.27 s
2023-03-29 20:23:31,821 - brainiak.fcma.voxelselector - INFO - in rank 1, task 58 takes 1.27 s
2023-03-29 20:23:33,091 - brainiak.fcma.voxelselector - INFO - in rank 1, task 59 takes 1.27 s
2023-03-29 20:23:34,356 - brainiak.fcma.voxelselector - INFO - in rank 1, task 60 takes 1.26 s
2023-03-29 20:23:35,622 - brainiak.fcma.voxelselector - INFO - in rank 1, task 61 takes 1.27 s
2023-03-29 20:23:36,891 - brainiak.fcma.voxelselector - INFO - in rank 1, task 62 takes 1.27 s
2023-03-29 20:23:38,160 - brainiak.fcma.voxelselector - INFO - in rank 1, task 63 takes 1.27 s
2023-03-29 20:23:39,425 - brainiak.fcma.voxelselector - INFO - in rank 1, task 64 takes 1.27 s
2023-03-29 20:23:40,693 - brainiak.fcma.voxelselector - INFO - in rank 1, task 65 takes 1.27 s
2023-03-29 20:23:41,962 - brainiak.fcma.voxelselector - INFO - in rank 1, task 66 takes 1.27 s
2023-03-29 20:23:43,232 - brainiak.fcma.voxelselector - INFO - in rank 1, task 67 takes 1.27 s
2023-03-29 20:23:44,502 - brainiak.fcma.voxelselector - INFO - in rank 1, task 68 takes 1.27 s
2023-03-29 20:23:45,769 - brainiak.fcma.voxelselector - INFO - in rank 1, task 69 takes 1.27 s
2023-03-29 20:23:47,038 - brainiak.fcma.voxelselector - INFO - in rank 1, task 70 takes 1.27 s
2023-03-29 20:23:48,305 - brainiak.fcma.voxelselector - INFO - in rank 1, task 71 takes 1.27 s
2023-03-29 20:23:49,572 - brainiak.fcma.voxelselector - INFO - in rank 1, task 72 takes 1.27 s
2023-03-29 20:23:50,841 - brainiak.fcma.voxelselector - INFO - in rank 1, task 73 takes 1.27 s
2023-03-29 20:23:52,109 - brainiak.fcma.voxelselector - INFO - in rank 1, task 74 takes 1.27 s
2023-03-29 20:23:53,379 - brainiak.fcma.voxelselector - INFO - in rank 1, task 75 takes 1.27 s
2023-03-29 20:23:54,647 - brainiak.fcma.voxelselector - INFO - in rank 1, task 76 takes 1.27 s
2023-03-29 20:23:55,913 - brainiak.fcma.voxelselector - INFO - in rank 1, task 77 takes 1.27 s
2023-03-29 20:23:57,181 - brainiak.fcma.voxelselector - INFO - in rank 1, task 78 takes 1.27 s
2023-03-29 20:23:58,448 - brainiak.fcma.voxelselector - INFO - in rank 1, task 79 takes 1.27 s
2023-03-29 20:23:59,718 - brainiak.fcma.voxelselector - INFO - in rank 1, task 80 takes 1.27 s
2023-03-29 20:24:00,985 - brainiak.fcma.voxelselector - INFO - in rank 1, task 81 takes 1.27 s
2023-03-29 20:24:02,254 - brainiak.fcma.voxelselector - INFO - in rank 1, task 82 takes 1.27 s
2023-03-29 20:24:03,520 - brainiak.fcma.voxelselector - INFO - in rank 1, task 83 takes 1.27 s
2023-03-29 20:24:04,790 - brainiak.fcma.voxelselector - INFO - in rank 1, task 84 takes 1.27 s
2023-03-29 20:24:06,055 - brainiak.fcma.voxelselector - INFO - in rank 1, task 85 takes 1.27 s
2023-03-29 20:24:07,323 - brainiak.fcma.voxelselector - INFO - in rank 1, task 86 takes 1.27 s
2023-03-29 20:24:08,591 - brainiak.fcma.voxelselector - INFO - in rank 1, task 87 takes 1.27 s
2023-03-29 20:24:09,861 - brainiak.fcma.voxelselector - INFO - in rank 1, task 88 takes 1.27 s
2023-03-29 20:24:11,127 - brainiak.fcma.voxelselector - INFO - in rank 1, task 89 takes 1.27 s
2023-03-29 20:24:12,403 - brainiak.fcma.voxelselector - INFO - in rank 1, task 90 takes 1.28 s
2023-03-29 20:24:13,670 - brainiak.fcma.voxelselector - INFO - in rank 1, task 91 takes 1.27 s
2023-03-29 20:24:14,936 - brainiak.fcma.voxelselector - INFO - in rank 1, task 92 takes 1.27 s
2023-03-29 20:24:16,203 - brainiak.fcma.voxelselector - INFO - in rank 1, task 93 takes 1.27 s
2023-03-29 20:24:17,480 - brainiak.fcma.voxelselector - INFO - in rank 1, task 94 takes 1.28 s
2023-03-29 20:24:18,750 - brainiak.fcma.voxelselector - INFO - in rank 1, task 95 takes 1.27 s
2023-03-29 20:24:20,022 - brainiak.fcma.voxelselector - INFO - in rank 1, task 96 takes 1.27 s
2023-03-29 20:24:21,289 - brainiak.fcma.voxelselector - INFO - in rank 1, task 97 takes 1.27 s
2023-03-29 20:24:22,550 - brainiak.fcma.voxelselector - INFO - in rank 1, task 98 takes 1.26 s
2023-03-29 20:24:23,811 - brainiak.fcma.voxelselector - INFO - in rank 1, task 99 takes 1.26 s
2023-03-29 20:24:25,072 - brainiak.fcma.voxelselector - INFO - in rank 1, task 100 takes 1.26 s
2023-03-29 20:24:26,332 - brainiak.fcma.voxelselector - INFO - in rank 1, task 101 takes 1.26 s
2023-03-29 20:24:27,593 - brainiak.fcma.voxelselector - INFO - in rank 1, task 102 takes 1.26 s
2023-03-29 20:24:28,850 - brainiak.fcma.voxelselector - INFO - in rank 1, task 103 takes 1.26 s
2023-03-29 20:24:30,111 - brainiak.fcma.voxelselector - INFO - in rank 1, task 104 takes 1.26 s
2023-03-29 20:24:31,367 - brainiak.fcma.voxelselector - INFO - in rank 1, task 105 takes 1.26 s
2023-03-29 20:24:32,624 - brainiak.fcma.voxelselector - INFO - in rank 1, task 106 takes 1.26 s
2023-03-29 20:24:33,880 - brainiak.fcma.voxelselector - INFO - in rank 1, task 107 takes 1.26 s
2023-03-29 20:24:35,142 - brainiak.fcma.voxelselector - INFO - in rank 1, task 108 takes 1.26 s
2023-03-29 20:24:36,403 - brainiak.fcma.voxelselector - INFO - in rank 1, task 109 takes 1.26 s
2023-03-29 20:24:37,663 - brainiak.fcma.voxelselector - INFO - in rank 1, task 110 takes 1.26 s
2023-03-29 20:24:38,921 - brainiak.fcma.voxelselector - INFO - in rank 1, task 111 takes 1.26 s
2023-03-29 20:24:40,188 - brainiak.fcma.voxelselector - INFO - in rank 1, task 112 takes 1.27 s
2023-03-29 20:24:41,447 - brainiak.fcma.voxelselector - INFO - in rank 1, task 113 takes 1.26 s
2023-03-29 20:24:42,706 - brainiak.fcma.voxelselector - INFO - in rank 1, task 114 takes 1.26 s
2023-03-29 20:24:43,963 - brainiak.fcma.voxelselector - INFO - in rank 1, task 115 takes 1.26 s
2023-03-29 20:24:45,225 - brainiak.fcma.voxelselector - INFO - in rank 1, task 116 takes 1.26 s
2023-03-29 20:24:46,485 - brainiak.fcma.voxelselector - INFO - in rank 1, task 117 takes 1.26 s
2023-03-29 20:24:47,747 - brainiak.fcma.voxelselector - INFO - in rank 1, task 118 takes 1.26 s
2023-03-29 20:24:49,007 - brainiak.fcma.voxelselector - INFO - in rank 1, task 119 takes 1.26 s
2023-03-29 20:24:50,267 - brainiak.fcma.voxelselector - INFO - in rank 1, task 120 takes 1.26 s
2023-03-29 20:24:51,526 - brainiak.fcma.voxelselector - INFO - in rank 1, task 121 takes 1.26 s
2023-03-29 20:24:52,786 - brainiak.fcma.voxelselector - INFO - in rank 1, task 122 takes 1.26 s
2023-03-29 20:24:54,044 - brainiak.fcma.voxelselector - INFO - in rank 1, task 123 takes 1.26 s
2023-03-29 20:24:55,303 - brainiak.fcma.voxelselector - INFO - in rank 1, task 124 takes 1.26 s
2023-03-29 20:24:56,561 - brainiak.fcma.voxelselector - INFO - in rank 1, task 125 takes 1.26 s
2023-03-29 20:24:57,818 - brainiak.fcma.voxelselector - INFO - in rank 1, task 126 takes 1.26 s
2023-03-29 20:24:59,077 - brainiak.fcma.voxelselector - INFO - in rank 1, task 127 takes 1.26 s
2023-03-29 20:25:00,335 - brainiak.fcma.voxelselector - INFO - in rank 1, task 128 takes 1.26 s
2023-03-29 20:25:01,594 - brainiak.fcma.voxelselector - INFO - in rank 1, task 129 takes 1.26 s
2023-03-29 20:25:02,855 - brainiak.fcma.voxelselector - INFO - in rank 1, task 130 takes 1.26 s
2023-03-29 20:25:04,113 - brainiak.fcma.voxelselector - INFO - in rank 1, task 131 takes 1.26 s
2023-03-29 20:25:05,369 - brainiak.fcma.voxelselector - INFO - in rank 1, task 132 takes 1.26 s
2023-03-29 20:25:06,627 - brainiak.fcma.voxelselector - INFO - in rank 1, task 133 takes 1.26 s
2023-03-29 20:25:07,885 - brainiak.fcma.voxelselector - INFO - in rank 1, task 134 takes 1.26 s
2023-03-29 20:25:09,143 - brainiak.fcma.voxelselector - INFO - in rank 1, task 135 takes 1.26 s
2023-03-29 20:25:10,398 - brainiak.fcma.voxelselector - INFO - in rank 1, task 136 takes 1.25 s
2023-03-29 20:25:11,655 - brainiak.fcma.voxelselector - INFO - in rank 1, task 137 takes 1.26 s
2023-03-29 20:25:12,914 - brainiak.fcma.voxelselector - INFO - in rank 1, task 138 takes 1.26 s
2023-03-29 20:25:14,172 - brainiak.fcma.voxelselector - INFO - in rank 1, task 139 takes 1.26 s
2023-03-29 20:25:15,429 - brainiak.fcma.voxelselector - INFO - in rank 1, task 140 takes 1.26 s
2023-03-29 20:25:16,687 - brainiak.fcma.voxelselector - INFO - in rank 1, task 141 takes 1.26 s
2023-03-29 20:25:17,945 - brainiak.fcma.voxelselector - INFO - in rank 1, task 142 takes 1.26 s
2023-03-29 20:25:19,203 - brainiak.fcma.voxelselector - INFO - in rank 1, task 143 takes 1.26 s
2023-03-29 20:25:20,460 - brainiak.fcma.voxelselector - INFO - in rank 1, task 144 takes 1.26 s
2023-03-29 20:25:21,717 - brainiak.fcma.voxelselector - INFO - in rank 1, task 145 takes 1.26 s
2023-03-29 20:25:22,975 - brainiak.fcma.voxelselector - INFO - in rank 1, task 146 takes 1.26 s
2023-03-29 20:25:24,232 - brainiak.fcma.voxelselector - INFO - in rank 1, task 147 takes 1.26 s
2023-03-29 20:25:25,488 - brainiak.fcma.voxelselector - INFO - in rank 1, task 148 takes 1.26 s
2023-03-29 20:25:26,744 - brainiak.fcma.voxelselector - INFO - in rank 1, task 149 takes 1.26 s
2023-03-29 20:25:27,999 - brainiak.fcma.voxelselector - INFO - in rank 1, task 150 takes 1.25 s
2023-03-29 20:25:29,264 - brainiak.fcma.voxelselector - INFO - in rank 1, task 151 takes 1.26 s
2023-03-29 20:25:30,522 - brainiak.fcma.voxelselector - INFO - in rank 1, task 152 takes 1.26 s
2023-03-29 20:25:31,780 - brainiak.fcma.voxelselector - INFO - in rank 1, task 153 takes 1.26 s
2023-03-29 20:25:33,038 - brainiak.fcma.voxelselector - INFO - in rank 1, task 154 takes 1.26 s
2023-03-29 20:25:34,296 - brainiak.fcma.voxelselector - INFO - in rank 1, task 155 takes 1.26 s
2023-03-29 20:25:35,553 - brainiak.fcma.voxelselector - INFO - in rank 1, task 156 takes 1.26 s
2023-03-29 20:25:36,810 - brainiak.fcma.voxelselector - INFO - in rank 1, task 157 takes 1.26 s
2023-03-29 20:25:38,066 - brainiak.fcma.voxelselector - INFO - in rank 1, task 158 takes 1.26 s
2023-03-29 20:25:39,324 - brainiak.fcma.voxelselector - INFO - in rank 1, task 159 takes 1.26 s
2023-03-29 20:25:40,580 - brainiak.fcma.voxelselector - INFO - in rank 1, task 160 takes 1.26 s
2023-03-29 20:25:41,839 - brainiak.fcma.voxelselector - INFO - in rank 1, task 161 takes 1.26 s
2023-03-29 20:25:43,097 - brainiak.fcma.voxelselector - INFO - in rank 1, task 162 takes 1.26 s
2023-03-29 20:25:44,354 - brainiak.fcma.voxelselector - INFO - in rank 1, task 163 takes 1.26 s
2023-03-29 20:25:45,611 - brainiak.fcma.voxelselector - INFO - in rank 1, task 164 takes 1.26 s
2023-03-29 20:25:46,863 - brainiak.fcma.voxelselector - INFO - in rank 1, task 165 takes 1.25 s
2023-03-29 20:25:48,118 - brainiak.fcma.voxelselector - INFO - in rank 1, task 166 takes 1.25 s
2023-03-29 20:25:49,376 - brainiak.fcma.voxelselector - INFO - in rank 1, task 167 takes 1.26 s
2023-03-29 20:25:50,634 - brainiak.fcma.voxelselector - INFO - in rank 1, task 168 takes 1.26 s
2023-03-29 20:25:51,892 - brainiak.fcma.voxelselector - INFO - in rank 1, task 169 takes 1.26 s
2023-03-29 20:25:53,151 - brainiak.fcma.voxelselector - INFO - in rank 1, task 170 takes 1.26 s
2023-03-29 20:25:54,409 - brainiak.fcma.voxelselector - INFO - in rank 1, task 171 takes 1.26 s
2023-03-29 20:25:55,665 - brainiak.fcma.voxelselector - INFO - in rank 1, task 172 takes 1.26 s
2023-03-29 20:25:56,923 - brainiak.fcma.voxelselector - INFO - in rank 1, task 173 takes 1.26 s
2023-03-29 20:25:58,181 - brainiak.fcma.voxelselector - INFO - in rank 1, task 174 takes 1.26 s
2023-03-29 20:25:59,439 - brainiak.fcma.voxelselector - INFO - in rank 1, task 175 takes 1.26 s
2023-03-29 20:26:00,697 - brainiak.fcma.voxelselector - INFO - in rank 1, task 176 takes 1.26 s
2023-03-29 20:26:01,955 - brainiak.fcma.voxelselector - INFO - in rank 1, task 177 takes 1.26 s
2023-03-29 20:26:03,216 - brainiak.fcma.voxelselector - INFO - in rank 1, task 178 takes 1.26 s
2023-03-29 20:26:04,473 - brainiak.fcma.voxelselector - INFO - in rank 1, task 179 takes 1.26 s
2023-03-29 20:26:05,727 - brainiak.fcma.voxelselector - INFO - in rank 1, task 180 takes 1.25 s
2023-03-29 20:26:06,982 - brainiak.fcma.voxelselector - INFO - in rank 1, task 181 takes 1.25 s
2023-03-29 20:26:08,239 - brainiak.fcma.voxelselector - INFO - in rank 1, task 182 takes 1.26 s
2023-03-29 20:26:09,497 - brainiak.fcma.voxelselector - INFO - in rank 1, task 183 takes 1.26 s
2023-03-29 20:26:10,756 - brainiak.fcma.voxelselector - INFO - in rank 1, task 184 takes 1.26 s
2023-03-29 20:26:12,015 - brainiak.fcma.voxelselector - INFO - in rank 1, task 185 takes 1.26 s
2023-03-29 20:26:13,272 - brainiak.fcma.voxelselector - INFO - in rank 1, task 186 takes 1.26 s
2023-03-29 20:26:14,530 - brainiak.fcma.voxelselector - INFO - in rank 1, task 187 takes 1.26 s
2023-03-29 20:26:15,789 - brainiak.fcma.voxelselector - INFO - in rank 1, task 188 takes 1.26 s
2023-03-29 20:26:17,048 - brainiak.fcma.voxelselector - INFO - in rank 1, task 189 takes 1.26 s
2023-03-29 20:26:18,305 - brainiak.fcma.voxelselector - INFO - in rank 1, task 190 takes 1.26 s
2023-03-29 20:26:19,564 - brainiak.fcma.voxelselector - INFO - in rank 1, task 191 takes 1.26 s
2023-03-29 20:26:20,821 - brainiak.fcma.voxelselector - INFO - in rank 1, task 192 takes 1.26 s
2023-03-29 20:26:22,080 - brainiak.fcma.voxelselector - INFO - in rank 1, task 193 takes 1.26 s
2023-03-29 20:26:23,338 - brainiak.fcma.voxelselector - INFO - in rank 1, task 194 takes 1.26 s
2023-03-29 20:26:24,592 - brainiak.fcma.voxelselector - INFO - in rank 1, task 195 takes 1.25 s
2023-03-29 20:26:25,847 - brainiak.fcma.voxelselector - INFO - in rank 1, task 196 takes 1.25 s
2023-03-29 20:26:27,105 - brainiak.fcma.voxelselector - INFO - in rank 1, task 197 takes 1.26 s
2023-03-29 20:26:28,363 - brainiak.fcma.voxelselector - INFO - in rank 1, task 198 takes 1.26 s
2023-03-29 20:26:29,620 - brainiak.fcma.voxelselector - INFO - in rank 1, task 199 takes 1.26 s
2023-03-29 20:26:30,877 - brainiak.fcma.voxelselector - INFO - in rank 1, task 200 takes 1.26 s
2023-03-29 20:26:32,135 - brainiak.fcma.voxelselector - INFO - in rank 1, task 201 takes 1.26 s
2023-03-29 20:26:33,391 - brainiak.fcma.voxelselector - INFO - in rank 1, task 202 takes 1.26 s
2023-03-29 20:26:34,648 - brainiak.fcma.voxelselector - INFO - in rank 1, task 203 takes 1.26 s
2023-03-29 20:26:35,905 - brainiak.fcma.voxelselector - INFO - in rank 1, task 204 takes 1.26 s
2023-03-29 20:26:37,162 - brainiak.fcma.voxelselector - INFO - in rank 1, task 205 takes 1.26 s
2023-03-29 20:26:38,420 - brainiak.fcma.voxelselector - INFO - in rank 1, task 206 takes 1.26 s
2023-03-29 20:26:39,677 - brainiak.fcma.voxelselector - INFO - in rank 1, task 207 takes 1.26 s
2023-03-29 20:26:40,945 - brainiak.fcma.voxelselector - INFO - in rank 1, task 208 takes 1.27 s
2023-03-29 20:26:42,202 - brainiak.fcma.voxelselector - INFO - in rank 1, task 209 takes 1.26 s
2023-03-29 20:26:43,456 - brainiak.fcma.voxelselector - INFO - in rank 1, task 210 takes 1.25 s
2023-03-29 20:26:44,709 - brainiak.fcma.voxelselector - INFO - in rank 1, task 211 takes 1.25 s
2023-03-29 20:26:45,965 - brainiak.fcma.voxelselector - INFO - in rank 1, task 212 takes 1.25 s
2023-03-29 20:26:47,221 - brainiak.fcma.voxelselector - INFO - in rank 1, task 213 takes 1.26 s
2023-03-29 20:26:48,479 - brainiak.fcma.voxelselector - INFO - in rank 1, task 214 takes 1.26 s
2023-03-29 20:26:49,736 - brainiak.fcma.voxelselector - INFO - in rank 1, task 215 takes 1.26 s
2023-03-29 20:26:50,994 - brainiak.fcma.voxelselector - INFO - in rank 1, task 216 takes 1.26 s
2023-03-29 20:26:52,250 - brainiak.fcma.voxelselector - INFO - in rank 1, task 217 takes 1.26 s
2023-03-29 20:26:53,509 - brainiak.fcma.voxelselector - INFO - in rank 1, task 218 takes 1.26 s
2023-03-29 20:26:54,767 - brainiak.fcma.voxelselector - INFO - in rank 1, task 219 takes 1.26 s
2023-03-29 20:26:56,024 - brainiak.fcma.voxelselector - INFO - in rank 1, task 220 takes 1.26 s
2023-03-29 20:26:57,282 - brainiak.fcma.voxelselector - INFO - in rank 1, task 221 takes 1.26 s
2023-03-29 20:26:58,538 - brainiak.fcma.voxelselector - INFO - in rank 1, task 222 takes 1.26 s
2023-03-29 20:26:59,795 - brainiak.fcma.voxelselector - INFO - in rank 1, task 223 takes 1.26 s
2023-03-29 20:27:01,053 - brainiak.fcma.voxelselector - INFO - in rank 1, task 224 takes 1.26 s
2023-03-29 20:27:02,309 - brainiak.fcma.voxelselector - INFO - in rank 1, task 225 takes 1.26 s
2023-03-29 20:27:03,560 - brainiak.fcma.voxelselector - INFO - in rank 1, task 226 takes 1.25 s
2023-03-29 20:27:04,814 - brainiak.fcma.voxelselector - INFO - in rank 1, task 227 takes 1.25 s
2023-03-29 20:27:06,070 - brainiak.fcma.voxelselector - INFO - in rank 1, task 228 takes 1.26 s
2023-03-29 20:27:07,328 - brainiak.fcma.voxelselector - INFO - in rank 1, task 229 takes 1.26 s
2023-03-29 20:27:08,585 - brainiak.fcma.voxelselector - INFO - in rank 1, task 230 takes 1.26 s
2023-03-29 20:27:09,843 - brainiak.fcma.voxelselector - INFO - in rank 1, task 231 takes 1.26 s
2023-03-29 20:27:11,099 - brainiak.fcma.voxelselector - INFO - in rank 1, task 232 takes 1.26 s
2023-03-29 20:27:12,356 - brainiak.fcma.voxelselector - INFO - in rank 1, task 233 takes 1.26 s
2023-03-29 20:27:13,613 - brainiak.fcma.voxelselector - INFO - in rank 1, task 234 takes 1.26 s
2023-03-29 20:27:14,871 - brainiak.fcma.voxelselector - INFO - in rank 1, task 235 takes 1.26 s
2023-03-29 20:27:16,127 - brainiak.fcma.voxelselector - INFO - in rank 1, task 236 takes 1.26 s
2023-03-29 20:27:17,385 - brainiak.fcma.voxelselector - INFO - in rank 1, task 237 takes 1.26 s
2023-03-29 20:27:18,642 - brainiak.fcma.voxelselector - INFO - in rank 1, task 238 takes 1.26 s
2023-03-29 20:27:19,899 - brainiak.fcma.voxelselector - INFO - in rank 1, task 239 takes 1.26 s
2023-03-29 20:27:21,156 - brainiak.fcma.voxelselector - INFO - in rank 1, task 240 takes 1.26 s
2023-03-29 20:27:22,413 - brainiak.fcma.voxelselector - INFO - in rank 1, task 241 takes 1.26 s
2023-03-29 20:27:23,665 - brainiak.fcma.voxelselector - INFO - in rank 1, task 242 takes 1.25 s
2023-03-29 20:27:24,920 - brainiak.fcma.voxelselector - INFO - in rank 1, task 243 takes 1.25 s
2023-03-29 20:27:26,176 - brainiak.fcma.voxelselector - INFO - in rank 1, task 244 takes 1.26 s
2023-03-29 20:27:27,433 - brainiak.fcma.voxelselector - INFO - in rank 1, task 245 takes 1.26 s
2023-03-29 20:27:28,691 - brainiak.fcma.voxelselector - INFO - in rank 1, task 246 takes 1.26 s
2023-03-29 20:27:29,946 - brainiak.fcma.voxelselector - INFO - in rank 1, task 247 takes 1.26 s
2023-03-29 20:27:31,203 - brainiak.fcma.voxelselector - INFO - in rank 1, task 248 takes 1.26 s
2023-03-29 20:27:32,461 - brainiak.fcma.voxelselector - INFO - in rank 1, task 249 takes 1.26 s
2023-03-29 20:27:33,715 - brainiak.fcma.voxelselector - INFO - in rank 1, task 250 takes 1.25 s
2023-03-29 20:27:34,971 - brainiak.fcma.voxelselector - INFO - in rank 1, task 251 takes 1.26 s
2023-03-29 20:27:36,227 - brainiak.fcma.voxelselector - INFO - in rank 1, task 252 takes 1.26 s
2023-03-29 20:27:37,483 - brainiak.fcma.voxelselector - INFO - in rank 1, task 253 takes 1.26 s
2023-03-29 20:27:38,740 - brainiak.fcma.voxelselector - INFO - in rank 1, task 254 takes 1.26 s
2023-03-29 20:27:39,996 - brainiak.fcma.voxelselector - INFO - in rank 1, task 255 takes 1.26 s
2023-03-29 20:27:41,252 - brainiak.fcma.voxelselector - INFO - in rank 1, task 256 takes 1.26 s
2023-03-29 20:27:42,507 - brainiak.fcma.voxelselector - INFO - in rank 1, task 257 takes 1.25 s
2023-03-29 20:27:43,760 - brainiak.fcma.voxelselector - INFO - in rank 1, task 258 takes 1.25 s
2023-03-29 20:27:45,013 - brainiak.fcma.voxelselector - INFO - in rank 1, task 259 takes 1.25 s
2023-03-29 20:27:46,268 - brainiak.fcma.voxelselector - INFO - in rank 1, task 260 takes 1.25 s
2023-03-29 20:27:47,523 - brainiak.fcma.voxelselector - INFO - in rank 1, task 261 takes 1.25 s
2023-03-29 20:27:48,778 - brainiak.fcma.voxelselector - INFO - in rank 1, task 262 takes 1.25 s
2023-03-29 20:27:50,034 - brainiak.fcma.voxelselector - INFO - in rank 1, task 263 takes 1.25 s
2023-03-29 20:27:51,290 - brainiak.fcma.voxelselector - INFO - in rank 1, task 264 takes 1.26 s
2023-03-29 20:27:52,554 - brainiak.fcma.voxelselector - INFO - in rank 1, task 265 takes 1.26 s
2023-03-29 20:27:53,809 - brainiak.fcma.voxelselector - INFO - in rank 1, task 266 takes 1.25 s
2023-03-29 20:27:55,063 - brainiak.fcma.voxelselector - INFO - in rank 1, task 267 takes 1.25 s
2023-03-29 20:27:56,319 - brainiak.fcma.voxelselector - INFO - in rank 1, task 268 takes 1.26 s
2023-03-29 20:27:57,574 - brainiak.fcma.voxelselector - INFO - in rank 1, task 269 takes 1.25 s
2023-03-29 20:27:58,829 - brainiak.fcma.voxelselector - INFO - in rank 1, task 270 takes 1.25 s
2023-03-29 20:28:00,083 - brainiak.fcma.voxelselector - INFO - in rank 1, task 271 takes 1.25 s
2023-03-29 20:28:01,338 - brainiak.fcma.voxelselector - INFO - in rank 1, task 272 takes 1.25 s
2023-03-29 20:28:02,593 - brainiak.fcma.voxelselector - INFO - in rank 1, task 273 takes 1.25 s
2023-03-29 20:28:03,847 - brainiak.fcma.voxelselector - INFO - in rank 1, task 274 takes 1.25 s
2023-03-29 20:28:05,101 - brainiak.fcma.voxelselector - INFO - in rank 1, task 275 takes 1.25 s
2023-03-29 20:28:06,356 - brainiak.fcma.voxelselector - INFO - in rank 1, task 276 takes 1.26 s
2023-03-29 20:28:07,613 - brainiak.fcma.voxelselector - INFO - in rank 1, task 277 takes 1.26 s
2023-03-29 20:28:08,868 - brainiak.fcma.voxelselector - INFO - in rank 1, task 278 takes 1.25 s
2023-03-29 20:28:10,124 - brainiak.fcma.voxelselector - INFO - in rank 1, task 279 takes 1.26 s
2023-03-29 20:28:11,381 - brainiak.fcma.voxelselector - INFO - in rank 1, task 280 takes 1.26 s
2023-03-29 20:28:12,635 - brainiak.fcma.voxelselector - INFO - in rank 1, task 281 takes 1.25 s
2023-03-29 20:28:13,890 - brainiak.fcma.voxelselector - INFO - in rank 1, task 282 takes 1.25 s
2023-03-29 20:28:15,145 - brainiak.fcma.voxelselector - INFO - in rank 1, task 283 takes 1.25 s
2023-03-29 20:28:16,402 - brainiak.fcma.voxelselector - INFO - in rank 1, task 284 takes 1.26 s
2023-03-29 20:28:17,658 - brainiak.fcma.voxelselector - INFO - in rank 1, task 285 takes 1.26 s
2023-03-29 20:28:18,914 - brainiak.fcma.voxelselector - INFO - in rank 1, task 286 takes 1.26 s
2023-03-29 20:28:20,168 - brainiak.fcma.voxelselector - INFO - in rank 1, task 287 takes 1.25 s
2023-03-29 20:28:21,423 - brainiak.fcma.voxelselector - INFO - in rank 1, task 288 takes 1.25 s
2023-03-29 20:28:22,679 - brainiak.fcma.voxelselector - INFO - in rank 1, task 289 takes 1.26 s
2023-03-29 20:28:23,936 - brainiak.fcma.voxelselector - INFO - in rank 1, task 290 takes 1.26 s
2023-03-29 20:28:25,192 - brainiak.fcma.voxelselector - INFO - in rank 1, task 291 takes 1.26 s
2023-03-29 20:28:26,450 - brainiak.fcma.voxelselector - INFO - in rank 1, task 292 takes 1.26 s
2023-03-29 20:28:27,709 - brainiak.fcma.voxelselector - INFO - in rank 1, task 293 takes 1.26 s
2023-03-29 20:28:28,967 - brainiak.fcma.voxelselector - INFO - in rank 1, task 294 takes 1.26 s
2023-03-29 20:28:30,225 - brainiak.fcma.voxelselector - INFO - in rank 1, task 295 takes 1.26 s
2023-03-29 20:28:31,481 - brainiak.fcma.voxelselector - INFO - in rank 1, task 296 takes 1.26 s
2023-03-29 20:28:32,736 - brainiak.fcma.voxelselector - INFO - in rank 1, task 297 takes 1.25 s
2023-03-29 20:28:33,991 - brainiak.fcma.voxelselector - INFO - in rank 1, task 298 takes 1.25 s
2023-03-29 20:28:35,247 - brainiak.fcma.voxelselector - INFO - in rank 1, task 299 takes 1.26 s
2023-03-29 20:28:36,505 - brainiak.fcma.voxelselector - INFO - in rank 1, task 300 takes 1.26 s
2023-03-29 20:28:37,761 - brainiak.fcma.voxelselector - INFO - in rank 1, task 301 takes 1.26 s
2023-03-29 20:28:39,018 - brainiak.fcma.voxelselector - INFO - in rank 1, task 302 takes 1.26 s
2023-03-29 20:28:40,275 - brainiak.fcma.voxelselector - INFO - in rank 1, task 303 takes 1.26 s
2023-03-29 20:28:41,527 - brainiak.fcma.voxelselector - INFO - in rank 1, task 304 takes 1.25 s
2023-03-29 20:28:42,781 - brainiak.fcma.voxelselector - INFO - in rank 1, task 305 takes 1.25 s
2023-03-29 20:28:44,037 - brainiak.fcma.voxelselector - INFO - in rank 1, task 306 takes 1.26 s
2023-03-29 20:28:45,294 - brainiak.fcma.voxelselector - INFO - in rank 1, task 307 takes 1.26 s
2023-03-29 20:28:46,552 - brainiak.fcma.voxelselector - INFO - in rank 1, task 308 takes 1.26 s
2023-03-29 20:28:47,809 - brainiak.fcma.voxelselector - INFO - in rank 1, task 309 takes 1.26 s
2023-03-29 20:28:49,067 - brainiak.fcma.voxelselector - INFO - in rank 1, task 310 takes 1.26 s
2023-03-29 20:28:50,323 - brainiak.fcma.voxelselector - INFO - in rank 1, task 311 takes 1.26 s
2023-03-29 20:28:51,580 - brainiak.fcma.voxelselector - INFO - in rank 1, task 312 takes 1.26 s
2023-03-29 20:28:52,835 - brainiak.fcma.voxelselector - INFO - in rank 1, task 313 takes 1.26 s
2023-03-29 20:28:54,092 - brainiak.fcma.voxelselector - INFO - in rank 1, task 314 takes 1.26 s
2023-03-29 20:28:55,349 - brainiak.fcma.voxelselector - INFO - in rank 1, task 315 takes 1.26 s
2023-03-29 20:28:56,606 - brainiak.fcma.voxelselector - INFO - in rank 1, task 316 takes 1.26 s
2023-03-29 20:28:57,864 - brainiak.fcma.voxelselector - INFO - in rank 1, task 317 takes 1.26 s
2023-03-29 20:28:59,122 - brainiak.fcma.voxelselector - INFO - in rank 1, task 318 takes 1.26 s
2023-03-29 20:29:00,379 - brainiak.fcma.voxelselector - INFO - in rank 1, task 319 takes 1.26 s
2023-03-29 20:29:01,631 - brainiak.fcma.voxelselector - INFO - in rank 1, task 320 takes 1.25 s
2023-03-29 20:29:02,886 - brainiak.fcma.voxelselector - INFO - in rank 1, task 321 takes 1.25 s
2023-03-29 20:29:04,152 - brainiak.fcma.voxelselector - INFO - in rank 1, task 322 takes 1.27 s
2023-03-29 20:29:05,408 - brainiak.fcma.voxelselector - INFO - in rank 1, task 323 takes 1.26 s
2023-03-29 20:29:06,666 - brainiak.fcma.voxelselector - INFO - in rank 1, task 324 takes 1.26 s
2023-03-29 20:29:07,924 - brainiak.fcma.voxelselector - INFO - in rank 1, task 325 takes 1.26 s
2023-03-29 20:29:09,181 - brainiak.fcma.voxelselector - INFO - in rank 1, task 326 takes 1.26 s
2023-03-29 20:29:10,438 - brainiak.fcma.voxelselector - INFO - in rank 1, task 327 takes 1.26 s
2023-03-29 20:29:11,695 - brainiak.fcma.voxelselector - INFO - in rank 1, task 328 takes 1.26 s
2023-03-29 20:29:12,951 - brainiak.fcma.voxelselector - INFO - in rank 1, task 329 takes 1.26 s
2023-03-29 20:29:14,208 - brainiak.fcma.voxelselector - INFO - in rank 1, task 330 takes 1.26 s
2023-03-29 20:29:15,466 - brainiak.fcma.voxelselector - INFO - in rank 1, task 331 takes 1.26 s
2023-03-29 20:29:16,723 - brainiak.fcma.voxelselector - INFO - in rank 1, task 332 takes 1.26 s
2023-03-29 20:29:17,979 - brainiak.fcma.voxelselector - INFO - in rank 1, task 333 takes 1.26 s
2023-03-29 20:29:19,238 - brainiak.fcma.voxelselector - INFO - in rank 1, task 334 takes 1.26 s
2023-03-29 20:29:20,492 - brainiak.fcma.voxelselector - INFO - in rank 1, task 335 takes 1.25 s
2023-03-29 20:29:21,747 - brainiak.fcma.voxelselector - INFO - in rank 1, task 336 takes 1.25 s
2023-03-29 20:29:23,004 - brainiak.fcma.voxelselector - INFO - in rank 1, task 337 takes 1.26 s
2023-03-29 20:29:24,263 - brainiak.fcma.voxelselector - INFO - in rank 1, task 338 takes 1.26 s
2023-03-29 20:29:25,520 - brainiak.fcma.voxelselector - INFO - in rank 1, task 339 takes 1.26 s
2023-03-29 20:29:26,778 - brainiak.fcma.voxelselector - INFO - in rank 1, task 340 takes 1.26 s
2023-03-29 20:29:28,035 - brainiak.fcma.voxelselector - INFO - in rank 1, task 341 takes 1.26 s
2023-03-29 20:29:29,291 - brainiak.fcma.voxelselector - INFO - in rank 1, task 342 takes 1.26 s
2023-03-29 20:29:30,547 - brainiak.fcma.voxelselector - INFO - in rank 1, task 343 takes 1.26 s
2023-03-29 20:29:31,805 - brainiak.fcma.voxelselector - INFO - in rank 1, task 344 takes 1.26 s
2023-03-29 20:29:33,061 - brainiak.fcma.voxelselector - INFO - in rank 1, task 345 takes 1.26 s
2023-03-29 20:29:34,320 - brainiak.fcma.voxelselector - INFO - in rank 1, task 346 takes 1.26 s
2023-03-29 20:29:35,577 - brainiak.fcma.voxelselector - INFO - in rank 1, task 347 takes 1.26 s
2023-03-29 20:29:36,836 - brainiak.fcma.voxelselector - INFO - in rank 1, task 348 takes 1.26 s
2023-03-29 20:29:38,093 - brainiak.fcma.voxelselector - INFO - in rank 1, task 349 takes 1.26 s
2023-03-29 20:29:39,352 - brainiak.fcma.voxelselector - INFO - in rank 1, task 350 takes 1.26 s
2023-03-29 20:29:40,606 - brainiak.fcma.voxelselector - INFO - in rank 1, task 351 takes 1.25 s
2023-03-29 20:29:41,862 - brainiak.fcma.voxelselector - INFO - in rank 1, task 352 takes 1.26 s
2023-03-29 20:29:43,120 - brainiak.fcma.voxelselector - INFO - in rank 1, task 353 takes 1.26 s
2023-03-29 20:29:44,377 - brainiak.fcma.voxelselector - INFO - in rank 1, task 354 takes 1.26 s
2023-03-29 20:29:45,633 - brainiak.fcma.voxelselector - INFO - in rank 1, task 355 takes 1.26 s
2023-03-29 20:29:46,892 - brainiak.fcma.voxelselector - INFO - in rank 1, task 356 takes 1.26 s
2023-03-29 20:29:48,150 - brainiak.fcma.voxelselector - INFO - in rank 1, task 357 takes 1.26 s
2023-03-29 20:29:49,408 - brainiak.fcma.voxelselector - INFO - in rank 1, task 358 takes 1.26 s
2023-03-29 20:29:50,666 - brainiak.fcma.voxelselector - INFO - in rank 1, task 359 takes 1.26 s
2023-03-29 20:29:51,924 - brainiak.fcma.voxelselector - INFO - in rank 1, task 360 takes 1.26 s
2023-03-29 20:29:53,182 - brainiak.fcma.voxelselector - INFO - in rank 1, task 361 takes 1.26 s
2023-03-29 20:29:54,441 - brainiak.fcma.voxelselector - INFO - in rank 1, task 362 takes 1.26 s
2023-03-29 20:29:55,699 - brainiak.fcma.voxelselector - INFO - in rank 1, task 363 takes 1.26 s
2023-03-29 20:29:56,957 - brainiak.fcma.voxelselector - INFO - in rank 1, task 364 takes 1.26 s
2023-03-29 20:29:58,214 - brainiak.fcma.voxelselector - INFO - in rank 1, task 365 takes 1.26 s
2023-03-29 20:29:59,467 - brainiak.fcma.voxelselector - INFO - in rank 1, task 366 takes 1.25 s
2023-03-29 20:30:00,722 - brainiak.fcma.voxelselector - INFO - in rank 1, task 367 takes 1.26 s
2023-03-29 20:30:01,979 - brainiak.fcma.voxelselector - INFO - in rank 1, task 368 takes 1.26 s
2023-03-29 20:30:03,238 - brainiak.fcma.voxelselector - INFO - in rank 1, task 369 takes 1.26 s
2023-03-29 20:30:04,496 - brainiak.fcma.voxelselector - INFO - in rank 1, task 370 takes 1.26 s
2023-03-29 20:30:05,753 - brainiak.fcma.voxelselector - INFO - in rank 1, task 371 takes 1.26 s
2023-03-29 20:30:07,010 - brainiak.fcma.voxelselector - INFO - in rank 1, task 372 takes 1.26 s
2023-03-29 20:30:08,266 - brainiak.fcma.voxelselector - INFO - in rank 1, task 373 takes 1.26 s
2023-03-29 20:30:09,523 - brainiak.fcma.voxelselector - INFO - in rank 1, task 374 takes 1.26 s
2023-03-29 20:30:10,781 - brainiak.fcma.voxelselector - INFO - in rank 1, task 375 takes 1.26 s
2023-03-29 20:30:12,038 - brainiak.fcma.voxelselector - INFO - in rank 1, task 376 takes 1.26 s
2023-03-29 20:30:13,296 - brainiak.fcma.voxelselector - INFO - in rank 1, task 377 takes 1.26 s
2023-03-29 20:30:14,555 - brainiak.fcma.voxelselector - INFO - in rank 1, task 378 takes 1.26 s
2023-03-29 20:30:15,822 - brainiak.fcma.voxelselector - INFO - in rank 1, task 379 takes 1.27 s
2023-03-29 20:30:17,079 - brainiak.fcma.voxelselector - INFO - in rank 1, task 380 takes 1.26 s
2023-03-29 20:30:18,333 - brainiak.fcma.voxelselector - INFO - in rank 1, task 381 takes 1.25 s
2023-03-29 20:30:19,588 - brainiak.fcma.voxelselector - INFO - in rank 1, task 382 takes 1.25 s
2023-03-29 20:30:20,844 - brainiak.fcma.voxelselector - INFO - in rank 1, task 383 takes 1.26 s
2023-03-29 20:30:22,100 - brainiak.fcma.voxelselector - INFO - in rank 1, task 384 takes 1.26 s
2023-03-29 20:30:23,358 - brainiak.fcma.voxelselector - INFO - in rank 1, task 385 takes 1.26 s
2023-03-29 20:30:24,616 - brainiak.fcma.voxelselector - INFO - in rank 1, task 386 takes 1.26 s
2023-03-29 20:30:25,874 - brainiak.fcma.voxelselector - INFO - in rank 1, task 387 takes 1.26 s
2023-03-29 20:30:27,132 - brainiak.fcma.voxelselector - INFO - in rank 1, task 388 takes 1.26 s
2023-03-29 20:30:28,391 - brainiak.fcma.voxelselector - INFO - in rank 1, task 389 takes 1.26 s
2023-03-29 20:30:29,648 - brainiak.fcma.voxelselector - INFO - in rank 1, task 390 takes 1.26 s
2023-03-29 20:30:30,906 - brainiak.fcma.voxelselector - INFO - in rank 1, task 391 takes 1.26 s
2023-03-29 20:30:32,164 - brainiak.fcma.voxelselector - INFO - in rank 1, task 392 takes 1.26 s
2023-03-29 20:30:33,421 - brainiak.fcma.voxelselector - INFO - in rank 1, task 393 takes 1.26 s
2023-03-29 20:30:34,678 - brainiak.fcma.voxelselector - INFO - in rank 1, task 394 takes 1.26 s
2023-03-29 20:30:35,935 - brainiak.fcma.voxelselector - INFO - in rank 1, task 395 takes 1.26 s
2023-03-29 20:30:37,189 - brainiak.fcma.voxelselector - INFO - in rank 1, task 396 takes 1.25 s
2023-03-29 20:30:38,444 - brainiak.fcma.voxelselector - INFO - in rank 1, task 397 takes 1.25 s
2023-03-29 20:30:39,700 - brainiak.fcma.voxelselector - INFO - in rank 1, task 398 takes 1.26 s
2023-03-29 20:30:40,957 - brainiak.fcma.voxelselector - INFO - in rank 1, task 399 takes 1.26 s
2023-03-29 20:30:42,214 - brainiak.fcma.voxelselector - INFO - in rank 1, task 400 takes 1.26 s
2023-03-29 20:30:43,470 - brainiak.fcma.voxelselector - INFO - in rank 1, task 401 takes 1.26 s
2023-03-29 20:30:44,726 - brainiak.fcma.voxelselector - INFO - in rank 1, task 402 takes 1.26 s
2023-03-29 20:30:45,985 - brainiak.fcma.voxelselector - INFO - in rank 1, task 403 takes 1.26 s
2023-03-29 20:30:47,243 - brainiak.fcma.voxelselector - INFO - in rank 1, task 404 takes 1.26 s
2023-03-29 20:30:48,502 - brainiak.fcma.voxelselector - INFO - in rank 1, task 405 takes 1.26 s
2023-03-29 20:30:49,761 - brainiak.fcma.voxelselector - INFO - in rank 1, task 406 takes 1.26 s
2023-03-29 20:30:51,021 - brainiak.fcma.voxelselector - INFO - in rank 1, task 407 takes 1.26 s
2023-03-29 20:30:52,278 - brainiak.fcma.voxelselector - INFO - in rank 1, task 408 takes 1.26 s
2023-03-29 20:30:53,535 - brainiak.fcma.voxelselector - INFO - in rank 1, task 409 takes 1.26 s
2023-03-29 20:30:54,791 - brainiak.fcma.voxelselector - INFO - in rank 1, task 410 takes 1.26 s
2023-03-29 20:30:56,044 - brainiak.fcma.voxelselector - INFO - in rank 1, task 411 takes 1.25 s
2023-03-29 20:30:57,298 - brainiak.fcma.voxelselector - INFO - in rank 1, task 412 takes 1.25 s
2023-03-29 20:30:58,553 - brainiak.fcma.voxelselector - INFO - in rank 1, task 413 takes 1.25 s
2023-03-29 20:30:59,809 - brainiak.fcma.voxelselector - INFO - in rank 1, task 414 takes 1.26 s
2023-03-29 20:31:01,068 - brainiak.fcma.voxelselector - INFO - in rank 1, task 415 takes 1.26 s
2023-03-29 20:31:02,327 - brainiak.fcma.voxelselector - INFO - in rank 1, task 416 takes 1.26 s
2023-03-29 20:31:03,584 - brainiak.fcma.voxelselector - INFO - in rank 1, task 417 takes 1.26 s
2023-03-29 20:31:04,842 - brainiak.fcma.voxelselector - INFO - in rank 1, task 418 takes 1.26 s
2023-03-29 20:31:06,100 - brainiak.fcma.voxelselector - INFO - in rank 1, task 419 takes 1.26 s
2023-03-29 20:31:07,358 - brainiak.fcma.voxelselector - INFO - in rank 1, task 420 takes 1.26 s
2023-03-29 20:31:08,616 - brainiak.fcma.voxelselector - INFO - in rank 1, task 421 takes 1.26 s
2023-03-29 20:31:09,873 - brainiak.fcma.voxelselector - INFO - in rank 1, task 422 takes 1.26 s
2023-03-29 20:31:11,130 - brainiak.fcma.voxelselector - INFO - in rank 1, task 423 takes 1.26 s
2023-03-29 20:31:12,386 - brainiak.fcma.voxelselector - INFO - in rank 1, task 424 takes 1.26 s
2023-03-29 20:31:13,643 - brainiak.fcma.voxelselector - INFO - in rank 1, task 425 takes 1.26 s
2023-03-29 20:31:14,896 - brainiak.fcma.voxelselector - INFO - in rank 1, task 426 takes 1.25 s
2023-03-29 20:31:16,149 - brainiak.fcma.voxelselector - INFO - in rank 1, task 427 takes 1.25 s
2023-03-29 20:31:17,404 - brainiak.fcma.voxelselector - INFO - in rank 1, task 428 takes 1.26 s
2023-03-29 20:31:18,661 - brainiak.fcma.voxelselector - INFO - in rank 1, task 429 takes 1.26 s
2023-03-29 20:31:19,920 - brainiak.fcma.voxelselector - INFO - in rank 1, task 430 takes 1.26 s
2023-03-29 20:31:21,178 - brainiak.fcma.voxelselector - INFO - in rank 1, task 431 takes 1.26 s
2023-03-29 20:31:22,435 - brainiak.fcma.voxelselector - INFO - in rank 1, task 432 takes 1.26 s
2023-03-29 20:31:23,692 - brainiak.fcma.voxelselector - INFO - in rank 1, task 433 takes 1.26 s
2023-03-29 20:31:24,949 - brainiak.fcma.voxelselector - INFO - in rank 1, task 434 takes 1.26 s
2023-03-29 20:31:26,207 - brainiak.fcma.voxelselector - INFO - in rank 1, task 435 takes 1.26 s
2023-03-29 20:31:27,474 - brainiak.fcma.voxelselector - INFO - in rank 1, task 436 takes 1.27 s
2023-03-29 20:31:28,732 - brainiak.fcma.voxelselector - INFO - in rank 1, task 437 takes 1.26 s
2023-03-29 20:31:29,988 - brainiak.fcma.voxelselector - INFO - in rank 1, task 438 takes 1.26 s
2023-03-29 20:31:31,245 - brainiak.fcma.voxelselector - INFO - in rank 1, task 439 takes 1.26 s
2023-03-29 20:31:32,501 - brainiak.fcma.voxelselector - INFO - in rank 1, task 440 takes 1.26 s
2023-03-29 20:31:33,755 - brainiak.fcma.voxelselector - INFO - in rank 1, task 441 takes 1.25 s
2023-03-29 20:31:35,007 - brainiak.fcma.voxelselector - INFO - in rank 1, task 442 takes 1.25 s
2023-03-29 20:31:36,265 - brainiak.fcma.voxelselector - INFO - in rank 1, task 443 takes 1.26 s
2023-03-29 20:31:37,522 - brainiak.fcma.voxelselector - INFO - in rank 1, task 444 takes 1.26 s
2023-03-29 20:31:38,782 - brainiak.fcma.voxelselector - INFO - in rank 1, task 445 takes 1.26 s
2023-03-29 20:31:40,043 - brainiak.fcma.voxelselector - INFO - in rank 1, task 446 takes 1.26 s
2023-03-29 20:31:41,301 - brainiak.fcma.voxelselector - INFO - in rank 1, task 447 takes 1.26 s
2023-03-29 20:31:42,561 - brainiak.fcma.voxelselector - INFO - in rank 1, task 448 takes 1.26 s
2023-03-29 20:31:43,822 - brainiak.fcma.voxelselector - INFO - in rank 1, task 449 takes 1.26 s
2023-03-29 20:31:45,083 - brainiak.fcma.voxelselector - INFO - in rank 1, task 450 takes 1.26 s
2023-03-29 20:31:46,341 - brainiak.fcma.voxelselector - INFO - in rank 1, task 451 takes 1.26 s
2023-03-29 20:31:47,600 - brainiak.fcma.voxelselector - INFO - in rank 1, task 452 takes 1.26 s
2023-03-29 20:31:48,858 - brainiak.fcma.voxelselector - INFO - in rank 1, task 453 takes 1.26 s
2023-03-29 20:31:50,117 - brainiak.fcma.voxelselector - INFO - in rank 1, task 454 takes 1.26 s
2023-03-29 20:31:51,373 - brainiak.fcma.voxelselector - INFO - in rank 1, task 455 takes 1.26 s
2023-03-29 20:31:52,631 - brainiak.fcma.voxelselector - INFO - in rank 1, task 456 takes 1.26 s
2023-03-29 20:31:53,890 - brainiak.fcma.voxelselector - INFO - in rank 1, task 457 takes 1.26 s
2023-03-29 20:31:55,152 - brainiak.fcma.voxelselector - INFO - in rank 1, task 458 takes 1.26 s
2023-03-29 20:31:56,412 - brainiak.fcma.voxelselector - INFO - in rank 1, task 459 takes 1.26 s
2023-03-29 20:31:57,673 - brainiak.fcma.voxelselector - INFO - in rank 1, task 460 takes 1.26 s
2023-03-29 20:31:58,931 - brainiak.fcma.voxelselector - INFO - in rank 1, task 461 takes 1.26 s
2023-03-29 20:32:00,190 - brainiak.fcma.voxelselector - INFO - in rank 1, task 462 takes 1.26 s
2023-03-29 20:32:01,448 - brainiak.fcma.voxelselector - INFO - in rank 1, task 463 takes 1.26 s
2023-03-29 20:32:02,712 - brainiak.fcma.voxelselector - INFO - in rank 1, task 464 takes 1.26 s
2023-03-29 20:32:03,971 - brainiak.fcma.voxelselector - INFO - in rank 1, task 465 takes 1.26 s
2023-03-29 20:32:05,230 - brainiak.fcma.voxelselector - INFO - in rank 1, task 466 takes 1.26 s
2023-03-29 20:32:06,488 - brainiak.fcma.voxelselector - INFO - in rank 1, task 467 takes 1.26 s
2023-03-29 20:32:07,748 - brainiak.fcma.voxelselector - INFO - in rank 1, task 468 takes 1.26 s
2023-03-29 20:32:09,005 - brainiak.fcma.voxelselector - INFO - in rank 1, task 469 takes 1.26 s
2023-03-29 20:32:10,265 - brainiak.fcma.voxelselector - INFO - in rank 1, task 470 takes 1.26 s
2023-03-29 20:32:11,524 - brainiak.fcma.voxelselector - INFO - in rank 1, task 471 takes 1.26 s
2023-03-29 20:32:12,784 - brainiak.fcma.voxelselector - INFO - in rank 1, task 472 takes 1.26 s
2023-03-29 20:32:14,043 - brainiak.fcma.voxelselector - INFO - in rank 1, task 473 takes 1.26 s
2023-03-29 20:32:15,304 - brainiak.fcma.voxelselector - INFO - in rank 1, task 474 takes 1.26 s
2023-03-29 20:32:16,562 - brainiak.fcma.voxelselector - INFO - in rank 1, task 475 takes 1.26 s
2023-03-29 20:32:17,821 - brainiak.fcma.voxelselector - INFO - in rank 1, task 476 takes 1.26 s
2023-03-29 20:32:19,080 - brainiak.fcma.voxelselector - INFO - in rank 1, task 477 takes 1.26 s
2023-03-29 20:32:20,339 - brainiak.fcma.voxelselector - INFO - in rank 1, task 478 takes 1.26 s
2023-03-29 20:32:21,597 - brainiak.fcma.voxelselector - INFO - in rank 1, task 479 takes 1.26 s
2023-03-29 20:32:22,855 - brainiak.fcma.voxelselector - INFO - in rank 1, task 480 takes 1.26 s
2023-03-29 20:32:24,114 - brainiak.fcma.voxelselector - INFO - in rank 1, task 481 takes 1.26 s
2023-03-29 20:32:25,375 - brainiak.fcma.voxelselector - INFO - in rank 1, task 482 takes 1.26 s
2023-03-29 20:32:26,632 - brainiak.fcma.voxelselector - INFO - in rank 1, task 483 takes 1.26 s
2023-03-29 20:32:27,891 - brainiak.fcma.voxelselector - INFO - in rank 1, task 484 takes 1.26 s
2023-03-29 20:32:29,150 - brainiak.fcma.voxelselector - INFO - in rank 1, task 485 takes 1.26 s
2023-03-29 20:32:30,409 - brainiak.fcma.voxelselector - INFO - in rank 1, task 486 takes 1.26 s
2023-03-29 20:32:31,667 - brainiak.fcma.voxelselector - INFO - in rank 1, task 487 takes 1.26 s
2023-03-29 20:32:32,928 - brainiak.fcma.voxelselector - INFO - in rank 1, task 488 takes 1.26 s
2023-03-29 20:32:34,187 - brainiak.fcma.voxelselector - INFO - in rank 1, task 489 takes 1.26 s
2023-03-29 20:32:35,449 - brainiak.fcma.voxelselector - INFO - in rank 1, task 490 takes 1.26 s
2023-03-29 20:32:36,709 - brainiak.fcma.voxelselector - INFO - in rank 1, task 491 takes 1.26 s
2023-03-29 20:32:37,969 - brainiak.fcma.voxelselector - INFO - in rank 1, task 492 takes 1.26 s
2023-03-29 20:32:39,235 - brainiak.fcma.voxelselector - INFO - in rank 1, task 493 takes 1.27 s
2023-03-29 20:32:40,494 - brainiak.fcma.voxelselector - INFO - in rank 1, task 494 takes 1.26 s
2023-03-29 20:32:41,751 - brainiak.fcma.voxelselector - INFO - in rank 1, task 495 takes 1.26 s
2023-03-29 20:32:43,010 - brainiak.fcma.voxelselector - INFO - in rank 1, task 496 takes 1.26 s
2023-03-29 20:32:44,269 - brainiak.fcma.voxelselector - INFO - in rank 1, task 497 takes 1.26 s
2023-03-29 20:32:45,529 - brainiak.fcma.voxelselector - INFO - in rank 1, task 498 takes 1.26 s
2023-03-29 20:32:46,788 - brainiak.fcma.voxelselector - INFO - in rank 1, task 499 takes 1.26 s
2023-03-29 20:32:48,092 - brainiak.fcma.voxelselector - INFO - in rank 1, task 500 takes 1.26 s
2023-03-29 20:32:49,350 - brainiak.fcma.voxelselector - INFO - in rank 1, task 501 takes 1.26 s
2023-03-29 20:32:50,610 - brainiak.fcma.voxelselector - INFO - in rank 1, task 502 takes 1.26 s
2023-03-29 20:32:51,867 - brainiak.fcma.voxelselector - INFO - in rank 1, task 503 takes 1.26 s
2023-03-29 20:32:53,127 - brainiak.fcma.voxelselector - INFO - in rank 1, task 504 takes 1.26 s
2023-03-29 20:32:54,388 - brainiak.fcma.voxelselector - INFO - in rank 1, task 505 takes 1.26 s
2023-03-29 20:32:55,645 - brainiak.fcma.voxelselector - INFO - in rank 1, task 506 takes 1.26 s
2023-03-29 20:32:56,905 - brainiak.fcma.voxelselector - INFO - in rank 1, task 507 takes 1.26 s
2023-03-29 20:32:58,164 - brainiak.fcma.voxelselector - INFO - in rank 1, task 508 takes 1.26 s
2023-03-29 20:32:59,425 - brainiak.fcma.voxelselector - INFO - in rank 1, task 509 takes 1.26 s
2023-03-29 20:33:00,683 - brainiak.fcma.voxelselector - INFO - in rank 1, task 510 takes 1.26 s
2023-03-29 20:33:01,944 - brainiak.fcma.voxelselector - INFO - in rank 1, task 511 takes 1.26 s
2023-03-29 20:33:03,201 - brainiak.fcma.voxelselector - INFO - in rank 1, task 512 takes 1.26 s
2023-03-29 20:33:04,457 - brainiak.fcma.voxelselector - INFO - in rank 1, task 513 takes 1.26 s
2023-03-29 20:33:05,715 - brainiak.fcma.voxelselector - INFO - in rank 1, task 514 takes 1.26 s
2023-03-29 20:33:06,974 - brainiak.fcma.voxelselector - INFO - in rank 1, task 515 takes 1.26 s
2023-03-29 20:33:08,233 - brainiak.fcma.voxelselector - INFO - in rank 1, task 516 takes 1.26 s
2023-03-29 20:33:09,492 - brainiak.fcma.voxelselector - INFO - in rank 1, task 517 takes 1.26 s
2023-03-29 20:33:10,750 - brainiak.fcma.voxelselector - INFO - in rank 1, task 518 takes 1.26 s
2023-03-29 20:33:12,011 - brainiak.fcma.voxelselector - INFO - in rank 1, task 519 takes 1.26 s
2023-03-29 20:33:13,269 - brainiak.fcma.voxelselector - INFO - in rank 1, task 520 takes 1.26 s
2023-03-29 20:33:14,532 - brainiak.fcma.voxelselector - INFO - in rank 1, task 521 takes 1.26 s
2023-03-29 20:33:15,791 - brainiak.fcma.voxelselector - INFO - in rank 1, task 522 takes 1.26 s
2023-03-29 20:33:17,048 - brainiak.fcma.voxelselector - INFO - in rank 1, task 523 takes 1.26 s
2023-03-29 20:33:18,306 - brainiak.fcma.voxelselector - INFO - in rank 1, task 524 takes 1.26 s
2023-03-29 20:33:19,566 - brainiak.fcma.voxelselector - INFO - in rank 1, task 525 takes 1.26 s
2023-03-29 20:33:20,824 - brainiak.fcma.voxelselector - INFO - in rank 1, task 526 takes 1.26 s
2023-03-29 20:33:22,085 - brainiak.fcma.voxelselector - INFO - in rank 1, task 527 takes 1.26 s
2023-03-29 20:33:23,345 - brainiak.fcma.voxelselector - INFO - in rank 1, task 528 takes 1.26 s
2023-03-29 20:33:24,606 - brainiak.fcma.voxelselector - INFO - in rank 1, task 529 takes 1.26 s
2023-03-29 20:33:25,864 - brainiak.fcma.voxelselector - INFO - in rank 1, task 530 takes 1.26 s
2023-03-29 20:33:27,123 - brainiak.fcma.voxelselector - INFO - in rank 1, task 531 takes 1.26 s
2023-03-29 20:33:28,380 - brainiak.fcma.voxelselector - INFO - in rank 1, task 532 takes 1.26 s
2023-03-29 20:33:29,641 - brainiak.fcma.voxelselector - INFO - in rank 1, task 533 takes 1.26 s
2023-03-29 20:33:30,902 - brainiak.fcma.voxelselector - INFO - in rank 1, task 534 takes 1.26 s
2023-03-29 20:33:32,164 - brainiak.fcma.voxelselector - INFO - in rank 1, task 535 takes 1.26 s
2023-03-29 20:33:33,425 - brainiak.fcma.voxelselector - INFO - in rank 1, task 536 takes 1.26 s
2023-03-29 20:33:34,688 - brainiak.fcma.voxelselector - INFO - in rank 1, task 537 takes 1.26 s
2023-03-29 20:33:35,449 - __main__ - INFO - Correlation-based voxel selection is done
2023-03-29 20:33:35,438 - brainiak.fcma.voxelselector - INFO - in rank 1, task 538 takes 0.75 s
pixdim[0] (qfac) should be 1 (default) or -1; setting qfac to 1
2023-03-29 20:33:35,451 - nibabel.global - INFO - pixdim[0] (qfac) should be 1 (default) or -1; setting qfac to 1
