2023-03-29 20:21:22,147 - __main__ - INFO - Testing for participant 0.
Programming starts in 2 process(es)
pixdim[0] (qfac) should be 1 (default) or -1; setting qfac to 1
pixdim[0] (qfac) should be 1 (default) or -1; setting qfac to 1
2023-03-29 20:21:22,179 - nibabel.global - INFO - pixdim[0] (qfac) should be 1 (default) or -1; setting qfac to 1
2023-03-29 20:21:22,189 - brainiak.fcma.preprocessing - INFO - start to apply masks and separate epochs
2023-03-29 20:21:22,151 - nibabel.global - INFO - pixdim[0] (qfac) should be 1 (default) or -1; setting qfac to 1
2023-03-29 20:21:32,483 - brainiak.fcma.preprocessing - INFO - data broadcasting done, takes 0.54 s
2023-03-29 20:21:32,490 - brainiak.fcma.voxelselector - INFO - Master at rank 0 starts to allocate tasks
2023-03-29 20:21:34,314 - brainiak.fcma.voxelselector - INFO - in rank 1, task 0 takes 1.82 s
2023-03-29 20:21:36,127 - brainiak.fcma.voxelselector - INFO - in rank 1, task 1 takes 1.81 s
2023-03-29 20:21:37,951 - brainiak.fcma.voxelselector - INFO - in rank 1, task 2 takes 1.82 s
2023-03-29 20:21:39,759 - brainiak.fcma.voxelselector - INFO - in rank 1, task 3 takes 1.81 s
2023-03-29 20:21:41,565 - brainiak.fcma.voxelselector - INFO - in rank 1, task 4 takes 1.80 s
2023-03-29 20:21:43,401 - brainiak.fcma.voxelselector - INFO - in rank 1, task 5 takes 1.84 s
2023-03-29 20:21:45,210 - brainiak.fcma.voxelselector - INFO - in rank 1, task 6 takes 1.81 s
2023-03-29 20:21:47,038 - brainiak.fcma.voxelselector - INFO - in rank 1, task 7 takes 1.83 s
2023-03-29 20:21:48,844 - brainiak.fcma.voxelselector - INFO - in rank 1, task 8 takes 1.81 s
2023-03-29 20:21:50,655 - brainiak.fcma.voxelselector - INFO - in rank 1, task 9 takes 1.81 s
2023-03-29 20:21:52,479 - brainiak.fcma.voxelselector - INFO - in rank 1, task 10 takes 1.82 s
2023-03-29 20:21:54,292 - brainiak.fcma.voxelselector - INFO - in rank 1, task 11 takes 1.81 s
2023-03-29 20:21:56,097 - brainiak.fcma.voxelselector - INFO - in rank 1, task 12 takes 1.80 s
2023-03-29 20:21:57,923 - brainiak.fcma.voxelselector - INFO - in rank 1, task 13 takes 1.82 s
2023-03-29 20:21:59,728 - brainiak.fcma.voxelselector - INFO - in rank 1, task 14 takes 1.80 s
2023-03-29 20:22:01,535 - brainiak.fcma.voxelselector - INFO - in rank 1, task 15 takes 1.81 s
2023-03-29 20:22:03,360 - brainiak.fcma.voxelselector - INFO - in rank 1, task 16 takes 1.82 s
2023-03-29 20:22:05,172 - brainiak.fcma.voxelselector - INFO - in rank 1, task 17 takes 1.81 s
2023-03-29 20:22:07,013 - brainiak.fcma.voxelselector - INFO - in rank 1, task 18 takes 1.84 s
2023-03-29 20:22:08,826 - brainiak.fcma.voxelselector - INFO - in rank 1, task 19 takes 1.81 s
2023-03-29 20:22:10,633 - brainiak.fcma.voxelselector - INFO - in rank 1, task 20 takes 1.81 s
2023-03-29 20:22:12,442 - brainiak.fcma.voxelselector - INFO - in rank 1, task 21 takes 1.81 s
2023-03-29 20:22:14,249 - brainiak.fcma.voxelselector - INFO - in rank 1, task 22 takes 1.81 s
2023-03-29 20:22:16,058 - brainiak.fcma.voxelselector - INFO - in rank 1, task 23 takes 1.81 s
2023-03-29 20:22:17,870 - brainiak.fcma.voxelselector - INFO - in rank 1, task 24 takes 1.81 s
2023-03-29 20:22:19,677 - brainiak.fcma.voxelselector - INFO - in rank 1, task 25 takes 1.81 s
2023-03-29 20:22:21,486 - brainiak.fcma.voxelselector - INFO - in rank 1, task 26 takes 1.81 s
2023-03-29 20:22:23,300 - brainiak.fcma.voxelselector - INFO - in rank 1, task 27 takes 1.81 s
2023-03-29 20:22:25,132 - brainiak.fcma.voxelselector - INFO - in rank 1, task 28 takes 1.83 s
2023-03-29 20:22:26,938 - brainiak.fcma.voxelselector - INFO - in rank 1, task 29 takes 1.81 s
2023-03-29 20:22:28,745 - brainiak.fcma.voxelselector - INFO - in rank 1, task 30 takes 1.81 s
2023-03-29 20:22:30,550 - brainiak.fcma.voxelselector - INFO - in rank 1, task 31 takes 1.81 s
2023-03-29 20:22:32,360 - brainiak.fcma.voxelselector - INFO - in rank 1, task 32 takes 1.81 s
2023-03-29 20:22:34,167 - brainiak.fcma.voxelselector - INFO - in rank 1, task 33 takes 1.81 s
2023-03-29 20:22:35,977 - brainiak.fcma.voxelselector - INFO - in rank 1, task 34 takes 1.81 s
2023-03-29 20:22:37,788 - brainiak.fcma.voxelselector - INFO - in rank 1, task 35 takes 1.81 s
2023-03-29 20:22:39,592 - brainiak.fcma.voxelselector - INFO - in rank 1, task 36 takes 1.80 s
2023-03-29 20:22:41,388 - brainiak.fcma.voxelselector - INFO - in rank 1, task 37 takes 1.80 s
2023-03-29 20:22:43,194 - brainiak.fcma.voxelselector - INFO - in rank 1, task 38 takes 1.80 s
2023-03-29 20:22:44,986 - brainiak.fcma.voxelselector - INFO - in rank 1, task 39 takes 1.79 s
2023-03-29 20:22:46,779 - brainiak.fcma.voxelselector - INFO - in rank 1, task 40 takes 1.79 s
2023-03-29 20:22:48,570 - brainiak.fcma.voxelselector - INFO - in rank 1, task 41 takes 1.79 s
2023-03-29 20:22:50,363 - brainiak.fcma.voxelselector - INFO - in rank 1, task 42 takes 1.79 s
2023-03-29 20:22:52,159 - brainiak.fcma.voxelselector - INFO - in rank 1, task 43 takes 1.80 s
2023-03-29 20:22:53,953 - brainiak.fcma.voxelselector - INFO - in rank 1, task 44 takes 1.79 s
2023-03-29 20:22:55,746 - brainiak.fcma.voxelselector - INFO - in rank 1, task 45 takes 1.79 s
2023-03-29 20:22:57,540 - brainiak.fcma.voxelselector - INFO - in rank 1, task 46 takes 1.79 s
2023-03-29 20:22:59,335 - brainiak.fcma.voxelselector - INFO - in rank 1, task 47 takes 1.79 s
2023-03-29 20:23:01,128 - brainiak.fcma.voxelselector - INFO - in rank 1, task 48 takes 1.79 s
2023-03-29 20:23:02,922 - brainiak.fcma.voxelselector - INFO - in rank 1, task 49 takes 1.79 s
2023-03-29 20:23:04,714 - brainiak.fcma.voxelselector - INFO - in rank 1, task 50 takes 1.79 s
2023-03-29 20:23:06,506 - brainiak.fcma.voxelselector - INFO - in rank 1, task 51 takes 1.79 s
2023-03-29 20:23:08,298 - brainiak.fcma.voxelselector - INFO - in rank 1, task 52 takes 1.79 s
2023-03-29 20:23:10,090 - brainiak.fcma.voxelselector - INFO - in rank 1, task 53 takes 1.79 s
2023-03-29 20:23:11,884 - brainiak.fcma.voxelselector - INFO - in rank 1, task 54 takes 1.79 s
2023-03-29 20:23:13,680 - brainiak.fcma.voxelselector - INFO - in rank 1, task 55 takes 1.80 s
2023-03-29 20:23:15,497 - brainiak.fcma.voxelselector - INFO - in rank 1, task 56 takes 1.82 s
2023-03-29 20:23:17,313 - brainiak.fcma.voxelselector - INFO - in rank 1, task 57 takes 1.82 s
2023-03-29 20:23:19,129 - brainiak.fcma.voxelselector - INFO - in rank 1, task 58 takes 1.81 s
2023-03-29 20:23:20,930 - brainiak.fcma.voxelselector - INFO - in rank 1, task 59 takes 1.80 s
2023-03-29 20:23:22,900 - brainiak.fcma.voxelselector - INFO - in rank 1, task 60 takes 1.97 s
2023-03-29 20:23:24,699 - brainiak.fcma.voxelselector - INFO - in rank 1, task 61 takes 1.80 s
2023-03-29 20:23:26,501 - brainiak.fcma.voxelselector - INFO - in rank 1, task 62 takes 1.80 s
2023-03-29 20:23:28,300 - brainiak.fcma.voxelselector - INFO - in rank 1, task 63 takes 1.80 s
2023-03-29 20:23:30,101 - brainiak.fcma.voxelselector - INFO - in rank 1, task 64 takes 1.80 s
2023-03-29 20:23:31,900 - brainiak.fcma.voxelselector - INFO - in rank 1, task 65 takes 1.80 s
2023-03-29 20:23:33,702 - brainiak.fcma.voxelselector - INFO - in rank 1, task 66 takes 1.80 s
2023-03-29 20:23:35,505 - brainiak.fcma.voxelselector - INFO - in rank 1, task 67 takes 1.80 s
2023-03-29 20:23:37,311 - brainiak.fcma.voxelselector - INFO - in rank 1, task 68 takes 1.80 s
2023-03-29 20:23:39,127 - brainiak.fcma.voxelselector - INFO - in rank 1, task 69 takes 1.81 s
2023-03-29 20:23:40,931 - brainiak.fcma.voxelselector - INFO - in rank 1, task 70 takes 1.80 s
2023-03-29 20:23:42,734 - brainiak.fcma.voxelselector - INFO - in rank 1, task 71 takes 1.80 s
2023-03-29 20:23:44,538 - brainiak.fcma.voxelselector - INFO - in rank 1, task 72 takes 1.80 s
2023-03-29 20:23:46,342 - brainiak.fcma.voxelselector - INFO - in rank 1, task 73 takes 1.80 s
2023-03-29 20:23:48,148 - brainiak.fcma.voxelselector - INFO - in rank 1, task 74 takes 1.80 s
2023-03-29 20:23:49,950 - brainiak.fcma.voxelselector - INFO - in rank 1, task 75 takes 1.80 s
2023-03-29 20:23:51,751 - brainiak.fcma.voxelselector - INFO - in rank 1, task 76 takes 1.80 s
2023-03-29 20:23:53,552 - brainiak.fcma.voxelselector - INFO - in rank 1, task 77 takes 1.80 s
2023-03-29 20:23:55,353 - brainiak.fcma.voxelselector - INFO - in rank 1, task 78 takes 1.80 s
2023-03-29 20:23:57,155 - brainiak.fcma.voxelselector - INFO - in rank 1, task 79 takes 1.80 s
2023-03-29 20:23:58,958 - brainiak.fcma.voxelselector - INFO - in rank 1, task 80 takes 1.80 s
2023-03-29 20:24:00,762 - brainiak.fcma.voxelselector - INFO - in rank 1, task 81 takes 1.80 s
2023-03-29 20:24:02,569 - brainiak.fcma.voxelselector - INFO - in rank 1, task 82 takes 1.81 s
2023-03-29 20:24:04,372 - brainiak.fcma.voxelselector - INFO - in rank 1, task 83 takes 1.80 s
2023-03-29 20:24:06,176 - brainiak.fcma.voxelselector - INFO - in rank 1, task 84 takes 1.80 s
2023-03-29 20:24:07,998 - brainiak.fcma.voxelselector - INFO - in rank 1, task 85 takes 1.82 s
2023-03-29 20:24:09,804 - brainiak.fcma.voxelselector - INFO - in rank 1, task 86 takes 1.80 s
2023-03-29 20:24:11,608 - brainiak.fcma.voxelselector - INFO - in rank 1, task 87 takes 1.80 s
2023-03-29 20:24:13,432 - brainiak.fcma.voxelselector - INFO - in rank 1, task 88 takes 1.82 s
2023-03-29 20:24:15,236 - brainiak.fcma.voxelselector - INFO - in rank 1, task 89 takes 1.80 s
2023-03-29 20:24:17,042 - brainiak.fcma.voxelselector - INFO - in rank 1, task 90 takes 1.80 s
2023-03-29 20:24:18,859 - brainiak.fcma.voxelselector - INFO - in rank 1, task 91 takes 1.82 s
2023-03-29 20:24:20,661 - brainiak.fcma.voxelselector - INFO - in rank 1, task 92 takes 1.80 s
2023-03-29 20:24:22,483 - brainiak.fcma.voxelselector - INFO - in rank 1, task 93 takes 1.82 s
2023-03-29 20:24:24,294 - brainiak.fcma.voxelselector - INFO - in rank 1, task 94 takes 1.81 s
2023-03-29 20:24:26,103 - brainiak.fcma.voxelselector - INFO - in rank 1, task 95 takes 1.81 s
2023-03-29 20:24:27,927 - brainiak.fcma.voxelselector - INFO - in rank 1, task 96 takes 1.82 s
2023-03-29 20:24:29,733 - brainiak.fcma.voxelselector - INFO - in rank 1, task 97 takes 1.80 s
2023-03-29 20:24:31,538 - brainiak.fcma.voxelselector - INFO - in rank 1, task 98 takes 1.80 s
2023-03-29 20:24:33,360 - brainiak.fcma.voxelselector - INFO - in rank 1, task 99 takes 1.82 s
2023-03-29 20:24:35,167 - brainiak.fcma.voxelselector - INFO - in rank 1, task 100 takes 1.81 s
2023-03-29 20:24:36,972 - brainiak.fcma.voxelselector - INFO - in rank 1, task 101 takes 1.80 s
2023-03-29 20:24:38,794 - brainiak.fcma.voxelselector - INFO - in rank 1, task 102 takes 1.82 s
2023-03-29 20:24:40,597 - brainiak.fcma.voxelselector - INFO - in rank 1, task 103 takes 1.80 s
2023-03-29 20:24:42,403 - brainiak.fcma.voxelselector - INFO - in rank 1, task 104 takes 1.80 s
2023-03-29 20:24:44,206 - brainiak.fcma.voxelselector - INFO - in rank 1, task 105 takes 1.80 s
2023-03-29 20:24:46,009 - brainiak.fcma.voxelselector - INFO - in rank 1, task 106 takes 1.80 s
2023-03-29 20:24:47,830 - brainiak.fcma.voxelselector - INFO - in rank 1, task 107 takes 1.82 s
2023-03-29 20:24:49,638 - brainiak.fcma.voxelselector - INFO - in rank 1, task 108 takes 1.81 s
2023-03-29 20:24:51,464 - brainiak.fcma.voxelselector - INFO - in rank 1, task 109 takes 1.82 s
2023-03-29 20:24:53,274 - brainiak.fcma.voxelselector - INFO - in rank 1, task 110 takes 1.81 s
2023-03-29 20:24:55,082 - brainiak.fcma.voxelselector - INFO - in rank 1, task 111 takes 1.81 s
2023-03-29 20:24:56,888 - brainiak.fcma.voxelselector - INFO - in rank 1, task 112 takes 1.80 s
2023-03-29 20:24:58,696 - brainiak.fcma.voxelselector - INFO - in rank 1, task 113 takes 1.81 s
2023-03-29 20:25:00,503 - brainiak.fcma.voxelselector - INFO - in rank 1, task 114 takes 1.81 s
2023-03-29 20:25:02,320 - brainiak.fcma.voxelselector - INFO - in rank 1, task 115 takes 1.82 s
2023-03-29 20:25:04,130 - brainiak.fcma.voxelselector - INFO - in rank 1, task 116 takes 1.81 s
2023-03-29 20:25:05,935 - brainiak.fcma.voxelselector - INFO - in rank 1, task 117 takes 1.80 s
2023-03-29 20:25:07,756 - brainiak.fcma.voxelselector - INFO - in rank 1, task 118 takes 1.82 s
2023-03-29 20:25:09,560 - brainiak.fcma.voxelselector - INFO - in rank 1, task 119 takes 1.80 s
2023-03-29 20:25:11,364 - brainiak.fcma.voxelselector - INFO - in rank 1, task 120 takes 1.80 s
2023-03-29 20:25:13,187 - brainiak.fcma.voxelselector - INFO - in rank 1, task 121 takes 1.82 s
2023-03-29 20:25:14,997 - brainiak.fcma.voxelselector - INFO - in rank 1, task 122 takes 1.81 s
2023-03-29 20:25:16,804 - brainiak.fcma.voxelselector - INFO - in rank 1, task 123 takes 1.81 s
2023-03-29 20:25:18,630 - brainiak.fcma.voxelselector - INFO - in rank 1, task 124 takes 1.82 s
2023-03-29 20:25:20,438 - brainiak.fcma.voxelselector - INFO - in rank 1, task 125 takes 1.81 s
2023-03-29 20:25:22,245 - brainiak.fcma.voxelselector - INFO - in rank 1, task 126 takes 1.81 s
2023-03-29 20:25:24,072 - brainiak.fcma.voxelselector - INFO - in rank 1, task 127 takes 1.83 s
2023-03-29 20:25:25,882 - brainiak.fcma.voxelselector - INFO - in rank 1, task 128 takes 1.81 s
2023-03-29 20:25:27,722 - brainiak.fcma.voxelselector - INFO - in rank 1, task 129 takes 1.84 s
2023-03-29 20:25:29,532 - brainiak.fcma.voxelselector - INFO - in rank 1, task 130 takes 1.81 s
2023-03-29 20:25:31,340 - brainiak.fcma.voxelselector - INFO - in rank 1, task 131 takes 1.81 s
2023-03-29 20:25:33,162 - brainiak.fcma.voxelselector - INFO - in rank 1, task 132 takes 1.82 s
2023-03-29 20:25:34,970 - brainiak.fcma.voxelselector - INFO - in rank 1, task 133 takes 1.81 s
2023-03-29 20:25:36,774 - brainiak.fcma.voxelselector - INFO - in rank 1, task 134 takes 1.80 s
2023-03-29 20:25:38,578 - brainiak.fcma.voxelselector - INFO - in rank 1, task 135 takes 1.80 s
2023-03-29 20:25:40,382 - brainiak.fcma.voxelselector - INFO - in rank 1, task 136 takes 1.80 s
2023-03-29 20:25:42,188 - brainiak.fcma.voxelselector - INFO - in rank 1, task 137 takes 1.80 s
2023-03-29 20:25:43,995 - brainiak.fcma.voxelselector - INFO - in rank 1, task 138 takes 1.81 s
2023-03-29 20:25:45,803 - brainiak.fcma.voxelselector - INFO - in rank 1, task 139 takes 1.81 s
2023-03-29 20:25:47,611 - brainiak.fcma.voxelselector - INFO - in rank 1, task 140 takes 1.81 s
2023-03-29 20:25:49,420 - brainiak.fcma.voxelselector - INFO - in rank 1, task 141 takes 1.81 s
2023-03-29 20:25:51,230 - brainiak.fcma.voxelselector - INFO - in rank 1, task 142 takes 1.81 s
2023-03-29 20:25:53,030 - brainiak.fcma.voxelselector - INFO - in rank 1, task 143 takes 1.80 s
2023-03-29 20:25:54,829 - brainiak.fcma.voxelselector - INFO - in rank 1, task 144 takes 1.80 s
2023-03-29 20:25:56,628 - brainiak.fcma.voxelselector - INFO - in rank 1, task 145 takes 1.80 s
2023-03-29 20:25:58,426 - brainiak.fcma.voxelselector - INFO - in rank 1, task 146 takes 1.80 s
2023-03-29 20:26:00,223 - brainiak.fcma.voxelselector - INFO - in rank 1, task 147 takes 1.80 s
2023-03-29 20:26:02,018 - brainiak.fcma.voxelselector - INFO - in rank 1, task 148 takes 1.79 s
2023-03-29 20:26:03,812 - brainiak.fcma.voxelselector - INFO - in rank 1, task 149 takes 1.79 s
2023-03-29 20:26:05,605 - brainiak.fcma.voxelselector - INFO - in rank 1, task 150 takes 1.79 s
2023-03-29 20:26:07,401 - brainiak.fcma.voxelselector - INFO - in rank 1, task 151 takes 1.80 s
2023-03-29 20:26:09,198 - brainiak.fcma.voxelselector - INFO - in rank 1, task 152 takes 1.80 s
2023-03-29 20:26:10,997 - brainiak.fcma.voxelselector - INFO - in rank 1, task 153 takes 1.80 s
2023-03-29 20:26:12,794 - brainiak.fcma.voxelselector - INFO - in rank 1, task 154 takes 1.80 s
2023-03-29 20:26:14,593 - brainiak.fcma.voxelselector - INFO - in rank 1, task 155 takes 1.80 s
2023-03-29 20:26:16,390 - brainiak.fcma.voxelselector - INFO - in rank 1, task 156 takes 1.80 s
2023-03-29 20:26:18,189 - brainiak.fcma.voxelselector - INFO - in rank 1, task 157 takes 1.80 s
2023-03-29 20:26:19,986 - brainiak.fcma.voxelselector - INFO - in rank 1, task 158 takes 1.80 s
2023-03-29 20:26:21,783 - brainiak.fcma.voxelselector - INFO - in rank 1, task 159 takes 1.80 s
2023-03-29 20:26:23,580 - brainiak.fcma.voxelselector - INFO - in rank 1, task 160 takes 1.80 s
2023-03-29 20:26:25,388 - brainiak.fcma.voxelselector - INFO - in rank 1, task 161 takes 1.81 s
2023-03-29 20:26:27,204 - brainiak.fcma.voxelselector - INFO - in rank 1, task 162 takes 1.82 s
2023-03-29 20:26:29,019 - brainiak.fcma.voxelselector - INFO - in rank 1, task 163 takes 1.81 s
2023-03-29 20:26:30,831 - brainiak.fcma.voxelselector - INFO - in rank 1, task 164 takes 1.81 s
2023-03-29 20:26:32,630 - brainiak.fcma.voxelselector - INFO - in rank 1, task 165 takes 1.80 s
2023-03-29 20:26:34,430 - brainiak.fcma.voxelselector - INFO - in rank 1, task 166 takes 1.80 s
2023-03-29 20:26:36,231 - brainiak.fcma.voxelselector - INFO - in rank 1, task 167 takes 1.80 s
2023-03-29 20:26:38,051 - brainiak.fcma.voxelselector - INFO - in rank 1, task 168 takes 1.82 s
2023-03-29 20:26:39,855 - brainiak.fcma.voxelselector - INFO - in rank 1, task 169 takes 1.80 s
2023-03-29 20:26:41,659 - brainiak.fcma.voxelselector - INFO - in rank 1, task 170 takes 1.80 s
2023-03-29 20:26:43,479 - brainiak.fcma.voxelselector - INFO - in rank 1, task 171 takes 1.82 s
2023-03-29 20:26:45,283 - brainiak.fcma.voxelselector - INFO - in rank 1, task 172 takes 1.80 s
2023-03-29 20:26:47,084 - brainiak.fcma.voxelselector - INFO - in rank 1, task 173 takes 1.80 s
2023-03-29 20:26:48,905 - brainiak.fcma.voxelselector - INFO - in rank 1, task 174 takes 1.82 s
2023-03-29 20:26:50,709 - brainiak.fcma.voxelselector - INFO - in rank 1, task 175 takes 1.80 s
2023-03-29 20:26:52,514 - brainiak.fcma.voxelselector - INFO - in rank 1, task 176 takes 1.80 s
2023-03-29 20:26:54,335 - brainiak.fcma.voxelselector - INFO - in rank 1, task 177 takes 1.82 s
2023-03-29 20:26:56,137 - brainiak.fcma.voxelselector - INFO - in rank 1, task 178 takes 1.80 s
2023-03-29 20:26:57,937 - brainiak.fcma.voxelselector - INFO - in rank 1, task 179 takes 1.80 s
2023-03-29 20:26:59,737 - brainiak.fcma.voxelselector - INFO - in rank 1, task 180 takes 1.80 s
2023-03-29 20:27:01,538 - brainiak.fcma.voxelselector - INFO - in rank 1, task 181 takes 1.80 s
2023-03-29 20:27:03,357 - brainiak.fcma.voxelselector - INFO - in rank 1, task 182 takes 1.82 s
2023-03-29 20:27:05,161 - brainiak.fcma.voxelselector - INFO - in rank 1, task 183 takes 1.80 s
2023-03-29 20:27:06,966 - brainiak.fcma.voxelselector - INFO - in rank 1, task 184 takes 1.80 s
2023-03-29 20:27:08,770 - brainiak.fcma.voxelselector - INFO - in rank 1, task 185 takes 1.80 s
2023-03-29 20:27:10,577 - brainiak.fcma.voxelselector - INFO - in rank 1, task 186 takes 1.81 s
2023-03-29 20:27:12,382 - brainiak.fcma.voxelselector - INFO - in rank 1, task 187 takes 1.80 s
2023-03-29 20:27:14,203 - brainiak.fcma.voxelselector - INFO - in rank 1, task 188 takes 1.82 s
2023-03-29 20:27:16,007 - brainiak.fcma.voxelselector - INFO - in rank 1, task 189 takes 1.80 s
2023-03-29 20:27:17,812 - brainiak.fcma.voxelselector - INFO - in rank 1, task 190 takes 1.80 s
2023-03-29 20:27:19,619 - brainiak.fcma.voxelselector - INFO - in rank 1, task 191 takes 1.81 s
2023-03-29 20:27:21,423 - brainiak.fcma.voxelselector - INFO - in rank 1, task 192 takes 1.80 s
2023-03-29 20:27:23,254 - brainiak.fcma.voxelselector - INFO - in rank 1, task 193 takes 1.83 s
2023-03-29 20:27:25,088 - brainiak.fcma.voxelselector - INFO - in rank 1, task 194 takes 1.83 s
2023-03-29 20:27:26,888 - brainiak.fcma.voxelselector - INFO - in rank 1, task 195 takes 1.80 s
2023-03-29 20:27:28,707 - brainiak.fcma.voxelselector - INFO - in rank 1, task 196 takes 1.82 s
2023-03-29 20:27:30,513 - brainiak.fcma.voxelselector - INFO - in rank 1, task 197 takes 1.80 s
2023-03-29 20:27:32,318 - brainiak.fcma.voxelselector - INFO - in rank 1, task 198 takes 1.80 s
2023-03-29 20:27:34,140 - brainiak.fcma.voxelselector - INFO - in rank 1, task 199 takes 1.82 s
2023-03-29 20:27:35,946 - brainiak.fcma.voxelselector - INFO - in rank 1, task 200 takes 1.80 s
2023-03-29 20:27:37,751 - brainiak.fcma.voxelselector - INFO - in rank 1, task 201 takes 1.80 s
2023-03-29 20:27:39,572 - brainiak.fcma.voxelselector - INFO - in rank 1, task 202 takes 1.82 s
2023-03-29 20:27:41,379 - brainiak.fcma.voxelselector - INFO - in rank 1, task 203 takes 1.81 s
2023-03-29 20:27:43,203 - brainiak.fcma.voxelselector - INFO - in rank 1, task 204 takes 1.82 s
2023-03-29 20:27:45,011 - brainiak.fcma.voxelselector - INFO - in rank 1, task 205 takes 1.81 s
2023-03-29 20:27:46,818 - brainiak.fcma.voxelselector - INFO - in rank 1, task 206 takes 1.81 s
2023-03-29 20:27:48,639 - brainiak.fcma.voxelselector - INFO - in rank 1, task 207 takes 1.82 s
2023-03-29 20:27:50,446 - brainiak.fcma.voxelselector - INFO - in rank 1, task 208 takes 1.81 s
2023-03-29 20:27:52,250 - brainiak.fcma.voxelselector - INFO - in rank 1, task 209 takes 1.80 s
2023-03-29 20:27:54,076 - brainiak.fcma.voxelselector - INFO - in rank 1, task 210 takes 1.83 s
2023-03-29 20:27:55,876 - brainiak.fcma.voxelselector - INFO - in rank 1, task 211 takes 1.80 s
2023-03-29 20:27:57,680 - brainiak.fcma.voxelselector - INFO - in rank 1, task 212 takes 1.80 s
2023-03-29 20:27:59,500 - brainiak.fcma.voxelselector - INFO - in rank 1, task 213 takes 1.82 s
2023-03-29 20:28:01,306 - brainiak.fcma.voxelselector - INFO - in rank 1, task 214 takes 1.81 s
2023-03-29 20:28:03,110 - brainiak.fcma.voxelselector - INFO - in rank 1, task 215 takes 1.80 s
2023-03-29 20:28:04,915 - brainiak.fcma.voxelselector - INFO - in rank 1, task 216 takes 1.80 s
2023-03-29 20:28:06,719 - brainiak.fcma.voxelselector - INFO - in rank 1, task 217 takes 1.80 s
2023-03-29 20:28:08,541 - brainiak.fcma.voxelselector - INFO - in rank 1, task 218 takes 1.82 s
2023-03-29 20:28:10,348 - brainiak.fcma.voxelselector - INFO - in rank 1, task 219 takes 1.81 s
2023-03-29 20:28:12,154 - brainiak.fcma.voxelselector - INFO - in rank 1, task 220 takes 1.80 s
2023-03-29 20:28:13,976 - brainiak.fcma.voxelselector - INFO - in rank 1, task 221 takes 1.82 s
2023-03-29 20:28:15,781 - brainiak.fcma.voxelselector - INFO - in rank 1, task 222 takes 1.80 s
2023-03-29 20:28:17,589 - brainiak.fcma.voxelselector - INFO - in rank 1, task 223 takes 1.81 s
2023-03-29 20:28:19,414 - brainiak.fcma.voxelselector - INFO - in rank 1, task 224 takes 1.82 s
2023-03-29 20:28:21,223 - brainiak.fcma.voxelselector - INFO - in rank 1, task 225 takes 1.81 s
2023-03-29 20:28:23,027 - brainiak.fcma.voxelselector - INFO - in rank 1, task 226 takes 1.80 s
2023-03-29 20:28:24,839 - brainiak.fcma.voxelselector - INFO - in rank 1, task 227 takes 1.81 s
2023-03-29 20:28:26,645 - brainiak.fcma.voxelselector - INFO - in rank 1, task 228 takes 1.81 s
2023-03-29 20:28:28,461 - brainiak.fcma.voxelselector - INFO - in rank 1, task 229 takes 1.81 s
2023-03-29 20:28:30,269 - brainiak.fcma.voxelselector - INFO - in rank 1, task 230 takes 1.81 s
2023-03-29 20:28:32,077 - brainiak.fcma.voxelselector - INFO - in rank 1, task 231 takes 1.81 s
2023-03-29 20:28:33,886 - brainiak.fcma.voxelselector - INFO - in rank 1, task 232 takes 1.81 s
2023-03-29 20:28:35,698 - brainiak.fcma.voxelselector - INFO - in rank 1, task 233 takes 1.81 s
2023-03-29 20:28:37,505 - brainiak.fcma.voxelselector - INFO - in rank 1, task 234 takes 1.81 s
2023-03-29 20:28:39,314 - brainiak.fcma.voxelselector - INFO - in rank 1, task 235 takes 1.81 s
2023-03-29 20:28:41,120 - brainiak.fcma.voxelselector - INFO - in rank 1, task 236 takes 1.81 s
2023-03-29 20:28:42,925 - brainiak.fcma.voxelselector - INFO - in rank 1, task 237 takes 1.80 s
2023-03-29 20:28:44,733 - brainiak.fcma.voxelselector - INFO - in rank 1, task 238 takes 1.81 s
2023-03-29 20:28:46,541 - brainiak.fcma.voxelselector - INFO - in rank 1, task 239 takes 1.81 s
2023-03-29 20:28:48,348 - brainiak.fcma.voxelselector - INFO - in rank 1, task 240 takes 1.81 s
2023-03-29 20:28:50,156 - brainiak.fcma.voxelselector - INFO - in rank 1, task 241 takes 1.81 s
2023-03-29 20:28:51,957 - brainiak.fcma.voxelselector - INFO - in rank 1, task 242 takes 1.80 s
2023-03-29 20:28:53,766 - brainiak.fcma.voxelselector - INFO - in rank 1, task 243 takes 1.81 s
2023-03-29 20:28:55,573 - brainiak.fcma.voxelselector - INFO - in rank 1, task 244 takes 1.81 s
2023-03-29 20:28:57,383 - brainiak.fcma.voxelselector - INFO - in rank 1, task 245 takes 1.81 s
2023-03-29 20:28:59,196 - brainiak.fcma.voxelselector - INFO - in rank 1, task 246 takes 1.81 s
2023-03-29 20:29:01,005 - brainiak.fcma.voxelselector - INFO - in rank 1, task 247 takes 1.81 s
2023-03-29 20:29:02,810 - brainiak.fcma.voxelselector - INFO - in rank 1, task 248 takes 1.80 s
2023-03-29 20:29:04,610 - brainiak.fcma.voxelselector - INFO - in rank 1, task 249 takes 1.80 s
2023-03-29 20:29:06,407 - brainiak.fcma.voxelselector - INFO - in rank 1, task 250 takes 1.80 s
2023-03-29 20:29:08,204 - brainiak.fcma.voxelselector - INFO - in rank 1, task 251 takes 1.80 s
2023-03-29 20:29:10,001 - brainiak.fcma.voxelselector - INFO - in rank 1, task 252 takes 1.80 s
2023-03-29 20:29:11,798 - brainiak.fcma.voxelselector - INFO - in rank 1, task 253 takes 1.80 s
2023-03-29 20:29:13,608 - brainiak.fcma.voxelselector - INFO - in rank 1, task 254 takes 1.81 s
2023-03-29 20:29:15,405 - brainiak.fcma.voxelselector - INFO - in rank 1, task 255 takes 1.80 s
2023-03-29 20:29:17,201 - brainiak.fcma.voxelselector - INFO - in rank 1, task 256 takes 1.80 s
2023-03-29 20:29:18,994 - brainiak.fcma.voxelselector - INFO - in rank 1, task 257 takes 1.79 s
2023-03-29 20:29:20,788 - brainiak.fcma.voxelselector - INFO - in rank 1, task 258 takes 1.79 s
2023-03-29 20:29:22,582 - brainiak.fcma.voxelselector - INFO - in rank 1, task 259 takes 1.79 s
2023-03-29 20:29:24,377 - brainiak.fcma.voxelselector - INFO - in rank 1, task 260 takes 1.79 s
2023-03-29 20:29:26,173 - brainiak.fcma.voxelselector - INFO - in rank 1, task 261 takes 1.80 s
2023-03-29 20:29:27,969 - brainiak.fcma.voxelselector - INFO - in rank 1, task 262 takes 1.80 s
2023-03-29 20:29:29,765 - brainiak.fcma.voxelselector - INFO - in rank 1, task 263 takes 1.80 s
2023-03-29 20:29:31,560 - brainiak.fcma.voxelselector - INFO - in rank 1, task 264 takes 1.79 s
2023-03-29 20:29:33,356 - brainiak.fcma.voxelselector - INFO - in rank 1, task 265 takes 1.79 s
2023-03-29 20:29:35,152 - brainiak.fcma.voxelselector - INFO - in rank 1, task 266 takes 1.79 s
2023-03-29 20:29:36,946 - brainiak.fcma.voxelselector - INFO - in rank 1, task 267 takes 1.79 s
2023-03-29 20:29:38,741 - brainiak.fcma.voxelselector - INFO - in rank 1, task 268 takes 1.79 s
2023-03-29 20:29:40,540 - brainiak.fcma.voxelselector - INFO - in rank 1, task 269 takes 1.80 s
2023-03-29 20:29:42,356 - brainiak.fcma.voxelselector - INFO - in rank 1, task 270 takes 1.81 s
2023-03-29 20:29:44,170 - brainiak.fcma.voxelselector - INFO - in rank 1, task 271 takes 1.81 s
2023-03-29 20:29:45,979 - brainiak.fcma.voxelselector - INFO - in rank 1, task 272 takes 1.81 s
2023-03-29 20:29:47,773 - brainiak.fcma.voxelselector - INFO - in rank 1, task 273 takes 1.79 s
2023-03-29 20:29:49,565 - brainiak.fcma.voxelselector - INFO - in rank 1, task 274 takes 1.79 s
2023-03-29 20:29:51,358 - brainiak.fcma.voxelselector - INFO - in rank 1, task 275 takes 1.79 s
2023-03-29 20:29:53,156 - brainiak.fcma.voxelselector - INFO - in rank 1, task 276 takes 1.80 s
2023-03-29 20:29:54,955 - brainiak.fcma.voxelselector - INFO - in rank 1, task 277 takes 1.80 s
2023-03-29 20:29:56,755 - brainiak.fcma.voxelselector - INFO - in rank 1, task 278 takes 1.80 s
2023-03-29 20:29:58,558 - brainiak.fcma.voxelselector - INFO - in rank 1, task 279 takes 1.80 s
2023-03-29 20:30:00,363 - brainiak.fcma.voxelselector - INFO - in rank 1, task 280 takes 1.80 s
2023-03-29 20:30:02,170 - brainiak.fcma.voxelselector - INFO - in rank 1, task 281 takes 1.81 s
2023-03-29 20:30:03,972 - brainiak.fcma.voxelselector - INFO - in rank 1, task 282 takes 1.80 s
2023-03-29 20:30:05,774 - brainiak.fcma.voxelselector - INFO - in rank 1, task 283 takes 1.80 s
2023-03-29 20:30:07,575 - brainiak.fcma.voxelselector - INFO - in rank 1, task 284 takes 1.80 s
2023-03-29 20:30:09,380 - brainiak.fcma.voxelselector - INFO - in rank 1, task 285 takes 1.80 s
2023-03-29 20:30:11,182 - brainiak.fcma.voxelselector - INFO - in rank 1, task 286 takes 1.80 s
2023-03-29 20:30:12,985 - brainiak.fcma.voxelselector - INFO - in rank 1, task 287 takes 1.80 s
2023-03-29 20:30:14,782 - brainiak.fcma.voxelselector - INFO - in rank 1, task 288 takes 1.80 s
2023-03-29 20:30:16,582 - brainiak.fcma.voxelselector - INFO - in rank 1, task 289 takes 1.80 s
2023-03-29 20:30:18,385 - brainiak.fcma.voxelselector - INFO - in rank 1, task 290 takes 1.80 s
2023-03-29 20:30:20,188 - brainiak.fcma.voxelselector - INFO - in rank 1, task 291 takes 1.80 s
2023-03-29 20:30:21,989 - brainiak.fcma.voxelselector - INFO - in rank 1, task 292 takes 1.80 s
2023-03-29 20:30:23,792 - brainiak.fcma.voxelselector - INFO - in rank 1, task 293 takes 1.80 s
2023-03-29 20:30:25,609 - brainiak.fcma.voxelselector - INFO - in rank 1, task 294 takes 1.82 s
2023-03-29 20:30:27,415 - brainiak.fcma.voxelselector - INFO - in rank 1, task 295 takes 1.81 s
2023-03-29 20:30:29,236 - brainiak.fcma.voxelselector - INFO - in rank 1, task 296 takes 1.82 s
2023-03-29 20:30:31,038 - brainiak.fcma.voxelselector - INFO - in rank 1, task 297 takes 1.80 s
2023-03-29 20:30:32,841 - brainiak.fcma.voxelselector - INFO - in rank 1, task 298 takes 1.80 s
2023-03-29 20:30:34,660 - brainiak.fcma.voxelselector - INFO - in rank 1, task 299 takes 1.82 s
2023-03-29 20:30:36,464 - brainiak.fcma.voxelselector - INFO - in rank 1, task 300 takes 1.80 s
2023-03-29 20:30:38,271 - brainiak.fcma.voxelselector - INFO - in rank 1, task 301 takes 1.81 s
2023-03-29 20:30:40,076 - brainiak.fcma.voxelselector - INFO - in rank 1, task 302 takes 1.80 s
2023-03-29 20:30:41,879 - brainiak.fcma.voxelselector - INFO - in rank 1, task 303 takes 1.80 s
2023-03-29 20:30:43,678 - brainiak.fcma.voxelselector - INFO - in rank 1, task 304 takes 1.80 s
2023-03-29 20:30:45,479 - brainiak.fcma.voxelselector - INFO - in rank 1, task 305 takes 1.80 s
2023-03-29 20:30:47,286 - brainiak.fcma.voxelselector - INFO - in rank 1, task 306 takes 1.81 s
2023-03-29 20:30:49,110 - brainiak.fcma.voxelselector - INFO - in rank 1, task 307 takes 1.82 s
2023-03-29 20:30:50,918 - brainiak.fcma.voxelselector - INFO - in rank 1, task 308 takes 1.81 s
2023-03-29 20:30:52,724 - brainiak.fcma.voxelselector - INFO - in rank 1, task 309 takes 1.81 s
2023-03-29 20:30:54,550 - brainiak.fcma.voxelselector - INFO - in rank 1, task 310 takes 1.83 s
2023-03-29 20:30:56,356 - brainiak.fcma.voxelselector - INFO - in rank 1, task 311 takes 1.80 s
2023-03-29 20:30:58,163 - brainiak.fcma.voxelselector - INFO - in rank 1, task 312 takes 1.81 s
2023-03-29 20:30:59,986 - brainiak.fcma.voxelselector - INFO - in rank 1, task 313 takes 1.82 s
2023-03-29 20:31:01,791 - brainiak.fcma.voxelselector - INFO - in rank 1, task 314 takes 1.80 s
2023-03-29 20:31:03,594 - brainiak.fcma.voxelselector - INFO - in rank 1, task 315 takes 1.80 s
2023-03-29 20:31:05,416 - brainiak.fcma.voxelselector - INFO - in rank 1, task 316 takes 1.82 s
2023-03-29 20:31:07,224 - brainiak.fcma.voxelselector - INFO - in rank 1, task 317 takes 1.81 s
2023-03-29 20:31:09,045 - brainiak.fcma.voxelselector - INFO - in rank 1, task 318 takes 1.82 s
2023-03-29 20:31:10,848 - brainiak.fcma.voxelselector - INFO - in rank 1, task 319 takes 1.80 s
2023-03-29 20:31:12,646 - brainiak.fcma.voxelselector - INFO - in rank 1, task 320 takes 1.80 s
2023-03-29 20:31:14,451 - brainiak.fcma.voxelselector - INFO - in rank 1, task 321 takes 1.80 s
2023-03-29 20:31:16,255 - brainiak.fcma.voxelselector - INFO - in rank 1, task 322 takes 1.80 s
2023-03-29 20:31:18,063 - brainiak.fcma.voxelselector - INFO - in rank 1, task 323 takes 1.81 s
2023-03-29 20:31:19,870 - brainiak.fcma.voxelselector - INFO - in rank 1, task 324 takes 1.81 s
2023-03-29 20:31:21,676 - brainiak.fcma.voxelselector - INFO - in rank 1, task 325 takes 1.81 s
2023-03-29 20:31:23,482 - brainiak.fcma.voxelselector - INFO - in rank 1, task 326 takes 1.80 s
2023-03-29 20:31:25,291 - brainiak.fcma.voxelselector - INFO - in rank 1, task 327 takes 1.81 s
2023-03-29 20:31:27,099 - brainiak.fcma.voxelselector - INFO - in rank 1, task 328 takes 1.81 s
2023-03-29 20:31:28,901 - brainiak.fcma.voxelselector - INFO - in rank 1, task 329 takes 1.80 s
2023-03-29 20:31:30,705 - brainiak.fcma.voxelselector - INFO - in rank 1, task 330 takes 1.80 s
2023-03-29 20:31:32,509 - brainiak.fcma.voxelselector - INFO - in rank 1, task 331 takes 1.80 s
2023-03-29 20:31:34,314 - brainiak.fcma.voxelselector - INFO - in rank 1, task 332 takes 1.80 s
2023-03-29 20:31:36,120 - brainiak.fcma.voxelselector - INFO - in rank 1, task 333 takes 1.80 s
2023-03-29 20:31:37,939 - brainiak.fcma.voxelselector - INFO - in rank 1, task 334 takes 1.82 s
2023-03-29 20:31:39,740 - brainiak.fcma.voxelselector - INFO - in rank 1, task 335 takes 1.80 s
2023-03-29 20:31:41,544 - brainiak.fcma.voxelselector - INFO - in rank 1, task 336 takes 1.80 s
2023-03-29 20:31:43,350 - brainiak.fcma.voxelselector - INFO - in rank 1, task 337 takes 1.81 s
2023-03-29 20:31:45,157 - brainiak.fcma.voxelselector - INFO - in rank 1, task 338 takes 1.81 s
2023-03-29 20:31:46,965 - brainiak.fcma.voxelselector - INFO - in rank 1, task 339 takes 1.81 s
2023-03-29 20:31:48,774 - brainiak.fcma.voxelselector - INFO - in rank 1, task 340 takes 1.81 s
2023-03-29 20:31:50,589 - brainiak.fcma.voxelselector - INFO - in rank 1, task 341 takes 1.81 s
2023-03-29 20:31:52,400 - brainiak.fcma.voxelselector - INFO - in rank 1, task 342 takes 1.81 s
2023-03-29 20:31:54,215 - brainiak.fcma.voxelselector - INFO - in rank 1, task 343 takes 1.81 s
2023-03-29 20:31:56,025 - brainiak.fcma.voxelselector - INFO - in rank 1, task 344 takes 1.81 s
2023-03-29 20:31:57,835 - brainiak.fcma.voxelselector - INFO - in rank 1, task 345 takes 1.81 s
2023-03-29 20:31:59,649 - brainiak.fcma.voxelselector - INFO - in rank 1, task 346 takes 1.81 s
2023-03-29 20:32:01,460 - brainiak.fcma.voxelselector - INFO - in rank 1, task 347 takes 1.81 s
2023-03-29 20:32:03,271 - brainiak.fcma.voxelselector - INFO - in rank 1, task 348 takes 1.81 s
2023-03-29 20:32:05,083 - brainiak.fcma.voxelselector - INFO - in rank 1, task 349 takes 1.81 s
2023-03-29 20:32:06,891 - brainiak.fcma.voxelselector - INFO - in rank 1, task 350 takes 1.81 s
2023-03-29 20:32:08,694 - brainiak.fcma.voxelselector - INFO - in rank 1, task 351 takes 1.80 s
2023-03-29 20:32:10,505 - brainiak.fcma.voxelselector - INFO - in rank 1, task 352 takes 1.81 s
2023-03-29 20:32:12,318 - brainiak.fcma.voxelselector - INFO - in rank 1, task 353 takes 1.81 s
2023-03-29 20:32:14,128 - brainiak.fcma.voxelselector - INFO - in rank 1, task 354 takes 1.81 s
2023-03-29 20:32:15,937 - brainiak.fcma.voxelselector - INFO - in rank 1, task 355 takes 1.81 s
2023-03-29 20:32:17,748 - brainiak.fcma.voxelselector - INFO - in rank 1, task 356 takes 1.81 s
2023-03-29 20:32:19,552 - brainiak.fcma.voxelselector - INFO - in rank 1, task 357 takes 1.80 s
2023-03-29 20:32:21,350 - brainiak.fcma.voxelselector - INFO - in rank 1, task 358 takes 1.80 s
2023-03-29 20:32:23,148 - brainiak.fcma.voxelselector - INFO - in rank 1, task 359 takes 1.80 s
2023-03-29 20:32:24,946 - brainiak.fcma.voxelselector - INFO - in rank 1, task 360 takes 1.80 s
2023-03-29 20:32:26,744 - brainiak.fcma.voxelselector - INFO - in rank 1, task 361 takes 1.80 s
2023-03-29 20:32:28,545 - brainiak.fcma.voxelselector - INFO - in rank 1, task 362 takes 1.80 s
2023-03-29 20:32:30,343 - brainiak.fcma.voxelselector - INFO - in rank 1, task 363 takes 1.80 s
2023-03-29 20:32:32,140 - brainiak.fcma.voxelselector - INFO - in rank 1, task 364 takes 1.80 s
2023-03-29 20:32:33,935 - brainiak.fcma.voxelselector - INFO - in rank 1, task 365 takes 1.79 s
2023-03-29 20:32:35,726 - brainiak.fcma.voxelselector - INFO - in rank 1, task 366 takes 1.79 s
2023-03-29 20:32:37,521 - brainiak.fcma.voxelselector - INFO - in rank 1, task 367 takes 1.79 s
2023-03-29 20:32:39,319 - brainiak.fcma.voxelselector - INFO - in rank 1, task 368 takes 1.80 s
2023-03-29 20:32:41,116 - brainiak.fcma.voxelselector - INFO - in rank 1, task 369 takes 1.80 s
2023-03-29 20:32:42,912 - brainiak.fcma.voxelselector - INFO - in rank 1, task 370 takes 1.80 s
2023-03-29 20:32:44,709 - brainiak.fcma.voxelselector - INFO - in rank 1, task 371 takes 1.80 s
2023-03-29 20:32:46,507 - brainiak.fcma.voxelselector - INFO - in rank 1, task 372 takes 1.80 s
2023-03-29 20:32:48,304 - brainiak.fcma.voxelselector - INFO - in rank 1, task 373 takes 1.80 s
2023-03-29 20:32:50,112 - brainiak.fcma.voxelselector - INFO - in rank 1, task 374 takes 1.81 s
2023-03-29 20:32:51,907 - brainiak.fcma.voxelselector - INFO - in rank 1, task 375 takes 1.79 s
2023-03-29 20:32:53,711 - brainiak.fcma.voxelselector - INFO - in rank 1, task 376 takes 1.80 s
2023-03-29 20:32:55,530 - brainiak.fcma.voxelselector - INFO - in rank 1, task 377 takes 1.82 s
2023-03-29 20:32:57,347 - brainiak.fcma.voxelselector - INFO - in rank 1, task 378 takes 1.82 s
2023-03-29 20:32:59,160 - brainiak.fcma.voxelselector - INFO - in rank 1, task 379 takes 1.81 s
2023-03-29 20:33:00,957 - brainiak.fcma.voxelselector - INFO - in rank 1, task 380 takes 1.80 s
2023-03-29 20:33:02,748 - brainiak.fcma.voxelselector - INFO - in rank 1, task 381 takes 1.79 s
2023-03-29 20:33:04,540 - brainiak.fcma.voxelselector - INFO - in rank 1, task 382 takes 1.79 s
2023-03-29 20:33:06,339 - brainiak.fcma.voxelselector - INFO - in rank 1, task 383 takes 1.80 s
2023-03-29 20:33:08,137 - brainiak.fcma.voxelselector - INFO - in rank 1, task 384 takes 1.80 s
2023-03-29 20:33:09,957 - brainiak.fcma.voxelselector - INFO - in rank 1, task 385 takes 1.82 s
2023-03-29 20:33:11,759 - brainiak.fcma.voxelselector - INFO - in rank 1, task 386 takes 1.80 s
2023-03-29 20:33:13,565 - brainiak.fcma.voxelselector - INFO - in rank 1, task 387 takes 1.81 s
2023-03-29 20:33:15,383 - brainiak.fcma.voxelselector - INFO - in rank 1, task 388 takes 1.82 s
2023-03-29 20:33:17,190 - brainiak.fcma.voxelselector - INFO - in rank 1, task 389 takes 1.81 s
2023-03-29 20:33:18,995 - brainiak.fcma.voxelselector - INFO - in rank 1, task 390 takes 1.80 s
2023-03-29 20:33:20,819 - brainiak.fcma.voxelselector - INFO - in rank 1, task 391 takes 1.82 s
2023-03-29 20:33:22,625 - brainiak.fcma.voxelselector - INFO - in rank 1, task 392 takes 1.80 s
2023-03-29 20:33:24,439 - brainiak.fcma.voxelselector - INFO - in rank 1, task 393 takes 1.81 s
2023-03-29 20:33:26,243 - brainiak.fcma.voxelselector - INFO - in rank 1, task 394 takes 1.80 s
2023-03-29 20:33:28,048 - brainiak.fcma.voxelselector - INFO - in rank 1, task 395 takes 1.80 s
2023-03-29 20:33:29,868 - brainiak.fcma.voxelselector - INFO - in rank 1, task 396 takes 1.82 s
2023-03-29 20:33:31,667 - brainiak.fcma.voxelselector - INFO - in rank 1, task 397 takes 1.80 s
2023-03-29 20:33:33,471 - brainiak.fcma.voxelselector - INFO - in rank 1, task 398 takes 1.80 s
2023-03-29 20:33:35,293 - brainiak.fcma.voxelselector - INFO - in rank 1, task 399 takes 1.82 s
2023-03-29 20:33:37,097 - brainiak.fcma.voxelselector - INFO - in rank 1, task 400 takes 1.80 s
2023-03-29 20:33:38,900 - brainiak.fcma.voxelselector - INFO - in rank 1, task 401 takes 1.80 s
2023-03-29 20:33:40,707 - brainiak.fcma.voxelselector - INFO - in rank 1, task 402 takes 1.81 s
2023-03-29 20:33:42,514 - brainiak.fcma.voxelselector - INFO - in rank 1, task 403 takes 1.81 s
2023-03-29 20:33:44,319 - brainiak.fcma.voxelselector - INFO - in rank 1, task 404 takes 1.80 s
2023-03-29 20:33:46,125 - brainiak.fcma.voxelselector - INFO - in rank 1, task 405 takes 1.81 s
2023-03-29 20:33:47,932 - brainiak.fcma.voxelselector - INFO - in rank 1, task 406 takes 1.81 s
2023-03-29 20:33:49,739 - brainiak.fcma.voxelselector - INFO - in rank 1, task 407 takes 1.81 s
2023-03-29 20:33:51,542 - brainiak.fcma.voxelselector - INFO - in rank 1, task 408 takes 1.80 s
2023-03-29 20:33:53,345 - brainiak.fcma.voxelselector - INFO - in rank 1, task 409 takes 1.80 s
2023-03-29 20:33:55,165 - brainiak.fcma.voxelselector - INFO - in rank 1, task 410 takes 1.82 s
2023-03-29 20:33:56,963 - brainiak.fcma.voxelselector - INFO - in rank 1, task 411 takes 1.80 s
2023-03-29 20:33:58,760 - brainiak.fcma.voxelselector - INFO - in rank 1, task 412 takes 1.80 s
2023-03-29 20:34:00,561 - brainiak.fcma.voxelselector - INFO - in rank 1, task 413 takes 1.80 s
2023-03-29 20:34:02,376 - brainiak.fcma.voxelselector - INFO - in rank 1, task 414 takes 1.81 s
2023-03-29 20:34:04,179 - brainiak.fcma.voxelselector - INFO - in rank 1, task 415 takes 1.80 s
2023-03-29 20:34:05,986 - brainiak.fcma.voxelselector - INFO - in rank 1, task 416 takes 1.81 s
2023-03-29 20:34:07,788 - brainiak.fcma.voxelselector - INFO - in rank 1, task 417 takes 1.80 s
2023-03-29 20:34:09,587 - brainiak.fcma.voxelselector - INFO - in rank 1, task 418 takes 1.80 s
2023-03-29 20:34:11,388 - brainiak.fcma.voxelselector - INFO - in rank 1, task 419 takes 1.80 s
2023-03-29 20:34:13,189 - brainiak.fcma.voxelselector - INFO - in rank 1, task 420 takes 1.80 s
2023-03-29 20:34:14,992 - brainiak.fcma.voxelselector - INFO - in rank 1, task 421 takes 1.80 s
2023-03-29 20:34:16,792 - brainiak.fcma.voxelselector - INFO - in rank 1, task 422 takes 1.80 s
2023-03-29 20:34:18,592 - brainiak.fcma.voxelselector - INFO - in rank 1, task 423 takes 1.80 s
2023-03-29 20:34:20,391 - brainiak.fcma.voxelselector - INFO - in rank 1, task 424 takes 1.80 s
2023-03-29 20:34:22,191 - brainiak.fcma.voxelselector - INFO - in rank 1, task 425 takes 1.80 s
2023-03-29 20:34:23,987 - brainiak.fcma.voxelselector - INFO - in rank 1, task 426 takes 1.80 s
2023-03-29 20:34:25,788 - brainiak.fcma.voxelselector - INFO - in rank 1, task 427 takes 1.80 s
2023-03-29 20:34:27,587 - brainiak.fcma.voxelselector - INFO - in rank 1, task 428 takes 1.80 s
2023-03-29 20:34:29,388 - brainiak.fcma.voxelselector - INFO - in rank 1, task 429 takes 1.80 s
2023-03-29 20:34:31,190 - brainiak.fcma.voxelselector - INFO - in rank 1, task 430 takes 1.80 s
2023-03-29 20:34:32,991 - brainiak.fcma.voxelselector - INFO - in rank 1, task 431 takes 1.80 s
2023-03-29 20:34:34,792 - brainiak.fcma.voxelselector - INFO - in rank 1, task 432 takes 1.80 s
2023-03-29 20:34:36,595 - brainiak.fcma.voxelselector - INFO - in rank 1, task 433 takes 1.80 s
2023-03-29 20:34:38,398 - brainiak.fcma.voxelselector - INFO - in rank 1, task 434 takes 1.80 s
2023-03-29 20:34:40,201 - brainiak.fcma.voxelselector - INFO - in rank 1, task 435 takes 1.80 s
2023-03-29 20:34:42,004 - brainiak.fcma.voxelselector - INFO - in rank 1, task 436 takes 1.80 s
2023-03-29 20:34:43,805 - brainiak.fcma.voxelselector - INFO - in rank 1, task 437 takes 1.80 s
2023-03-29 20:34:45,606 - brainiak.fcma.voxelselector - INFO - in rank 1, task 438 takes 1.80 s
2023-03-29 20:34:47,408 - brainiak.fcma.voxelselector - INFO - in rank 1, task 439 takes 1.80 s
2023-03-29 20:34:49,208 - brainiak.fcma.voxelselector - INFO - in rank 1, task 440 takes 1.80 s
2023-03-29 20:34:51,007 - brainiak.fcma.voxelselector - INFO - in rank 1, task 441 takes 1.80 s
2023-03-29 20:34:52,805 - brainiak.fcma.voxelselector - INFO - in rank 1, task 442 takes 1.80 s
2023-03-29 20:34:54,607 - brainiak.fcma.voxelselector - INFO - in rank 1, task 443 takes 1.80 s
2023-03-29 20:34:56,413 - brainiak.fcma.voxelselector - INFO - in rank 1, task 444 takes 1.81 s
2023-03-29 20:34:58,219 - brainiak.fcma.voxelselector - INFO - in rank 1, task 445 takes 1.80 s
2023-03-29 20:35:00,025 - brainiak.fcma.voxelselector - INFO - in rank 1, task 446 takes 1.81 s
2023-03-29 20:35:01,829 - brainiak.fcma.voxelselector - INFO - in rank 1, task 447 takes 1.80 s
2023-03-29 20:35:03,633 - brainiak.fcma.voxelselector - INFO - in rank 1, task 448 takes 1.80 s
2023-03-29 20:35:05,442 - brainiak.fcma.voxelselector - INFO - in rank 1, task 449 takes 1.81 s
2023-03-29 20:35:07,249 - brainiak.fcma.voxelselector - INFO - in rank 1, task 450 takes 1.81 s
2023-03-29 20:35:09,055 - brainiak.fcma.voxelselector - INFO - in rank 1, task 451 takes 1.81 s
2023-03-29 20:35:10,861 - brainiak.fcma.voxelselector - INFO - in rank 1, task 452 takes 1.81 s
2023-03-29 20:35:12,668 - brainiak.fcma.voxelselector - INFO - in rank 1, task 453 takes 1.81 s
2023-03-29 20:35:14,489 - brainiak.fcma.voxelselector - INFO - in rank 1, task 454 takes 1.82 s
2023-03-29 20:35:16,295 - brainiak.fcma.voxelselector - INFO - in rank 1, task 455 takes 1.80 s
2023-03-29 20:35:18,098 - brainiak.fcma.voxelselector - INFO - in rank 1, task 456 takes 1.80 s
2023-03-29 20:35:19,907 - brainiak.fcma.voxelselector - INFO - in rank 1, task 457 takes 1.81 s
2023-03-29 20:35:21,715 - brainiak.fcma.voxelselector - INFO - in rank 1, task 458 takes 1.81 s
2023-03-29 20:35:23,521 - brainiak.fcma.voxelselector - INFO - in rank 1, task 459 takes 1.81 s
2023-03-29 20:35:25,330 - brainiak.fcma.voxelselector - INFO - in rank 1, task 460 takes 1.81 s
2023-03-29 20:35:27,135 - brainiak.fcma.voxelselector - INFO - in rank 1, task 461 takes 1.80 s
2023-03-29 20:35:28,940 - brainiak.fcma.voxelselector - INFO - in rank 1, task 462 takes 1.80 s
2023-03-29 20:35:30,747 - brainiak.fcma.voxelselector - INFO - in rank 1, task 463 takes 1.81 s
2023-03-29 20:35:32,551 - brainiak.fcma.voxelselector - INFO - in rank 1, task 464 takes 1.80 s
2023-03-29 20:35:34,355 - brainiak.fcma.voxelselector - INFO - in rank 1, task 465 takes 1.80 s
2023-03-29 20:35:36,160 - brainiak.fcma.voxelselector - INFO - in rank 1, task 466 takes 1.80 s
2023-03-29 20:35:37,962 - brainiak.fcma.voxelselector - INFO - in rank 1, task 467 takes 1.80 s
2023-03-29 20:35:39,758 - brainiak.fcma.voxelselector - INFO - in rank 1, task 468 takes 1.79 s
2023-03-29 20:35:41,550 - brainiak.fcma.voxelselector - INFO - in rank 1, task 469 takes 1.79 s
2023-03-29 20:35:43,343 - brainiak.fcma.voxelselector - INFO - in rank 1, task 470 takes 1.79 s
2023-03-29 20:35:45,140 - brainiak.fcma.voxelselector - INFO - in rank 1, task 471 takes 1.80 s
2023-03-29 20:35:46,936 - brainiak.fcma.voxelselector - INFO - in rank 1, task 472 takes 1.79 s
2023-03-29 20:35:48,733 - brainiak.fcma.voxelselector - INFO - in rank 1, task 473 takes 1.80 s
2023-03-29 20:35:50,529 - brainiak.fcma.voxelselector - INFO - in rank 1, task 474 takes 1.80 s
2023-03-29 20:35:52,325 - brainiak.fcma.voxelselector - INFO - in rank 1, task 475 takes 1.80 s
2023-03-29 20:35:54,120 - brainiak.fcma.voxelselector - INFO - in rank 1, task 476 takes 1.79 s
2023-03-29 20:35:55,916 - brainiak.fcma.voxelselector - INFO - in rank 1, task 477 takes 1.79 s
2023-03-29 20:35:57,711 - brainiak.fcma.voxelselector - INFO - in rank 1, task 478 takes 1.79 s
2023-03-29 20:35:59,506 - brainiak.fcma.voxelselector - INFO - in rank 1, task 479 takes 1.79 s
2023-03-29 20:36:01,300 - brainiak.fcma.voxelselector - INFO - in rank 1, task 480 takes 1.79 s
2023-03-29 20:36:03,094 - brainiak.fcma.voxelselector - INFO - in rank 1, task 481 takes 1.79 s
2023-03-29 20:36:04,888 - brainiak.fcma.voxelselector - INFO - in rank 1, task 482 takes 1.79 s
2023-03-29 20:36:06,682 - brainiak.fcma.voxelselector - INFO - in rank 1, task 483 takes 1.79 s
2023-03-29 20:36:08,476 - brainiak.fcma.voxelselector - INFO - in rank 1, task 484 takes 1.79 s
2023-03-29 20:36:10,272 - brainiak.fcma.voxelselector - INFO - in rank 1, task 485 takes 1.79 s
2023-03-29 20:36:12,079 - brainiak.fcma.voxelselector - INFO - in rank 1, task 486 takes 1.81 s
2023-03-29 20:36:13,899 - brainiak.fcma.voxelselector - INFO - in rank 1, task 487 takes 1.82 s
2023-03-29 20:36:15,718 - brainiak.fcma.voxelselector - INFO - in rank 1, task 488 takes 1.82 s
2023-03-29 20:36:17,522 - brainiak.fcma.voxelselector - INFO - in rank 1, task 489 takes 1.80 s
2023-03-29 20:36:19,316 - brainiak.fcma.voxelselector - INFO - in rank 1, task 490 takes 1.79 s
2023-03-29 20:36:21,111 - brainiak.fcma.voxelselector - INFO - in rank 1, task 491 takes 1.79 s
2023-03-29 20:36:22,907 - brainiak.fcma.voxelselector - INFO - in rank 1, task 492 takes 1.80 s
2023-03-29 20:36:24,704 - brainiak.fcma.voxelselector - INFO - in rank 1, task 493 takes 1.80 s
2023-03-29 20:36:26,509 - brainiak.fcma.voxelselector - INFO - in rank 1, task 494 takes 1.80 s
2023-03-29 20:36:28,315 - brainiak.fcma.voxelselector - INFO - in rank 1, task 495 takes 1.80 s
2023-03-29 20:36:30,115 - brainiak.fcma.voxelselector - INFO - in rank 1, task 496 takes 1.80 s
2023-03-29 20:36:31,914 - brainiak.fcma.voxelselector - INFO - in rank 1, task 497 takes 1.80 s
2023-03-29 20:36:33,715 - brainiak.fcma.voxelselector - INFO - in rank 1, task 498 takes 1.80 s
2023-03-29 20:36:35,517 - brainiak.fcma.voxelselector - INFO - in rank 1, task 499 takes 1.80 s
2023-03-29 20:36:37,376 - brainiak.fcma.voxelselector - INFO - in rank 1, task 500 takes 1.80 s
2023-03-29 20:36:39,177 - brainiak.fcma.voxelselector - INFO - in rank 1, task 501 takes 1.80 s
2023-03-29 20:36:40,980 - brainiak.fcma.voxelselector - INFO - in rank 1, task 502 takes 1.80 s
2023-03-29 20:36:42,781 - brainiak.fcma.voxelselector - INFO - in rank 1, task 503 takes 1.80 s
2023-03-29 20:36:44,583 - brainiak.fcma.voxelselector - INFO - in rank 1, task 504 takes 1.80 s
2023-03-29 20:36:46,389 - brainiak.fcma.voxelselector - INFO - in rank 1, task 505 takes 1.80 s
2023-03-29 20:36:48,193 - brainiak.fcma.voxelselector - INFO - in rank 1, task 506 takes 1.80 s
2023-03-29 20:36:49,997 - brainiak.fcma.voxelselector - INFO - in rank 1, task 507 takes 1.80 s
2023-03-29 20:36:51,804 - brainiak.fcma.voxelselector - INFO - in rank 1, task 508 takes 1.81 s
2023-03-29 20:36:53,607 - brainiak.fcma.voxelselector - INFO - in rank 1, task 509 takes 1.80 s
2023-03-29 20:36:55,418 - brainiak.fcma.voxelselector - INFO - in rank 1, task 510 takes 1.81 s
2023-03-29 20:36:57,223 - brainiak.fcma.voxelselector - INFO - in rank 1, task 511 takes 1.80 s
2023-03-29 20:36:59,028 - brainiak.fcma.voxelselector - INFO - in rank 1, task 512 takes 1.80 s
2023-03-29 20:37:00,828 - brainiak.fcma.voxelselector - INFO - in rank 1, task 513 takes 1.80 s
2023-03-29 20:37:02,635 - brainiak.fcma.voxelselector - INFO - in rank 1, task 514 takes 1.81 s
2023-03-29 20:37:04,438 - brainiak.fcma.voxelselector - INFO - in rank 1, task 515 takes 1.80 s
2023-03-29 20:37:06,241 - brainiak.fcma.voxelselector - INFO - in rank 1, task 516 takes 1.80 s
2023-03-29 20:37:08,045 - brainiak.fcma.voxelselector - INFO - in rank 1, task 517 takes 1.80 s
2023-03-29 20:37:09,848 - brainiak.fcma.voxelselector - INFO - in rank 1, task 518 takes 1.80 s
2023-03-29 20:37:11,653 - brainiak.fcma.voxelselector - INFO - in rank 1, task 519 takes 1.80 s
2023-03-29 20:37:13,457 - brainiak.fcma.voxelselector - INFO - in rank 1, task 520 takes 1.80 s
2023-03-29 20:37:15,260 - brainiak.fcma.voxelselector - INFO - in rank 1, task 521 takes 1.80 s
2023-03-29 20:37:17,062 - brainiak.fcma.voxelselector - INFO - in rank 1, task 522 takes 1.80 s
2023-03-29 20:37:18,863 - brainiak.fcma.voxelselector - INFO - in rank 1, task 523 takes 1.80 s
2023-03-29 20:37:20,683 - brainiak.fcma.voxelselector - INFO - in rank 1, task 524 takes 1.82 s
2023-03-29 20:37:22,488 - brainiak.fcma.voxelselector - INFO - in rank 1, task 525 takes 1.80 s
2023-03-29 20:37:24,297 - brainiak.fcma.voxelselector - INFO - in rank 1, task 526 takes 1.81 s
2023-03-29 20:37:26,144 - brainiak.fcma.voxelselector - INFO - in rank 1, task 527 takes 1.85 s
2023-03-29 20:37:27,947 - brainiak.fcma.voxelselector - INFO - in rank 1, task 528 takes 1.80 s
2023-03-29 20:37:29,751 - brainiak.fcma.voxelselector - INFO - in rank 1, task 529 takes 1.80 s
2023-03-29 20:37:31,553 - brainiak.fcma.voxelselector - INFO - in rank 1, task 530 takes 1.80 s
2023-03-29 20:37:33,356 - brainiak.fcma.voxelselector - INFO - in rank 1, task 531 takes 1.80 s
2023-03-29 20:37:35,160 - brainiak.fcma.voxelselector - INFO - in rank 1, task 532 takes 1.80 s
2023-03-29 20:37:36,963 - brainiak.fcma.voxelselector - INFO - in rank 1, task 533 takes 1.80 s
2023-03-29 20:37:38,768 - brainiak.fcma.voxelselector - INFO - in rank 1, task 534 takes 1.80 s
2023-03-29 20:37:40,585 - brainiak.fcma.voxelselector - INFO - in rank 1, task 535 takes 1.82 s
2023-03-29 20:37:42,390 - brainiak.fcma.voxelselector - INFO - in rank 1, task 536 takes 1.80 s
2023-03-29 20:37:44,195 - brainiak.fcma.voxelselector - INFO - in rank 1, task 537 takes 1.80 s
2023-03-29 20:37:45,300 - brainiak.fcma.voxelselector - INFO - in rank 1, task 538 takes 1.10 s
2023-03-29 20:37:45,317 - __main__ - INFO - Correlation-based voxel selection is done
pixdim[0] (qfac) should be 1 (default) or -1; setting qfac to 1
2023-03-29 20:37:45,319 - nibabel.global - INFO - pixdim[0] (qfac) should be 1 (default) or -1; setting qfac to 1
